    Explicit cert: %ws
 [%hs:%lu]
 A^_^
 A_A^_
 A_A^A\
 A_A^A\_^
 A_A^A]A\_
 Accepting test ECC cert
 Accepting test RSA cert
 H3E H3E
 Infrastructure RSA signed: %ws (id=%d), ECC signed: %ws (id=%d), ECC required: %ws
 Microsoft Corporation. All rights reserved.
 Microsoft signed: %ws
 Microsoft Test signed: %ws
 Operating System
 Using Test Override: %ws
 Windows
!t$xE3
!This program cannot be run in DOS mode.
!X !X
!x(!x
####-##-##T##:##:##S
##:##
#yEu(
%08X-%04X-%04X-%02X%02X-%02X%02X%02X%02X%02X%02X
%08X-%04X-%04X-%02X%02X-%02X%02X%02X%02X%02X%02X.%lu
%hs!%p: 
%hs(%d) tid(%x) %08X %ws
%hs(%u)\%hs!%p: 
%hu.%hu.%hu.%hu
%ws (Access: %lu, Share: %lu)
%ws has %d secondary signatures.
%ws is signed by an explicitly trusted certificate.
(_^][
(caller: %p) 
)D$@H
)D$`H
)D$0H
)D$PH
)L$@H
*FAILED* [%08X] 
.?AVbad_alloc@std@@
.?AVbad_array_new_length@std@@
.?AVexception@std@@
.?AVResultException@wil@@
.?AVtype_info@@
.00cfg
.CRT$XCA
.CRT$XCU
.CRT$XCZ
.CRT$XIA
.CRT$XIC
.CRT$XIZ
.CRT$XPA
.CRT$XPZ
.CRT$XTA
.CRT$XTZ
.data
.data$brc
.data$r$brc
.didat$2
.didat$3
.didat$4
.didat$5
.didat$6
.didat$7
.edata
.gehcont
.gfids
.giats
.H9l$Xt
.idata$2
.idata$3
.idata$4
.idata$5
.idata$6
.pdata
.rdata
.rdata$brc
.rdata$r
.rdata$zETW0
.rdata$zETW1
.rdata$zETW2
.rdata$zETW9
.rdata$zzzdbg
.rsrc
.rsrc$01
.rsrc$02
.rtc$IAA
.rtc$IZZ
.rtc$TAA
.rtc$TZZ
.text
.text$di
.text$mn
.text$mn$00
.text$x
.text$yd
.u.f9X
.xdata
.xdata$x
:1k|4u(
;\$Ps%
;}TsYH
;fD9D$Pt3I
?u(fD9k
@.data
@.didat
@.reloc
@8{(t
@8|$Pt
@8t$Pt
@8y,H
@A^_]
@A^_^
@A^_^][
@A_A^_
@A_A^_^]
@A_A^A]A\_^]
@HPX`n
@SUVWATAUAVAWH
@SUVWATAVAWH
@SUVWAVAWH
@SUVWH
@SVWH
@USVWATAUAVAWH
@USVWATAVAWH
@USVWAVH
[ UVWH
[%hs(%hs)]
[%hs]
[d:%02X%02X%02X%02X]
\$ UH
\$ UVWATAUAVAWH
\$ UVWAVAWH
\$ VWAVH
\$ WH
\$(E3
\$XE3
\\?\Volume{
]HH!]
]X9}PvMA
__C_specific_handler
__CxxFrameHandler3
__CxxFrameHandler4
__std_terminate
_CxxThrowException
_initterm
_initterm_e
_o___std_exception_copy
_o___std_exception_destroy
_o___std_type_info_destroy_list
_o___stdio_common_vsnprintf_s
_o___stdio_common_vswprintf
_o__callnewh
_o__cexit
_o__configure_narrow_argv
_o__crt_atexit
_o__errno
_o__execute_onexit_table
_o__get_errno
_o__initialize_narrow_environment
_o__initialize_onexit_table
_o__invalid_parameter_noinfo
_o__purecall
_o__register_onexit_function
_o__seh_filter_dll
_o__set_errno
_o__wtoi64
_o__wtol
_o_free
_o_iswalpha
_o_iswspace
_o_malloc
_o_mbstowcs_s
_o_memcpy_s
_o_wcstoul
`.rdata
`A_A^A]A\_^]
{%08X-%04X-%04X-%02X%02X-%02X%02X%02X%02X%02X%02X}
|$ AVH
|$ H;
|$ UATAUAVAWH
|$ UH
|$(H;
|$@"u
|$@H;
|$@Hc
|$0A_A^
|$0H!\$(H
|$0H;
|$hE3
|$hH;
|$xH;
}0H+}(H
<F.uTA
<vZuN
=MSCF
0>MI)D
000004B0
0123456789abcdef
0A^^]
0A^_^
0A_A^_
0A_A^_^]
0A_A^A\
0A_A^A\_^
0A_A^A]A\]
0A_A^A]A\_
0A_A^A]A\_^]
1.3.6.1.4.1.311.72.1.1
1.3.6.1.4.1.311.76.6.1
10.0.19041.2193
10.0.19041.2193 (WinBuild.160101.0800)
797t3A
8.u$f9X
8.u;f9X
8\$PtFE
9|$hv/J
9D$`A
9D$8u
9t$`u
9u@v\H
A$H;D$8u
A,H;D$@u
A;GTs
A@D;@
A^_^[]
A^A\_^]
A_A^]
A_A^_
A_A^_^]
A_A^A\
A_A^A\_]
A_A^A\_^
A_A^A\_^[]
A_A^A]_]
A_A^A]_^[]
A_A^A]A\]
A_A^A]A\_
A_A^A]A\_^[]
A_A^A]A\_^]
A8_8t
A8x,u
ABCDEFGHIJKLMNOPQRSTUVWXYZabcdefghijklmnopqrstuvwxyz0123456789+/onecore\enduser\windowsupdate\client\engine\handler\osdeployment\downloader\osgdrprogress.cpp
AcquireSRWLockExclusive
AcquireSRWLockShared
AddFileToDownloadRequest failed for the file '%ws'
AddFileToDownloadRequest requires %d files, throttling to %d files
AddFullFileToDownloadRequestIfNotDownloaded failed for the metadata file '%ws'
AddFullFileToDownloadRequestIfNotDownloaded failed for the service stack file '%ws'
AdjustFileTime - SetFileTime
Agent
AllowSHA1ContentHash
AlternateServiceStackDLLPath
AlternateTestCabPath
api-ms-win-core-apiquery-l1-1-0.dll
api-ms-win-core-com-l1-1-0.dll
api-ms-win-core-debug-l1-1-0.dll
api-ms-win-core-delayload-l1-1-0.dll
api-ms-win-core-delayload-l1-1-1.dll
api-ms-win-core-errorhandling-l1-1-0.dll
api-ms-win-core-file-l1-1-0.dll
api-ms-win-core-file-l2-1-0.dll
api-ms-win-core-file-l2-1-2.dll
api-ms-win-core-handle-l1-1-0.dll
api-ms-win-core-heap-l1-1-0.dll
api-ms-win-core-heap-l2-1-0.dll
api-ms-win-core-interlocked-l1-1-0.dll
api-ms-win-core-kernel32-legacy-l1-1-0.dll
api-ms-win-core-libraryloader-l1-2-0.dll
api-ms-win-core-libraryloader-l1-2-1.dll
api-ms-win-core-localization-l1-2-0.dll
api-ms-win-core-localization-obsolete-l1-2-0.dll
api-ms-win-core-memory-l1-1-0.dll
api-ms-win-core-processenvironment-l1-1-0.dll
api-ms-win-core-processthreads-l1-1-0.dll
api-ms-win-core-processthreads-l1-1-1.dll
api-ms-win-core-profile-l1-1-0.dll
api-ms-win-core-registry-l1-1-0.dll
api-ms-win-core-rtlsupport-l1-1-0.dll
api-ms-win-core-shlwapi-legacy-l1-1-0.dll
api-ms-win-core-shlwapi-obsolete-l1-1-0.dll
api-ms-win-core-string-l1-1-0.dll
api-ms-win-core-string-l2-1-0.dll
api-ms-win-core-synch-l1-1-0.dll
api-ms-win-core-synch-l1-2-0.dll
api-ms-win-core-sysinfo-l1-1-0.dll
api-ms-win-core-sysinfo-l1-2-0.dll
api-ms-win-core-threadpool-l1-2-0.dll
api-ms-win-core-timezone-l1-1-0.dll
api-ms-win-core-util-l1-1-0.dll
api-ms-win-core-version-l1-1-0.dll
api-ms-win-core-winrt-error-l1-1-0.dll
api-ms-win-core-winrt-l1-1-0.dll
api-ms-win-core-winrt-string-l1-1-0.dll
api-ms-win-crt-private-l1-1-0.dll
api-ms-win-crt-runtime-l1-1-0.dll
api-ms-win-crt-string-l1-1-0.dll
api-ms-win-eventing-provider-l1-1-0.dll
api-ms-win-security-base-l1-1-0.dll
api-ms-win-security-cryptoapi-l1-1-0.dll
api-ms-win-security-sddl-l1-1-0.dll
api-ms-win-shell-shdirectory-l1-1-0.dll
ApiSetQueryApiSetPresence
AppAU
AppID
Applicability
ARtlRegisterFeatureConfigurationChangeNotification
ATAVAWH
AtLeastOne
Attribute [%ws] value = %lld
autest.cab
autest.txt
Auto Update
Auto Update\CommitRequired
Auto Update\LastOnlineScanTimeForAppCategory
Auto Update\PostRebootReporting
Auto Update\Power
Auto Update\RebootRequired
Auto Update\RebootRequired\Mandatory
Auto Update\RequestedAppCategories
Auto Update\Results
bad allocation
bad array new length
Base64Encode failed.
BreakOnHandlerInstallCall
C @8}Wu
C$H!C8H!C@H!CHH
C9fD9?u-
CA_CAB1_ECC_SHA2
CA_CAB1_SHA2
CA_CAB2_ECC_SHA2
CA_CAB2_SHA2
CA_CAB3_ECC_SHA2
CA_CAB3_SHA2
CA_SSL1_ECC_SHA2
CA_SSL1_SHA2
CA_SSL2_ECC_SHA2
CA_SSL2_SHA2
CabDecompressorFileRead - ReadFile
CabDecompressorFileSeek - SetFilePointer
CabDecompressorFileWrite - WriteFile
Cabinet.dll
callContext
CallContext:[%hs] 
Calling Cancel
Calling Pause
Calling Pause FAILED
Calling Resume
Calling Resume FAILED
Calling Revert
Calling Suspend
Cancelling the IDeploymentSession object
CCabDecompressor::CabDecompressorFileOpen
CCabDecompressor::CabDecompressorFileOpenHelper
CCabDecompressor::DecompressInternal
CDeploymentSessionWrapper Initialize failed with an expected error.  Ignoring.
Cert chain length check failed, length=%d
CertCloseStore
CertControlStore
CertFindCertificateInStore
CertFreeCertificateContext
CertGetCertificateContextProperty
CertGetCertificateContextProperty() with CERT_SHA1_HASH_PROP_ID has size(%d) different than c_hashValSize(%d)
CertGetEnhancedKeyUsage
CertOpenStore
CertVerifyCertificateChainPolicy
CertVerifyCertificateChainPolicy failed, Flags = %#X.
CharNextW
CleanupDownloadCache - cleanup UUP update %ws with the session data %ws in the sandbox %ws.
CleanupDownloadCache: CDeploymentSessionWrapper Initialize failed.
CloseHandle
CloseThreadpoolTimer
CoCreateGuid
CoCreateInstance
CoDisconnectContext
CoDisconnectObject
ComApi
Commit
Commit complete for update ID: %ws.%d Return code is 0x%08lX
Commit is not required for this handler.
CompanyName
CompareStringA
CompareStringW
Continuing the merge operation
ConvertStringSecurityDescriptorToSecurityDescriptorW
CopyFileW
CoRegisterClassObject
CoRevokeClassObject
CoTaskMemAlloc
CoTaskMemFree
CoTaskMemRealloc
CreateDeploymentSession
CreateDeploymentSessionEx
CreateDirectory() failed to create %ws
CreateDirectoryW
CreateFile %ws (Access = %lu, Share = %lu)(retry %u ...)
CreateFile %ws failed
CreateFile(%ws)
CreateFileMappingW
CreateFileW
CreateMergedSandboxDir
CreateMutexExW
CreateMutexW
CreateSemaphoreExW
CreateThread
CreateThreadpoolTimer
CRYPT32.dll
CryptAcquireContextW
CryptCreateHash
CryptDestroyHash
CryptGetHashParam
CryptHashData
CryptHashPublicKeyInfo
CryptReleaseContext
CryptUnprotectData
currentContextId
currentContextMessage
currentContextName
D!|$TI
D!e_H
D!t$$H
D$ E3
d$ E3
D$ E3
D$ fD
D$(E3
D$(H!|$ D
D$(H!L$ 
D$(H!T$ 
D$(L!d$ 
D$@;wTr
D$@E3
D$@fD
D$`;E
D$0E3
D$0L;
D$8E3
D$hE3
D$HE3
D$HH!\$HH
D$hH;
D$HI;
D$HL+
D$p;q
D$PE3
D$pE3
D$PE3
D$pE3
D$pE8e
D$Pf;
D$Pf9(t
D$pfE9
D$PH;
D$PI;F
D$T9p
D$XE3
D$xH;
D$XH;
D;|$\
D;l$hr
D;t$`
D8A!u
D8a,t
D9.v=
D9/vGA
D9e_t
D9I4t"A
D9l$\v
D9l$Pw
DataStore
dD9}8
DebugBreak
DecodePointer
DecompressCabFileInternal
DelayLoadFailureHook
DeleteCriticalSection
Deployment handler does not support uninstall
Determine the servicing stack cab file and/or metadata files
DetermineSubCAIdentity
Digital Signatures on file %ls are not trusted
DisableThreadLibraryCalls
DisableWindowsUpdateOnlineRevocation
DllCanUnloadNow
DllGetClassObject
DllMain
does not
DosDateTimeToFileTime
Download
Download\NoRangeRequests
Downloaded = %I64u; TotalRequestBytes = %I64u; RequestedBasedOnPercentage = %I64u; TotalPayloadBytes = %I64u
DownloadManager
Driver
E8<0u
ECDSA/
EEHandler
EhH9F
EKU not found for leaf cert
EKU not found for SubCA
EncodePointer
EndPointProvider
Enter deployment handler Commit. Count of updates = %lu
Enter Deployment handler install. Count of updates = %lu
Enter deployment handler NotifyResult
Enter Deployment handler Revert. Count of updates = %lu
Enter GetPostRebootResult for Deployment handler. Reporting cookie data:  %ws
EnterCriticalSection
Error deleting merged update folder %ws
Error: searching publisher store
Error: verifying trust for %ws
EvaluateFileInSandbox failed for the file '%ws'
EventRegister
EventSetInformation
EventUnregister
EventWriteTransfer
Exception
Exiting IsCertInStore() for %ws with return code
Exiting VerifyKnownCerts() with return code
ExpandEnvironmentStringsW
ext-ms-win-deployment-productenumerator-l1-1-0
ext-ms-win-deployment-productenumerator-l1-1-0.dll
ext-ms-win-session-usertoken-l1-1-0
ExtractReportingCookieData failed
f;D$ t
f;D$ u
F0D8#ubD8c
f9<Au
f9<Bu
f9<FtE
f90teH
fA9,@u
fA9<@u
fA90t
fA98u
Failed to %ws file from %ws to %ws
Failed to cancel the IDeploymentSession object
Failed to copy securitydata with error %d
Failed to delete file %ls
Failed to determine the servicing stack cab file and/or metadata files
Failed to find the service stack cab file '%ws'
Failed to find the service stack dll file '%ws'
Failed to get Attribute [%ws] value
Failed to get the product version for product: %ws
Failed to install the update
Failed to load the service stack dll file '%ws'
Failed to release sandbox access mutex %ws
Failed to report progress to agent
Failed to retrieve product info
Failed to Setup JIT COM Server
Failed to unprotect decryption information
Failed to validate file %ws
FailFast
failureCount
failureId
failureType
FallbackError
FALSE
fD9 t
fD9#uYD
fD9$Au
fD9,Au
fD9,Fu
fD9,xu
fD9,Zu
fD9:t
fD9\z
fD9|^
fD9+u6fD9k
fD9<Gu
fD9<Ou
fD90t
fD90t,
fE9,Fu
fE9/t
fE98u%H
fE99u
fF9$Bu
fG9$wu
File '%ws' failed validation
File %ws failed validation.
file = %ws, line = %d
FileDescription
fileName
FileVersion
FindClose
FindFirstFileW
FindNextFileW
FindResourceW
FlightId
FormatMessageW
Found hash matching #%d of %d passed-in certs!
Found more than one service stack file (%ws and %ws) attached to the update. cFiles=%lu.
Found reparse point at: %ws
FreeLibrary
Fs7rJ
function
G ;nTs1H
GenuD
GetCurrentProcess
GetCurrentProcessId
GetCurrentThreadId
GetDriveTypeW
GetExitCodeThread
GetFileAttributesW
GetFileInformationByHandle
GetFileSizeEx
GetFileType
GetFileVersionInfoExW
GetFileVersionInfoSizeExW
GetFinalPathNameByHandleW
GetLastError
GetModuleFileNameA
GetModuleHandleExW
GetModuleHandleW
GetNativeSystemInfo
GetPostRebootResult call failed. Status code is 0x%08lX
GetPostRebootResultFromUpdateAgent failed
GetProcAddress
GetProcessHeap
GetProvSignerFromStateData
GetSusBaseDirectory call failed. File path cannot be verified for redirection.
GetSystemDirectoryW
GetSystemTimeAsFileTime
GetSystemWindowsDirectoryW
GetVolumePathNameW
GhH;D$0r
Global
GxE8(
H I9x
h UAVAWH
h VWAVH
H WATAUAVAWH
H WAVAWH
H!\$ 
H!\$ 3
H!\$ A
H!\$0H!\$8D
H!\$p!\$@H
H!\$pH
H!\$PH
H!_(H!_0H!_8H!_@3
H!|$ E3
H;D$ u-H
H;D$(u"D9Y u
H+D$0H
H9\$pu
H9D$(u
H9D$pt
HA_A^_^][
HA_A^A]A\_^[]
hA_A^A]A\_^[]
hA_A^A]A\_^][
Handler
HandlerSpecificData
Hash check on file %ws failed; dual hash is from the same algorithm %ws.
Hash check on file %ws using algorithm %ws failed; hash values did not match. Expected: %ws, Actual: %ws
Hash of public key doesn't match the known values, but failed to get the hash as hex string.
Hash of public key doesn't match the known values, cbKeyId=%d, rgbKeyId=%ws.
HashFileData
HashFileData validate file %ws
HcD$ H
HcD$0H
HeapAlloc
HeapFree
HeapReAlloc
hresult
I;4$A
I9}`t
I9<$u
IdleTimer
Ignoring: Cert is not within its validity period when verifying against the current system clock
Inconsistent hash algorithm. Leaf:%ws, SubCA:%ws
InitializeCriticalSection
InitializeCriticalSectionEx
InitializeSListHead
InitialModule
InitOnceBeginInitialize
InitOnceComplete
InitOnceExecuteOnce
Input path: %ws, is not under the secure SusBaseDirectory path for this system. Performing redirection checks.
Install
Install complete for update ID: %ws.%d Return code is 0x%08lX. Requires Reboot:%ws
Install failed for update ID: %ws.%d Error Info type is %lu
InternalName
Invalid file version format in given string <%ws>
Invalid update operation
Inventory
IsCategory
IsDebuggerPresent
IsProcessorFeaturePresent
JTk_S/
K SVWH
kernelbase.dll
KfD9h
L!t$p
L!t$xH
L$ SH
L$ SUVWH
L$ SVWH
L$ USVWATAUAVAWH
L$ UVWATAUAVAWH
l$ VWAVH
L$@I+
l$\fD
L$`E3
L$`H3
L$0E3
L$0H3
L$8E3
L$8H3
L$hE3
L$HE3
L$HH3
L$hH3
L$HH3
l$HL9j@u
L$PD9
L$PH3
L$XL+
L9{@u
L9{0t#H
L9a w
L9O@t
L9pHu
Lct$$H
Leave deployment handler Commit
Leave deployment handler Install
Leave deployment handler NotifyResult
Leave deployment handler Revert
Leave GetPostRebootResult for Deployment handler
LeaveCriticalSection
LegalCopyright
lineNumber
LoadLibraryExW
LoadResource
Local\SM0:%d:%d:%hs
LocalFileTimeToFileTime
LocalFree
LogHr
M H1E
M9eHt
MakeAbsoluteSD
MapViewOfFile
MapViewOfFileEx
Matching (compare) product version [%ws] with current OS version [%ws], match = %ws
memcmp
memcpy
memmove
memmove_s
memset
Merge failed for update ID: %ws.%d
Merge updates complete
merged
MergedUpdates
message
Metadata
metadata file %ws failed validation
Method failed
Microsoft
Microsoft Corporation
minATL$__a
minATL$__f
minATL$__m
minATL$__z
Missing required node %ls
module
MoveDownloadRequest : request has %d files, is %ws Language specific
MoveFileExW
Msg:[%ws] 
MultiByteToWideChar
NewParser
No service stack file attached to the update. Using the inbox one.
No updates were merged
not merged
Notify failed
ntdll.dll
ntelA
NtQueryWnfStateData
NtUpdateWnfStateData
nUHW$
O:BAG:BAD:(A;;0x1013ffff;;;SY)(A;;0x1013ffff;;;BA)
o\$PH
oD$ f
OfflineSync
oL$0f
OLEAUT32.dll
onecore\enduser\windowsupdate\client\engine\handler\osdeployment\deploymentinformation\osdeploymentattributes.cpp
onecore\enduser\windowsupdate\client\engine\handler\osdeployment\deploymentinformation\osdeploymentinformation.cpp
onecore\enduser\windowsupdate\client\engine\handler\osdeployment\deploymentinformation\osdeploymentinformationfactory.cpp
onecore\enduser\windowsupdate\client\engine\handler\osdeployment\dll\wuuhosdeployment.cpp
onecore\enduser\windowsupdate\client\engine\handler\osdeployment\downloader\osasyncdownloader.cpp
onecore\enduser\windowsupdate\client\engine\handler\osdeployment\downloader\osdownloader.cpp
onecore\enduser\windowsupdate\client\engine\handler\osdeployment\handler\uhosdeployment.cpp
onecore\enduser\windowsupdate\client\engine\handler\osdeployment\helper\osdeploymenthelper.cpp
onecore\enduser\windowsupdate\client\engine\handler\osdeployment\installer\osinstalldeploymentprogress.cpp
onecore\enduser\windowsupdate\client\engine\handler\osdeployment\installer\osinstaller.cpp
onecore\enduser\windowsupdate\client\engine\handler\shared\uhhandlerinfobase.cpp
onecore\internal\sdk\inc\wil\opensource\wil\resource.h
onecore\internal\sdk\inc\wil\Staging.h
OpenSemaphoreW
OptionalSessionFlags for Commit to be passed to Update Agent = %lu
OptionalSessionFlags for Install to be passed to Update Agent = %lu
OriginalFilename
originatingContextId
originatingContextMessage
originatingContextName
OS Deployment update progress: cbServiceStackAndMetadataBytes = %I64u; cbLastRequestBytes = %I64u; cbTotalRequestBytes = %I64u; cbTotalPayloadBytes = %I64u; dwPercentage = %d; fServiceStackAndMetadataFilesDownloaded = %ws.
OSInstallData
oT$@f
OutputDebugStringW
p AWH
p WATAUAVAWH
p WAVAWH
PA_A^_^]
pA_A^_^]
pA_A^A\_^][
pA_A^A]A\_^]
PA_A^A]A\_^]
ParseHandlerXml
PartA_PrivTags
PathIsRelativeW
PathIsRootW
PathIsUNCW
PathStripToRootW
Pause API not available
PA'zU
PE;4$
PE_CreateProductEnumerator
Performing certificate check on file %ws.
Performing hash check on file %ws using algorithm %ws, additional algorithm %ws.
PID:%lu - waiting %lu seconds for debugger to attach...
Preparing to %ws update ID: %ws.%d
Preparing to commit update ID: %ws.%d
Preparing to install update ID: %ws.%d Update was %ws
Preparing to revert update ID: %ws.%d
ProductBuildMajorVer
ProductBuildMinorVer
ProductMajorVer
ProductMinorVer
ProductName
ProductVersion
profapi.dll
ProtocolTalker
Q8E9B
Query IDeploymentSession2
QueryPerformanceCounter
RaiseException
RaiseFailFastException
ReadFile
ReadFile %ws
RegCloseKey
RegCreateKeyExW
RegDeleteKeyExW
RegEnumValueW
Registering OSDeploymentInformationFactory COM server as CLSID %ws and APPID %ws
RegOpenKeyExW
RegQueryInfoKeyW
RegQueryValueExW
RegSetValueExW
ReleaseMutex
ReleaseSemaphore
ReleaseSRWLockExclusive
ReleaseSRWLockShared
RemoveDirectory() failed to remove %ws
RemoveDirectoryW
ReofferUpdate
Reporter
Reporting
Reporting cookie product version and current installed product version match. We have successfully updated
Reporting\DontExpirePolledEvents
ResolveDelayLoadedAPI
Resume API not available
ReturnHr
Revert
Revert complete for update ID: %ws.%d Return code is 0x%08lX. Requires Reboot:%ws
RevisionNumber
RichB
rMfD9?w
RoActivateInstance
RoGetActivationFactory
RoOriginateError
RootDirectory
RPCRT4.dll
RpcStringFreeA
RpcStringFreeW
RSA/1024;ECDSA/256
RSA/SHA1;RSA/SHA256;RSA/SHA384;RSA/SHA512;ECDSA/SHA256;ECDSA/SHA384;ECDSA/SHA512
RtlCaptureContext
RtlDisownModuleHeapAllocation
RtlDllShutdownInProgress
RtlLookupFunctionEntry
RtlNotifyFeatureUsage
RtlNtStatusToDosErrorNoTeb
RtlSubscribeWnfStateChangeNotification
RtlUnregisterFeatureConfigurationChangeNotification
RtlUnsubscribeWnfNotificationWaitForCompletion
RtlVirtualUnwind
s WAVAWH
s\SoftwareDistribution
SafeCreateFile
Sandbox folder %ws does not exist
Sandbox folder %ws exists
SandboxPath
ServerId
Services
Services\Pending\
Servicing stack cab validation failed
ServicingStackDownloaded
SessionData
SetFileAttributesW
SetFileInformationByHandle
SetFilePointer
SetFileTime
SetLastError
SetThreadpoolTimer
SetUnhandledExceptionFilter
Setup
SHA256
Shared
SIHTraceLogging
SkipDownloadTrustVerification
Skipping installing update ID: %ws as the dependent merged update failed to install
Skipping merging UUP on Prem language specific update ID: %ws
Skipping UUP on Prem language specific update ID: %ws
Sleep
SLS\Programs
Software\Classes\AppID
Software\Classes\CLSID
Software\Microsoft\Windows\CurrentVersion\WindowsUpdate\Test
SOFTWARE\Microsoft\Windows\CurrentVersion\WindowsUpdate\Test\Security\HashSubstitution
Software\Microsoft\Windows\CurrentVersion\WindowsUpdate\Test\SubCAOverrides
SOFTWARE\Microsoft\WindowsUpdate\EditionSettings
SOFTWARE\Policies\Microsoft\Windows\WindowsUpdate
SoftwareUpdateClientTelemetry
StickyUpdates
StoreAppProperties
StrChrW
StringFileInfo
StringFromGUID2
StrRChrW
Successfully registered OSDeploymentInformationFactory COM server
SusCreateFileAndDirectories for %ws
SusCreateFileRetryIfSharingViolation
SusMoveOrCopyDirectoryContentsHelper
SusMoveOrCopyDirectoryContentsHelperRecursive
Suspend API not available, calling Cancel
SUVWATAUAVAWH
SUVWAVH
SystemTimeToFileTime
t"D8=G
t$ E3
t$ UWAUAVAWH
t$ UWAVH
t$ UWAWH
t$ WATAUAVAWH
t$ WH
T$$D!t$ H
T$@H!t$@H
T$`E3
t$`H;
T$0E3
T$0H!t$0H
T$8H!\$8
t$PD95
t$PE3
T$PE3
T$PL;
T$XE3
t:fA9(t4H
t]f9T$\
t4E88t/H
tBD;=
td@8=
tD9)u
tED9{
TerminateProcess
Test certificate found in registry.
Test keys enabled for substitution of file '%ws' in place of file '%ws' for the computation of the file hash
TestCert
tffD9
The file "%ws" (SHA2 hash: %ws) is not found in the update's metadata.
The file %ws has unsupported file patch type %lu. cFiles=%lu.
The file (%ws) did not pass the hash validation.
The file (%ws) failed on the trust validation
The file (%ws) failed to do the hash validation
threadId
Timer
tK@85
tOD8e8t
Trace
Translation
Trusted Publisher: %ws
TrustedPublisher
tZ;~T
u&f9l$@t2H
u*A8W t
u`;}Pr
u4D9c
u8A9v
UATAUAVAWH
UAVAWH
ubD9c
UGH!]GH!
UH: Unable to find requested file list item %ws
u-H9uPt'H
UhH!]h
Unexpected path detected! Input path: %ws ; Final resolved path: %ws
UnhandledExceptionFilter
Unknown
Unknown exception
UnmapViewOfFile
Update agent does not support autocommit query capability
Update is not committed yet
Update status code is 0x%08lX
Update with ID: %ws.%d %ws require explicit commit call
Updateagent is in use. Will try again later
UpdateAgentName
UpdateID
UpdateId
UpdateIdentity
UpdatePolicy\PolicyState
UpdateStackCabFileName
Using product info to determine if the update was successfully installed
Using test service stack dll file '%ws' 
Using the inbox service stack dll file '%ws' 
Using the update's service stack dll file '%ws' 
USVWATAUAVAWH
USVWAUAVAWH
UuidCreate
UuidFromStringW
UuidToStringA
UuidToStringW
UUP GDR: Completed
UUP GDR: Event Fired: Error %lu
UUP GDR: Event Fired: TimeOut
UUP GDR: Fail to create the thread.
UUP handler decided to use the volume %ws for the update %ws.
UVAVH
UVWATAUAVAWH
UVWATAVH
UVWAVAWH
UWATAVAWH
UWAUAVAWH
UWAVH
uzH9A
Validating signature for %ws with dwProvFlags 0x%08x:
Validation failed for metadata file %ws
VarFileInfo
VerifyFileTrust on file %ws
VerQueryValueW
Version
Volume{
VS_VERSION_INFO
VUUUE3
VUUUL
VUUUUUUUH
VWATAVAWH
VWAVH
WaitForSingleObject
WaitForSingleObjectEx
WaitForThreadpoolTimerCallbacks
WATAUAVAWH
WAVAWH
wcsstr
WebServices
WideCharToMultiByte
WilError_03
WillUpdateAutoCommit
wilResult
WilStaging_02
Windows Update OS Deployment Handler
Windows Update Test Key Authorization File
Windows.Data.Json.JsonObject
Windows.Data.Json.JsonValue
WindowsCreateStringReference
WindowsDeleteString
WindowsGetStringRawBuffer
WINTRUST.dll
WinVerifyTrust
Write decompressed file to buffer
WriteFile
WTHelperGetProvCertFromChain
WTHelperGetProvSignerFromChain
WTHelperProvDataFromStateData
WUCreateExpressionEvaluator
WUCreateUpdateHandler
WUTraceLogging
wuuhosdeployment.dll
wuuhosdeployment.pdb
wuuhosdeplyment.dll
WVT was not able to determine online revocation.  Continuing ...
x ATAVAWH
x AVAWM
x AVH
x UATAUAVAWH
x@D8}
xA_A^A]A\_^[]
XA_A^A]A\_^][
xHD9D$@|A;D$@
xL9b u
xt9l$htHH
y0H!X
