        <Interval>PT12H</Interval>
        <StopAtDurationEnd>false</StopAtDurationEnd>
      </Repetition>
      <Arguments>%windir%\system32\PcaSvc.dll,PcaPatchSdbTask</Arguments>
      <Command>%windir%\system32\rundll32.exe</Command>
      <Enabled>true</Enabled>
      <RandomDelay>PT2H</RandomDelay>
      <Repetition>
      <RunLevel>LeastPrivilege</RunLevel>
      <StartBoundary>2008-09-01T03:00:00</StartBoundary>
      <StopOnIdleEnd>false</StopOnIdleEnd>
      <UserId>S-1-5-18</UserId>
    </Exec>
    </IdleSettings>
    </Principal>
    </TimeTrigger>
    <AllowHardTerminate>true</AllowHardTerminate>
    <AllowStartOnDemand>true</AllowStartOnDemand>
    <Author>Microsoft Corporation</Author>
    <Description>Updates compatibility database</Description>
    <DisallowStartIfOnBatteries>false</DisallowStartIfOnBatteries>
    <DisallowStartOnRemoteAppSession>false</DisallowStartOnRemoteAppSession>
    <Enabled>true</Enabled>
    <Exec>
    <ExecutionTimeLimit>P1D</ExecutionTimeLimit>
    <Hidden>false</Hidden>
    <IdleSettings>
    <MultipleInstancesPolicy>IgnoreNew</MultipleInstancesPolicy>
    <Principal id="LocalSystem">
    <Priority>7</Priority>
    <RunOnlyIfIdle>false</RunOnlyIfIdle>
    <RunOnlyIfNetworkAvailable>true</RunOnlyIfNetworkAvailable>
    <SecurityDescriptor>D:(A;;GA;;;BA)(A;;GA;;;SY)(A;;FRFX;;;LS)</SecurityDescriptor>
    <Source>Microsoft Corporation</Source>
    <StartWhenAvailable>true</StartWhenAvailable>
    <StopIfGoingOnBatteries>false</StopIfGoingOnBatteries>
    <TimeTrigger>
    <URI>\Microsoft\Windows\Application Experience\PCA Patch Db Task</URI>
    <UseUnifiedSchedulingEngine>true</UseUnifiedSchedulingEngine>
    <Version>1.0</Version>
    <WakeToRun>false</WakeToRun>
  </Actions>
  </Principals>
  </RegistrationInfo>
  </Settings>
  </Triggers>
  <Actions Context="LocalSystem">
  <Principals>
  <RegistrationInfo>
  <Settings>
  <Triggers>
 /a "
 /b 16
 /b 4
 /e "
 /p "
 /v "
 ;\$xr
 A^_^
 A^_^[]
 A^A\_
 A_A\_^]
 A_A^_
 A_A^_^]
 A_A^_H
 A_A^A\
 A_A^A\_^
 A_A^A\H
 A_A^A]
 A_A^A]_^][
 A_A^A]A\_
 A_A^A]A\_^]
 H3E H3E
 http://www.microsoft.com/windows0
 InventoryApplicationDriverAdd
 InventoryApplicationDriverRemove
 InventoryApplicationDriverStartSync
 Microsoft Corporation. All rights reserved.
 Operating System
 Windows
!#$~^@ 
!\$ I
!\$ L
!\$(H
!\$`I
!|$ L
!D$ L
!D$(H
!t$ 3
!t$ H
!t$(A
!t$\3
!t$4A
!This program cannot be run in DOS mode.
"Microsoft Window
$&}1^:~
$`2X`F
$Microsoft Ireland Operations Limited1
%.16ls|%I64x
%02d%01d%05d
%02d/%02d/%02d %02d:%02d:%02d
%02d/%02d/%04d %02d:%02d:%02d
%02hd/%02hd/%04hd %02hd:%02hd:%02hd
%APPDATA%\Microsoft\PostUpgrade
%d file trace events lost
%d registry trace events lost
%d.%d
%d.%d.%d.%d
%hs!%p: 
%hs(%d) tid(%x) %08X %ws
%hs(%u)\%hs!%p: 
%I32d
%I64u
%I64X
%ls logging disabled
%ls version block after re-mapping as image [%x]
%ls%ls
%ls.tmp
%ls\%ls.txt
%ls\%ls\%ls
%ls\%ls\%ls\%ls
%ls\System32\pcaui.exe -n %d
%ls\System32\pcaui.exe -n %d -a "%ls" -e "%ls"
%M.%m.%ls
%Microsoft Windows Production PCA 2011
%Microsoft Windows Production PCA 20110
%PROCESSOR_ARCHITECTURE%
%ProgramData%
%ProgramFiles%
%ProgramFiles(x86)%
%programfilesnative%
%Public%
%s %s
%s#%d
%s#%s
%s,%04d,%04d,%s,%s
%s,%s,%d,
%s:%s
%s\%s
%s\%s\%s
%s\AppCompat\Programs\Install
%s\Apppatch\customsdb\{22221111-1111-1111-1111-111111111111}.sdb
%s\apppatch\drvpatch.sdb
%s\apppatch\drvpatch.sdb.bak
%s\Apppatch\sysmain.sdb
%s\drvpatch.sdb
%s\INSTALL_%04x_%08lx-%04hx-%04hx-%02hx%02hx-%02hx%02hx%02hx%02hx%02hx%02hx.txt
%s\system32\sdbinst.exe  -q %s\patchsdb.sdb
%s\system32\sdbinst.exe  -u -g {22221111-1111-1111-1111-111111111111}
%s\TELEMETRY_EVENT_0000_%08lx-%04hx-%04hx-%02hx%02hx-%02hx%02hx%02hx%02hx%02hx%02hx.tel
%s\Temp\AslLog_%S_%s_%d.txt
%s\temp\sdb%s
%s\temp\sdb%s.cab
%s+%s+%s
%sysnative%
%system32%
%SystemDrive%
%systemdrive%\Program Files
%systemroot%
%SystemRoot%\
%systemroot%\system32
%SYSTEMROOT%\system32\
%SYSTEMROOT%\syswow64\
%USERNAME%
%USERPROFILE%
%windir%
%WINDIR%\appcompat\encapsulation\
%windir%\Appcompat\Encapsulation\
%WINDIR%\appcompat\encapsulation\pcasvc_raw_file_event.log
%WINDIR%\appcompat\encapsulation\pcasvc_raw_reg_event.log
%windir%\system32\
%windir%\system32\compattelrunner.exe -m:aeinv.dll -f:UpdateSoftwareInventoryW
%ws not a full path we can operate on [%x]
%ws\%ws
(_^][
(A^A\][
(A_A^_^][
(A_A^A]A\_^][
(caller: %p) 
(D$0H
(J.(v
)`)`*`*`E@E@+`+`
)Microsoft Root Certificate Authority 20100
)t$ H
*HcD$P
, <^w
,AL5QmB1E/JLbPGo/N61ngK2SInsrnzlMaLPC/z8gz0E=0Z
,Descriptor,
,HD9/t1E3
.?AVbad_alloc@std@@
.?AVexception@@
.?AVlength_error@std@@
.?AVlogic_error@std@@
.?AVout_of_range@std@@
.?AVResultException@wil@@
.00cfg
.bss$00
.bss$01
.bss$06
.bss$07
.bss$09
.bss$dk00
.bss$dk01
.bss$dk07
.bss$dk09
.bss$pr00
.bss$pr01
.bss$zz
.CRT$XCA
.CRT$XCU
.CRT$XCZ
.CRT$XIA
.CRT$XIAA
.CRT$XIZ
.CRT$XLA
.CRT$XLZ
.data
.data$00
.data$00$brc
.data$dk00
.data$dk00$brc
.data$dk01$brc
.data$pr00
.data$pr00$brc
.data$pr07$brc
.data$r$brc
.data$zz
.data$zz$brc
.didat$2
.didat$3
.didat$4
.didat$5
.didat$6
.didat$7
.edata
.gehcont
.gfids
.giats
.idata$2
.idata$3
.idata$4
.idata$5
.idata$6
.pdata
.rdata
.rdata$00
.rdata$00$brc
.rdata$01
.rdata$06
.rdata$06$brc
.rdata$07
.rdata$07$brc
.rdata$09
.rdata$09$brc
.rdata$brc
.rdata$T$brc
.rdata$zETW0
.rdata$zETW1
.rdata$zETW2
.rdata$zETW9
.rdata$zz
.rdata$zz$brc
.rdata$zzzdbg
.rsrc
.rsrc$01
.rsrc$02
.securom
.text
.text$di
.text$lp00pcasvc.dll!20_pri7
.text$lp01pcasvc.dll!20_pri7
.text$lp03pcasvc.dll!30_clientonly
.text$lp04pcasvc.dll!30_clientonly
.text$lp06pcasvc.dll!35_hybridboot
.text$lp07pcasvc.dll!35_hybridboot
.text$lp09pcasvc.dll!50_coldboot
.text$mn
.text$mn$00
.text$x
.text$yd
.text$zy
.text$zz
.tls$
.tls$ZZZ
.xdata
.xdata$x
/fD9o
;(tPI
;*t0f
;?t*f
;\$ s
;\$`r
;]`t\H
;8OIu
?.u!f9_
??0exception@@QEAA@AEBQEBD@Z
??0exception@@QEAA@AEBQEBDH@Z
??0exception@@QEAA@AEBV0@@Z
??0exception@@QEAA@XZ
??1exception@@UEAA@XZ
??1type_info@@UEAA@XZ
??3@YAXPEAX@Z
?=u>3
?terminate@@YAXXZ
?what@exception@@UEBAPEBDXZ
@(I;@(s
@.data
@.didat
@.reloc
@8{(tnH
@88tfH
@8h(tvH
@8h(u
@8hHtvH
@8hhtvH
@8hHu
@8hhu
@8hHu
@8hhu
@8hHu
@8i(u
@8i(u!H
@8iHu
@8ihu
@8ihu!H
@8iHu!H
@8pIt
@8qIu
@8sIu
@8x)t
@8y)u
@A^^]
@A^_^
@A^_^][
@A^A\_^]
@A__]
@A__^
@A_A^_
@A_A^_^]
@A_A^A\
@A_A^A\^[
@A_A^A\_^
@A_A^A\_^[]
@A_A^A]_^[]
@A_A^A]A\_[]
@A_A^A]A\_][
@A_A^A]A\_^[
@A_A^A]A\_^]
@Failed to bind to RPC [%d]
@SUATAVH
@SUVWATAUAVAWH
@SUVWATAVAW
@SUVWATAVAWH
@SUVWATH
@SUVWAUAVAWH
@SUVWAVAWH
@SUVWAVH
@SUVWH
@SVWAVAWH
@SVWH
@UAVAWH
@USVATAUAVAWH
@USVAVAWH
@USVWATAUAVAWH
@USVWATAUAVH
@USVWATAVAWH
@USVWAVAWH
@USVWAVH
@USWATAUAVAWH
@USWH
@UVWATAUAVAWH
@UVWAVAWH
@UVWH
@UWATAVAWH
@VWAVH
@WAVAWH
@WAWH
[!Se*|
[%hs(%hs)]
[%hs]
[%s][%d] Page error exception occurred
[File],%d,%d,%llu,%d,0x%I64X,0x%I64X,0x%I64X,0x%I32X,%llu,"%S"
[Registry],%d,%d,"%S",%llu,%d,0x%I64X,0x%I64X,0x%I64X,0x%I32X,%d,%llu,"%S"
\$ A;
\$ E3
\$ UH
\$ UVATAUAWH
\$ UVWATAUAVAWH
\$ UVWAVAWH
\$ UVWH
\$ VWAVH
\$ WATAUAVAWH
\$ WH
\$`E3
\$`Hi
\$0E3
\$0fD9
\$hL9J
\$hteH
\$pH9Z0u
\$XD9
\$xE3
\$XI+
\$XL9d$`
\??\UNC\
\\.\PhysicalDrive%d
\\.\X:
\AppData\Local\Temp
\AppPatch
\appraiser
\Compatibility Assistant
\CustomSDB
\Device\
\kernel32.dll
\ntdll.dll
\OSDATA\Software\Microsoft\Windows NT\CurrentVersion\AppCompatFlags
\Registry\
\REGISTRY\A\
\Registry\Machine
\REGISTRY\MACHINE\%s
\Registry\Machine\Software\Classes
\Registry\Machine\Software\Microsoft\Windows NT\CurrentVersion\AppCompatFlags\InstalledSDB
\REGISTRY\MACHINE\SOFTWARE\Microsoft\Windows NT\CurrentVersion\ProfileList
\Registry\Machine\Software\Microsoft\Windows NT\CurrentVersion\ProfileList
\Registry\Machine\Software\Microsoft\Windows\CurrentVersion
\Registry\User
\Registry\User\
\Software\Microsoft\Windows NT\CurrentVersion\AppCompatFlags
\Software\Microsoft\Windows NT\CurrentVersion\AppCompatFlags\Layers
\Software\Microsoft\Windows\CurrentVersion\Explorer\Shell Folders
\StringFileInfo\%04X%04X\%s
\StringFileInfo\000004B0\
\StringFileInfo\000004E4\
\StringFileInfo\040904B0\
\StringFileInfo\040904E4\
\SysARM32
\SysNative
\System32
\system32\
\System32\pcaui.exe
\SystemRoot\
\SysWOW64
\syswow64\
\Temp\
\Users
\users\
\VarFileInfo\Translation
]wQag
^ H9;t
^?K.B
__C_specific_handler
__CxxFrameHandler3
__dllonexit
__PROCESS_HISTORY
__TlgCV__
_amsg_exit
_AttributesFromAsl
_AttributesFromBOE
_AttributesFromHashing
_AttributesFromPath
_AttributesFromRunLevelInfo
_AttributesFromSignatureInfo
_callnewh
_Classes
_ComputeFileDataSignature
_ComputeFileDataSignature failed [%x]
_ComputeFileId
_ComputePeHeaderHash
_ComputeSetupScriptChecksum failed [%x]
_CxxThrowException
_GetDiscName failed [%x]
_GetDiscSize failed [%x]
_GetNtImageHeader
_HEADER_PRESENT_MsaToken
_initterm
_itoa_s
_itow_s
_ListFiles failed (path=%S) [%x]
_LoadSystemModule failed for shlwapi.dll
_LoadSystemModule failed for wintrust.dll
_lock
_onexit
_PageErrorExceptionHandler
_purecall
_SecondsSince1970ToFileTime
_SetFarAttributeFromAslAttribute
_SetFarAttributeFromAslAttribute failed to set FA_BIN_TYPE [%x]
_SetFileAttributeValue
_SetFileAttributeValue failed [%x]
_StringFromFileTime
_unlock
_vsnprintf
_vsnprintf_s
_vsnwprintf
_vsnwprintf_s
_wcsicmp
_wcslwr
_wcslwr_s
_wcsnicmp
_wfopen_s
_wfopen_s failed: %s
_wsplitpath_s
_wtof
_wtoi
_XcptFilter
` AUAVAWH
` UAVAWH
`.rdata
`A^_^
`A^_^[]
`A_A^_^[
`A_A^_^]
`A_A^A\_^
`A_A^A\_^[]
`A_A^A]A\_^[
`A_A^A]A\_^]
{%08lx-%04hx-%04hx-%02hx%02hx-%02hx%02hx%02hx%02hx%02hx%02hx}
{%08X-%04X-%04X-%02X%02X-%02X%02X%02X%02X%02X%02X}
{00000000-0000-0000-0000-000000000000}
{11111111-1111-1111-1111-111111111111}
{11517B7C-E79D-4e20-961B-75A811715ADD}
{16A1ADC1-9B7F-4CD9-94B3-D8296AB1B130}
{30336ed4-e327-447c-9de0-51b652c86108}
{4CB314DF-C11F-47d7-9C04-65FB0051561B}
{5EC13D8E-4B3F-422E-A7E7-3121A1D90C7A}
{712ABB2D-D806-4B42-9682-26DA01D8B307}
{AD8AA069-A01B-40A0-BA40-948D1D8DEDC5}
{b059b83f-d946-4b13-87ca-4292839dc2f2}
{c02afc2b-e24e-4449-ad76-bcc2c2575ead}
{d39b6336-cfcb-483b-8c76-7c3e7d02bcb8}
{d4263c98-310c-4d97-ba39-b55354f08584}
{E7558269-3FA5-46ed-9F4D-3C6E282DDE55}
{EEF54E71-0661-422D-9A98-82FD4940B820}
{EEF54E71-0661-422d-9A98-82FD4940B820}
|$ AVH
|$ E3
|$ UATAUAVAWH
|$ UAVAWH
|$ UH
|$(0u
|$(E3
|$*xH
|$@E3
|$@L+
|$`fD
|$<9~Ht
|$0E3
|$4E3
|$8E3
|$hfD
|$PE3
|$pL+
|$XE3
|$XE9
|hK,_
} H9y
}0H+}(H
}D9l$`tsL
}PL9}
~;8(K
~8D8~@u;L9?u$E3
+T$0E3
<$*uXD
</Task>
<NfA;
<QfA;
<Task version="1.6" xmlns="http://schemas.microsoft.com/windows/2004/02/mit/task">
=V^s%
=zdbft
>(uBI
>\tAH
>=uDA
>http://www.microsoft.com/pki/certs/MicRooCerAut_2010-06-23.crt0
>http://www.microsoft.com/pki/certs/MicTimStaPCA_2010-07-01.crt0
0.0.0.0
00000000000000000000000000000000000000000000
0000da39a3ee5e6b4b0d3255bfef95601890afd80709
0000f519feec486de87ed73cb92d3cac802400000000
0123456789ABCDEF
0123456789abcdef
040904B0
0A^_]
0A^_^
0A^A\_
0A^A]A\_^
0A_A\_
0A_A^^
0A_A^^[]
0A_A^_
0A_A^A\
0A_A^A\_^
0A_A^A]
0A_A^A]_^
0A_A^A]A\]
0A_A^A]A\_
0A_A^A]A\_^]
0A_A^A]A\_H
0x%.16I64X
0x%I32X
0x%I64X
0x%lX
1(0&0
1/0-0
10.0.19041.1266
10.0.19041.1266 (WinBuild.160101.0800)
100701213655Z
111019184142Z
16BitColor
1http://www.microsoft.com/PKI/docs/CPS/default.htm0@
2!cI;
2]&d,
201112182601Z
201215212914Z
20210927154545.844Z0
20210927162729Z
20210928162729Z0w0=
211202212914Z0p1
220211182601Z0
229879+4633440
2333333
250701214655Z0|1
256Color
261019185142Z0
3.0.0.3
3D$H%x
4"'s59
4$L9U
4^f9>u
44EEVVgggggg
5Olx^R
640X480
78av0
80u[f
8A^_^[
8A_A^_^[]
8A_A^_^][
8A_A^A]A\_^[]
8And16BitAggregateBlts
8And16BitDXMaxWinMode
8And16BitGDIRedraw
8BSJBt
8D$Pt
8SiurH
8ThrottlingSemaphore null value
8WIuSH
9"u/I
9)~C3
9.u#fA
9\$@t
9\$8u
9\$xv,H
9|$@H
9|$DH
92u4H
92vcH
98|+@8=J
9D$(t
9D$<t
9D$8t
9D$8treH
9D$Pw?
9E vQ
9fD9y
9L$,A
9L$0t
9L$8t
9rHt1
9t$Hu
9z8uE
A(H;A(s
A;4$|
A\_^][
A^^][
A^_^[]
A^_^][
A^A]]
A^A]_
A^A]A\_]
A^A]A\_^[]
A_A]]
A_A]A\^]
A_A]A\_]
A_A]A\_^
A_A^]
A_A^_
A_A^_^[
A_A^_^[]
A_A^_^]
A_A^_^][
A_A^A\
A_A^A\^]
A_A^A\_]
A_A^A\_^
A_A^A\_^[]
A_A^A\_^][
A_A^A]
A_A^A]_]
A_A^A]_^
A_A^A]A\]
A_A^A]A\^
A_A^A]A\^[]
A_A^A]A\_
A_A^A]A\_^[]
A_A^A]A\_^]
A_A^A]A\_^][
A_A^A]A\_H
A8~3u!H9
A9} u
A9D$<u
A9n u
ABCDEFGHIJKLMNOPQRSTUVWXYZabcdefghijklmnopqrstuvwxyz0123456789+/I
AbnormalExit
Accept: text/*
Access denied
AcquireSRWLockExclusive
AcquireSRWLockShared
Acquiring state lock again after match.
acres.dll
ActEvents
ActEvents_EtwFromDM
ActEvents_ResolversComplete
ActEventsp_ParseUserResponse
action
ActionType
Activated
Activated,%S,DLL,%S
ActivateWindowsFirewall
Activity
ActivityResults
ADAPTWINDOWTODISPLAYMODE
Add orphan file
AddAccessAllowedAce
AddChildToChain
Added new Exe entry for %ls to global list.
Added/Updated logging for installer ProcessId: %d, ProcessName: %S
AddTrackedProcess - ProcessId %d failed to retrieve program attributes [%d]
ADS set for %ls and initialization bit set.
advapi32.dll
AeComputeProgramIdentityHash
AeComputeProgramIdentityHash failed [%x]
AeFormatHashString failed [%x]
AeGetPersistedLocation failed [%#x]
aeinv.dll
aepic.dll
AeWERQueryFileInfo
AFailed to register service ctrl handler [%d]
AhgGenomeCompute
AhgGenomeCreate
AhgGenomeGetAll
AhgGenomeGetFileAttributes
AhgGenomeGetManifest
AhgGenomeGetPE
AhgGenomeRecordBadImageOr16BitApp
AhgGetFileCreationTime
AhgGetFileExeType
AhgGetGenome
AhgGetPeHeaderInfo
AhgManifestReadRunLevel
AhgManifestReadSupportedOs
AhgpGetTimeDateStampYear
AhgpManifestRead
Alignment error in the end of file view for CRC checksum
AllocAndInitFileAttributes failed [%x]
AllocateAndInitializeSid
AllowCommercialDataPipeline
AllowTelemetry
AllowTelemetry_PolicyManager
Already initialized [%#x]
AltName
Amcache
amcache-
Amcache.hve
AmiAppDriverItem::Insert
AmiAppDriverItem::Retrieve
AmiCache creating command: %ls
AmiCache creating module: %ls
AmiContainerInventoryId
AmiFixKeyPermissionsRecursive
AmiFixKeyPermissionsRecursive failed [%d]
AmiFixKeyPermissionsRecursive succeeded. Setting Permissions/Owner correct values in reg.
AmiFixKeyPermissionsRecursiveHelper
AmiFixKeyPermissionsRecursiveHelper failed [%d]
AmiHiveOwnerCorrect
AmiHivePermissionsCorrect
AmiNewSyncId
AmiNewSyncId failed [%d]
AmiOverridePath
AmipCreateNewCacheFile
AmipCreateNewCacheFile [%d]
AmiProviderGetMetadata [%d]
AmiProviderInit
AmiProviderInit [%d]
AmiProviderSetMetadata [%d]
AmipStoreInitialize
AmipStoreInitialize [%d]
AmipStoreInitialize failed [%d]
AmipTryAcquireProviderMutex
AmipTryAcquireProviderMutex failed [%d]
AmipVerifyCachePermissionsCorrect
AmipVerifyCachePermissionsCorrect could not fix existing cache. Creating a new one: %ls
AmiRefreshComplete
AmiRegGetStoreFullPath
AmiRetrieveInventoryId
AmiRetrieveSyncId
AmiSetForceFullSync
AmiSetForceFullSync [%d]
AmiShouldForceFullSync
AmiStoreInitialize
AmiUtilityGetPersistedLocation [%#x]
AmiUtilityGetPersistedLocation failed [%#x]
AmiUtilityGivePrivilegesToServices
AmiUtilityGivePrivilegesToServices failed [%d]
AmiUtilityInitSecurityDescriptor
AmiUtilityInitSecurityDescriptor failed [%d]
AmiUtilityRegEnsureKey
AmiUtilityRegGetValue
AmiUtilityRegGetValue failed [%d]
AmiUtilityRegOpenKey
AmiUtilityRegSetValue
AmiUtilityRegSetValue failed [%d]
AmiUtilitySetPrivilege
AmiUtilitySetPrivilege(SE_BACKUP_PRIVILEGE) failed [%d]
AmiUtilitySetPrivilege(SE_RESTORE_PRIVILEGE) failed [%d]
An RtlString API failed [%x]
Ansi string is too long to convert at %d
ANull arguments passed in.
api-ms-win-core-appcompat-l1-1-1.dll
api-ms-win-core-com-l1-1-0.dll
api-ms-win-core-com-l1-1-1.dll
api-ms-win-core-debug-l1-1-0.dll
api-ms-win-core-delayload-l1-1-0.dll
api-ms-win-core-delayload-l1-1-1.dll
api-ms-win-core-errorhandling-l1-1-0.dll
api-ms-win-core-file-l1-1-0.dll
api-ms-win-core-file-l1-2-0.dll
api-ms-win-core-file-l2-1-0.dll
api-ms-win-core-file-l2-1-2.dll
api-ms-win-core-handle-l1-1-0.dll
api-ms-win-core-heap-l1-1-0.dll
api-ms-win-core-heap-l2-1-0.dll
api-ms-win-core-io-l1-1-0.dll
api-ms-win-core-job-l1-1-0.dll
api-ms-win-core-job-l2-1-0.dll
api-ms-win-core-kernel32-legacy-l1-1-0.dll
api-ms-win-core-kernel32-legacy-l1-1-1.dll
api-ms-win-core-kernel32-private-l1-1-0.dll
api-ms-win-core-libraryloader-l1-2-0.dll
api-ms-win-core-libraryloader-l1-2-1.dll
api-ms-win-core-localization-l1-2-0.dll
api-ms-win-core-memory-l1-1-0.dll
api-ms-win-core-path-l1-1-0.dll
api-ms-win-core-processenvironment-l1-1-0.dll
api-ms-win-core-processthreads-l1-1-0.dll
api-ms-win-core-processthreads-l1-1-1.dll
api-ms-win-core-profile-l1-1-0.dll
api-ms-win-core-psapi-l1-1-0.dll
api-ms-win-core-realtime-l1-1-0.dll
api-ms-win-core-registry-l1-1-0.dll
api-ms-win-core-registry-l1-1-1.dll
api-ms-win-core-registry-l2-1-0.dll
api-ms-win-core-shlwapi-legacy-l1-1-0.dll
api-ms-win-core-sidebyside-l1-1-0.dll
api-ms-win-core-string-l1-1-0.dll
api-ms-win-core-string-obsolete-l1-1-0.dll
api-ms-win-core-synch-l1-1-0.dll
api-ms-win-core-synch-l1-2-0.dll
api-ms-win-core-synch-l1-2-1.dll
api-ms-win-core-sysinfo-l1-1-0.dll
api-ms-win-core-sysinfo-l1-2-0.dll
api-ms-win-core-threadpool-l1-2-0.dll
api-ms-win-core-threadpool-legacy-l1-1-0.dll
api-ms-win-core-timezone-l1-1-0.dll
api-ms-win-core-url-l1-1-0.dll
api-ms-win-core-version-l1-1-0.dll
api-ms-win-core-version-l1-1-1.dll
api-ms-win-core-winrt-l1-1-0.dll
api-ms-win-core-winrt-string-l1-1-0.dll
api-ms-win-devices-config-l1-1-1.dll
api-ms-win-eventing-consumer-l1-1-0.dll
api-ms-win-eventing-controller-l1-1-0.dll
api-ms-win-eventing-provider-l1-1-0.dll
api-ms-win-oobe-notification-l1-1-0.dll
api-ms-win-power-base-l1-1-0.dll
api-ms-win-security-base-l1-1-0.dll
api-ms-win-security-credentials-l1-1-0.dll
api-ms-win-security-cryptoapi-l1-1-0.dll
api-ms-win-security-provider-l1-1-0.dll
api-ms-win-security-sddl-l1-1-0.dll
api-ms-win-service-core-l1-1-0.dll
api-ms-win-shcore-taskpool-l1-1-0.dll
APISAMPLING.dll
APISamplingInitialize
APISamplingSetValue
APISamplingUninitialize
ApiSetQueryApiSetPresence
appcompat
AppCompat\Programs
AppCompatFlags
APPDATA
AppExesTraced
AppFileDepth
AppFileLogFlags
Apphelp already shown,%S
Apphelp flag without dialog sanity check
apphelp.dll
APPID
AppLanguage
ApplicationMonitor
Applied fixes caused crash on launch, reverting applied fixes.
Applied Win7 layer,%S
AppName
AppPatch64
AppPublisher
appraiser.sdb
AppRegDepth
AppRegLogFlags
AppRunBaseline
AppRuntime
appver
AppVersion
ARP key: %ls has been created or modified.
ArpChanged
ArpConvertRegEntryToARPEntry
ArpCreate
ArpDeleted
ArpDiffed
ArpEntryChanged,UserSid,%S,Name,%S,WowKey,%d,Created,%d
ArpFullPath
ArpKeyChanged,Path,%S,WowKey,%d
ArpKeyListCount
ArpListCreate
ArpListDiff
ArpListEnumerate
ArpListGetCurrentArps
ArpListSnapshot
AsInvoker
AskedAnsweredSameSession
AskedAnsweredTime
ASL_LOG FAIL: 
AslAnsiStringCreate
AslDoesDirectoryExistNtPath
AslEnvBuildBasic
AslEnvExpandStrings
AslEnvExpandStrings failed [%x]
AslEnvExpandStrings2
AslEnvExpandStrings2 failed [%x]
AslEnvExpandStrings2 failed to expand strings for %ws [%x]
AslEnvGetProcessWowInfo
AslEnvGetProcessWowInfo failed [%x]
AslEnvGetProcessWowInfo failed to determine processor info [%x]
AslEnvGetSysNativeDirPathForGuestBuf
AslEnvGetSystem32DirPathBuf
AslEnvGetSystem32DirPathBuf failed [%x]
AslEnvVarQuery failed [%x]
AslFileAllocAndGetAttributes
AslFileAllocAndGetAttributes failed [%x]
AslFileAttributeToString
AslFileClose
AslFileKindDetailToString
AslFileKindDetailToString failed [%x]
AslFileMapping::AttributeToString
AslFileMapping::GetAttribute
AslFileMapping::GetAttribute failed (BOE Publisher) [%x]
AslFileMapping::GetAttribute failed [%x]
AslFileMapping::GetAttribute failed to get asl attribute index %d [%x]
AslFileMapping::GetAttribute failed to get PRODUCT_NAME [%x]
AslFileMapping::GetAttribute failed to get VER_LANGUAGE [%x]
AslFileMapping::GetFileKindDetails failed [%x]
AslFileMapping::InitializeAttributes
AslFileMapping::InitializeAttributes failed [%x]
AslFileMappingCreate
AslFileMappingCreate failed [%x]
AslFileMappingEnsure
AslFileMappingEnsure failed [%x]
AslFileMappingEnsureMappedAs
AslFileMappingEnsureMappedAs failed [%x]
AslFileMappingGetFileKindDetail
AslFileMappingGetFileKindDetails failed [%x]
AslFileMappingGetImageTypeEx
AslFileMappingGetImageTypeEx failed [%x]
AslFileMappingGetNtHeaders
AslFileOpen
AslGuidToString
AslGuidToString failed [%d]
AslGuidToString failed [%x]
AslGuidToString_UStr
AslHardErrorModeDisable
AslHardErrorModeDisable failed [%x]
AslHardErrorModeRestore
AslPathAddPrefix
AslPathBuildSignature
AslPathBuildSignatureForDirectoryFileLongpath
AslPathBuildSignatureForDirectoryFileLongpath for %ws [%x]
AslPathBuildSignatureForInternetFileLongpath
AslPathBuildSignatureForInternetFileLongpath failed for %ws [%x]
AslPathBuildSignatureLongpath
AslPathBuildSignatureLongpath failed [%x]
AslPathClean failed [%x]
AslPathCleanUstr
AslPathCleanUstr failed [%x]
AslPathCleanUstr failed with source pointer behind destination pointer.
AslPathCombine
AslPathCombine failed [%x]
AslPathGetLongFileNameLongpath
AslPathGetLongFileNameLongpath failed for %ws [%x]
AslPathIsOnRemovableMedia
AslPathIsOnRemovableMedia failed for %ws [%x]
AslPathIsTemporaryInternetFile
AslPathIsTemporaryInternetFile failed for %ws [%x]
AslPathSplit
AslPathToSystemPathBuf
AslPathToSystemPathBuf failed [%x]
AslPathWildcardFindFirst
AslPathWildcardFindFirst/Next failed to find a file [%x]
AslPathWildcardFindNext
AslpEnvResolveVars
AslpEnvResolveVars failed [%x]
AslpEnvResolveVars failed to fail properly for null buffer
AslpFileGet16BitDescription
AslpFileGet16BitModuleName
AslpFileGetChecksum
AslpFileGetChecksum failed [%x]
AslpFileGetChecksumAttributes
AslpFileGetChecksumAttributes called with a partial view which is not supported
AslpFileGetChecksumAttributes failed [%x]
AslpFileGetClrVersion
AslpFileGetClrVersion failed [%x]
AslpFileGetClrVersionAttribute
AslpFileGetClrVersionAttribute failed [%x]
AslpFileGetCrcChecksum
AslpFileGetCrcChecksum failed [%x]
AslpFileGetExeWrapper
AslpFileGetExportName
AslpFileGetFileKindDetailAttribute
AslpFileGetFileKindDetailAttribute failed [%x]
AslpFileGetHeaderAttributesNE
AslpFileGetHeaderAttributesNE failed [%x]
AslpFileGetHeaderAttributesPE
AslpFileGetHeaderAttributesPE failed [%x]
AslpFileGetImageNtHeader
AslpFileGetImageNtHeader failed [%x]
AslpFileGetNtHeaderAttributes
AslpFileGetPeExportNameExeWrapper
AslpFileGetPeExportNameExeWrapper failed [%x]
AslpFileGetVersionAttributes
AslpFileGetVersionAttributes failed [%x]
AslpFileGetVersionBlock
AslpFileGetVersionBlock failed [%x]
AslpFileHasActiveMarkWrapper
AslpFileHasActiveMarkWrapper failed (FileSize: %I64u) [%x]
AslpFileHasActiveMarkWrapper failed [%x]
AslpFileLargeEnsureLargeFileMapping
AslpFileLargeEnsureLargeFileMapping failed [%x]
AslpFileLargeGetChecksum
AslpFileLargeGetChecksum failed [%x]
AslpFileLargeGetChecksumAttributes
AslpFileLargeGetChecksumAttributes failed to get checksum attributes [%x]
AslpFileLargeGetCrcChecksum
AslpFileLargeMapCreate
AslpFileMakeStringVersionAttributes
AslpFileMakeStringVersionAttributes failed [%x]
AslpFileMappingGetFileKind
AslpFileMappingGetFileKind failed %S [%x]
AslpFileQuery16BitDescription
AslpFileQuery16BitDescription failed [%x]
AslpFileQuery16BitModuleName
AslpFileQuery16BitModuleName failed [%x]
AslpFileQueryExportName
AslpFileQueryExportName failed [%x]
AslpFileQueryVersionString
AslpFileQueryVersionString failed [%x]
AslpFileVerQueryBlock
AslpFileVerQueryBlock failed [%x]
AslpHardErrorModeSet
AslpHardErrorModeSet failed [%x]
AslpPathGetFormatInfo failed [%x]
AslpPathWildcardAllocMatchNode
AslpPathWildcardAllocMatchNode failed [%x]
AslpPathWildcardAllocMatchNode failed to create root of path [%x]
AslpPathWildcardMakeLeaves
AslpPathWildcardPeekNode
AslpPathWildcardPeekNode failed [%x]
AslpPathWildcardPopNode
AslRegistryBuildMachinePath
AslRegistryBuildMachinePath failed for %ws [%x]
AslRegistryBuildUserPath
AslRegistryBuildUserPath failed for %ws [%x]
AslRegistryGetKey
AslRegistryGetKey failed [%x]
AslRegistryGetString
AslRegistryGetStringExpand
AslRegistryGetUInt32
AslRegistryGetUInt32 failed for key: '%ws' [%x]
AslRegistryGetUInt32_UStr
AslRegistryOpenKey
AslRegistryOpenKey failed [%x]
AslRegistryOpenKey passed bad Path [%x]
AslRegistryOpenSubKey
AslRegistryOpenSubKey passed bad Path [%x]
AslStringAnsiToUnicode
AslStringAnsiToUnicode failed [%x]
AslStringDuplicate
AslStringDuplicate failed [%x]
AslStringDuplicate failed with "%s" [%x]
AslStringDuplicateA
AslStringUpcaseToMultiByteN
AslStringXmlSanitize failed [%x]
AslTelemetryCreate
AssignProcessToJobObject
ATAVAWH
Attempt to read past the end of the database offset 0x%lx size 0x%lx (0x%lx)
Attempt to release SDB handle that still has unreleased duplicates.
Attribute (index %d) was too large. Size was %x bytes
Attribute size doesn't match
Attributes
AUAVAWH
Authorization: MsaToken 
AutoWinRTInitialize::Initialize failed [%#x]
avant.exe
B@H+A
bad allocation
Bad ApplicationName [%d]
Bad ApplicationName or CommandLine [%d]
Bad ArpKey event [%d]
Bad attribute [%d]
Bad batch file command line [%d]
Bad block type number: %S
Bad buffer size [%d]
Bad checksum
Bad checksum [%d]
Bad checksum [%u]
Bad cpl command line %S [%d]
Bad CurrentDirectory [%d]
Bad device path [%u]
Bad event index: %S
Bad executable path
Bad file name [%d]
Bad FileCreate event [%d]
Bad flags passed to RaiNotifyMsiInstall [%d]
Bad forwarded event [%d]
Bad FwLink: %S
Bad header
Bad header [%d]
Bad image file [%d]
Bad index 0x%lx
Bad iteration number: %S
Bad key path or name [%d]
Bad layer name
Bad layer name [%d]
Bad layer name [%u]
Bad layer string
Bad length:%d %ls [%u]
Bad log message
Bad parameter [%d]
Bad path [%d]
Bad payload in registry [%d]
Bad PDB
Bad process handle [%d]
Bad sdb size [%d]
Bad SdbHandle [%d]
Bad shim name [%d]
Bad SIUF event [%d]
Bad size [%d]
Bad size [%u]
Bad size or type for %S
Bad stream data [%d]
Bad strings passed to RaiNotifyMsiInstall [%d]
Bad timestamp
Bad trace text [%d]
Barra de Ferramentas
barra de herramientas
barre d'outils
BaseFreeAppCompatDataForProcess
BaseName
BaseObject
BaseReadAppCompatDataForProcess
BaseWorkingDirectory
Batch file
bcrypt.dll
BCryptCloseAlgorithmProvider
BCryptCreateHash
BCryptDestroyHash
BCryptFinishHash
BCryptGetProperty
BCryptHashData
BCryptOpenAlgorithmProvider
BEGIN TRANSACTION;
Beginning Logger_ServiceShutdown...
BinaryType
BinFileVersion
BinProductVersion
Black listed device: %ws
Black screen
BlockedDriverPath
BlockType
BMSRE3
BMSRH
BoeProgramId
BoeProgramLanguage
BoeProgramName
BoeProgramPublisher
BoeProgramVersion
Buffer allocated was not large enough
Buffer overflow
Buffer overflow [%d]
Buffer too small [%d]
Buffer too small. Avail: %d, Need: %d
BuildLabEx
Button limit reached
Button not found when trying to update text
Bypassing scenario - %S is in Program Files
Bypassing scenario - %S not found.
Bypassing scenario - Path %S does not contain leading backslash.
Bypassing scenario for path %S
C(H;C(
C(H;C(s
C@J+D
C|$XH
C8H;C8s
C8J+D
C9fD97u-
Cab file is not signed by MS certificate %d
Cache
callContext
CallContext:[%hs] 
Cancel button click detected
CancelClicked
Cannot allocate temporary buffer for parsing the name "%ws"
Cannot compute genome [%d]
Cannot create genome handle [%d]
Cannot get attributes [%d]
Cannot get file attribute [%d]
Cannot get manifest data [%d]
Cannot get PE data [%d]
Cannot get standard database path for supplied flags: 0x%x
Cannot get tag ref from tag id
Cannot get tagref for tagid 0x%x
Cannot process requests for session 0 [%d]
Cannot read the name of the layer tag
Cannot read the name of the layer tag id 0x%lx
Cannot resolve database, the path length is 0x%lx
Cannot show dialog in Session 0 [%d]
Can't convert tag ref
Can't convert tag ref trParent
Can't convert tag ref trPrev
Can't convert TAGID
Can't find DATABASE tag in db
Can't find DATABASE tag in main db
Can't find LIBRARY tag in main db
Can't find tag for tag ref 0x%x
Can't get the name string
Can't get the name string for tagid 0x%x
Can't get the name string tagid 0x%lx
Can't read database header
CD$0H
CentralNotificationInit
CertVerifyCertificateChainPolicy
-CFailed to create programIds list [%d]
CfD9/t
Chain
Chain activated as installer,%s,ActiveCount,%d
Chain has already ended: ignoring elevated
Chain is orphan
Chain manager process end failed [%d]
Chain manager process start failed [%d]
ChainComplete,Timeout,%d
ChainElevatedProcessStart
ChainEnd
ChainEnd,Timeout,%d
ChainFirstRun
ChainLength
ChainQuotaExceeded
ChainQuotaExceeded,%S
Chains
ChainStart,%S,Genome,%S,Value,%08lx,Reason,%08lx
ChainStartAsync
ChainTimeout
ChangeTimerQueueTimer
ChangeTimerQueueTimer failed [%d]
ChannelName
CheckElevationEnabled
CheckSum
Checksum not retrieved
CHH;CHr
CHH;CHs
chrome.exe
Chttp://www.microsoft.com/pkiops/crl/MicWinProPCA2011_2011-10-19.crl0a
Client
Client Data Version,%d
ClientDataVersion
CloseHandle
CloseThreadpool
CloseThreadpoolTimer
CloseThreadpoolWait
CloseThreadpoolWork
CloseTrace
CloseTrace failed [%d]
CloudSdb
CLR version string null or too long
ClrVersion
CM_Get_Device_IDW
CM_Get_Parent
CM_Register_Notification
CM_Register_Notification failed, error %d
CM_Unregister_Notification
cmd.exe
CoCancelCall
CoCreateGuid
CoCreateInstance
CodeIntegrity.Telemetry
CoDisableCallCancellation
CoEnableCallCancellation
CoGetClassObject
CoGetInterfaceAndReleaseStream
CoInitializeEx
CoMarshalInterThreadInterfaceInStream
Command line buffer too small
Command line does not terminate
Command line too long [%d]
Commandline is: %ls
CommercialDataOptIn
COMMIT TRANSACTION;
CommonFilesDir
CommonFilesDir (x86)
CommonProgramFiles
CommonProgramFiles(x86)
CompanyName
CompareStringOrdinal
compat
CompatParameter1
CompatSiufTest.exe
CompatStateAfter
CompatStateBefore
compattelrunner.exe -m:pcasvc.dll -f:QueryEncapsulationSettings -wait
Complete,Component,%S
ComponentOnDemand
ComponentOnDemand_EtwFromDM
ComponentOnDemand_ServiceInitialized
ComponentOnDemandp_AddToQueue
ComponentOnDemandp_CleanupCODRequest
ComponentOnDemandp_GetComponentName
ComponentOnDemandp_InstallLaunchThreadProc
ComponentOnDemandp_ProcessQueue
ComputeSha1Hash failed [%x]
ConcurrentInstallers
ConfigureTelemetryOptInChangeNotification
ConfigureTelemetryOptInSettingsUx
control.exe
ControlPanelApplet
ControlPanelApplet_Create
ControlPanelApplet_Resolve
ControlTraceW
ConvertSidToStringSidW
CopyFileW
CoReleaseMarshalData
CorrelationVectors
CoTaskMemFree
Could not aggregate dialogs [%d]
Could not construct virtual directory path.
Could not copy component name
Could not crack url [%ws]: [%d].
Could not find app name
Could not get app name
Could not get caller name
Could not launch process %d
Could not retrieve path signature
CoUninitialize
Counts
CoWaitForMultipleHandles
CPH;CPs
Crash
Crash on launch
Crash,pid,%d,time,%lld
CrashOnLaunch
CrashOnLaunch_Create
CrcChecksum
CrcFileStart  : %I64u
CrcViewOffset : %I64u
Create m_NewElementEvent failed, %d
Create pnp thread failed, %d
Create stop-event failed, %d
CREATE TABLE IF NOT EXISTS P%S_F%S (HashCode INTEGER, OperationFlags INTEGER, LoggingType INTEGER, UNIQUE(HashCode, OperationFlags, LoggingType));
CREATE TABLE IF NOT EXISTS ProgramFileHistory (ProgramFileId INTEGER PRIMARY KEY, ProgramId VARCHAR, FileId VARCHAR, ExeName VARCHAR, TotalRegistryEventCount INTEGER, TotalFileEventCount INTEGER, FirstSeen DATETIME, LastSeen DATETIME, LastProcessId INTEGER, DisableLogging INTEGER, UNIQUE(ProgramId, FileId));
CREATE TABLE IF NOT EXISTS ProgramFileHistoryDetail (ProgramFileId INTEGER, CreatedDate DATETIME, SessionFileEventCount INTEGER, SessionRegistryEventCount INTEGER, FileCacheHit INTEGER, RegistryCacheHit INTEGER);
CreateActCtxW
Created
Created a delayed processing timer
Created sentinel file %ls.
Created sentinel file for EXE %ls
Created sentinel file,%ls,%ls
Created upgrade notifications,%d
CreateDirectory Failed [%d]
CreateDirectoryW
CreateEventExW
CreateEventW
CreateFile Failed [%d]
CreateFile Failed [%d] [%ls]
CreateFileA
CreateFileMappingW
CreateFileW
CreateFileW() failed.
CreateIoCompletionPort
CreateJobObjectW
CreateMutexExW
CreateMutexW
CreateProcess failed [%d]
CreateProcessA
CreateProcessAsUserW
CreateProcessW
CreateSemaphoreExW
CreateSemaphoreW
CreateThread
CreateThread failed [%d]
CreateThreadpool
CreateThreadpoolTimer
CreateThreadpoolWait
CreateThreadpoolWork
CreateTimerQueueTimer
CreateWaitableTimerW
CreatingCommand
CreatingModule
CredReadW
Critical failure: chain is not locked
CRYPT32.dll
CryptAcquireContextW
CryptCreateHash
CryptDestroyHash
CryptGetHashParam
CryptHashData
CryptReleaseContext
csrstub.exe
currentContextId
currentContextMessage
currentContextName
Custom
Custom\Custom64
cVNYf
D!|$`A
D!t$(H
D#D$@D
D$ @w
D$ 9D$X
D$ E3
d$ E3
D$ E3
d$ E3
D$ E3
d$ E3
D$ E3
d$ E3
D$ E3
D$ fD
d$ H#T$HI
D$ H;
D$ tcL
D$(!\$ 
D$(A+
D$(E3
D$(H!|$ 3
D$(H;
D$(L!|$ 3
D$(L+
D$,:8
D$,vT2
D$@*H
D$@E3
D$@f;
D$@f9
D$@f90t
D$@fD
D$@H!\$0H
D$@H#D$0H;D$0t
D$@L+
D$^9Z
D$`E3
D$`eH
d$`fD
D$`H+
d$`M+
D$0*H
D$09D$XtqH
D$0D9r
d$0E3
D$0E3
D$0fD
D$0fD98t
d$0fE
D$0H;F
D$0L;
D$0L;G@
D$0u!H
D$4fD
D$8=sdbftM=zdbft
D$8E3
D$8eH
D$8H!D$8
D$8Hi
D$8I;
D$8L;F
D$8L;G
D$DfD
D$DH!|$0E3
D$H!D$@
D$HE3
D$hE3
D$HE3
D$hE3
d$hE3
D$hE3
D$hfD
D$HI9FXt
D$HL;
D$HL9
D$PE3
D$pE3
D$PE3
D$pE3
D$PE3
D$pE3
D$pf9|$0H
D$PfD
D$PH!D$0
D$PH;
D$pIc
D$PL+
D$T9p
D$TH!D$8H
D$X9D$P
D$xE3
D$XE3
D$xeH
D$XH;
D;:}1L
D;d$d
D\$xH
D8{)t
D8{it
D8{It
D8|$xL
D8l$`u
D8pIt
D8qIu
D8wIu
D8X)t
D8x)u
D8xiu
D8xIu
D8z(u
D8z)t
D8z)u
D8zhu
D8zHu
D8zhu
D8zHu
D8zIt
D8zit
D8zIu
D8ziu
D8zIu
D8ziu
D9|$@
D9|$@u
D9|$D
D9|$PuMH
D9}Ht;f9E8u
D9+u.L
D97vUD
D9a0t
D9d$,t
D9d$@
D9d$DA
D9ewt
D9l$@t
D9l$0
D9l$d
D9l$T
D9mPtEH
D9mPu
D9t$p
D9V0u
Data collection thread reset: WAIT_ABANDONED
Data collection thread reset: WAIT_FAILED [%d]
Data collection thread reset: WAIT_TIMEOUT
DATA_ONLY
data1.cab
data1.hdr
data2.cab
Database "%ws" is not of the same type as the main EXE
Database DisableTracking
Database not specified with the database path flag
Database too big %lld. Compressing.
DatabaseRuntimePlatform
DatabaseType
DbGuid
dbRegistryDefaultName
DEBUG,%04d,%04d,%s
DebugBreak
DelayLoadFailureHook
DeleteCriticalSection
Deleted registry node for EXE %ls
Deleted upgrade compatibility root key as it has no subkeys.
DeleteFileW
DeleteTimerQueueTimer
Deprecated Component
Deprecated DLL
DeprecatedCom
DeprecatedCom_Create
DeprecatedCom_Detect
DeprecatedCom_Resolve
DeprecatedDll
DeprecatedDll_Detect
DeprecatedDll_Resolve
deque<T> too long
Desktop
Detect failed for %S [%d]
Detected ARP entry change,%ls
DetectedInstaller,Win7RTM layer applied,%S
Detector shim
DetectorsAppHealth
DetectorShim_AccessDenied
DetectorShim_Create
DetectorShim_Detect_MessageBox
DetectorShim_GlobalObject
DetectorShim_MessageBoxErrorIcon
DetectorShim_MessageBoxPrivilege
DetectorShim_MessageBoxVersion
DetectorShim_PrivilegeCheck
DetectorShim_RegExpandSz
DetectorShim_Resolve
DetectorShim_ShortRunTime
DetectorShim_Win32Exception
DetectorShimp_ShowDialog
DetectorShims,Excluded,%d,%s
DetectorsShimLog
DetectorsShimLog_Applied
DetectorsVista
DetectorsWin7
DetectorsWin8
DetectorsXP
Device instance id copy failure, %ws
deviceid
DeviceIoControl
DeviceTicket::GetDeviceTicket failed [%#x]
Devinv
devinv.dll
Devinv_ServiceInitialized
Devinv_ServiceShutdown
DevinvModuleHelper
Devinvp_RegisterDynamicPnpEvents
DEVOBJ.dll
DevObjCreateDeviceInfoList
DevObjDestroyDeviceInfoList
DevObjEnumDeviceInterfaces
DevObjGetClassDevs
DevObjGetDeviceInterfaceDetail
DEXE3
DH9\$`H
Dialog already shown,Ignoring dialog request from %S.
Dialog,Ignoring,%S,Earlier os version layer already applied
Dialog,Ignoring,%S,Layers already applied,%S
Dialog,Showing
DialogInfoDone
DialogResponse
DialogResponse,Cancel
DialogResponse,CheckOnline
DialogResponse,No
DialogResponse,NotAdmin
DialogResponse,ProgramWorks
DialogResponse,RestartApp
DialogResponse,RunProgram
DialogResponse,Yes
DialogUniqueId
Did not find
Did not find newer patch sdb
Disable8And16BitD3D
Disable8And16BitModes
Disabled Driver: '%ls'
Disabled Logging RegTracerCount: %d, FileTracerCount: %d
DisableDatabaseEntry
DisableDeviceDelete
DisabledExtensions
DisableDiagnosticDataViewer
DisabledResolvers
DisableDWM
DISABLEDXMAXIMIZEDWINDOWEDMODE
DisableDXMaximizedWindowedMode
DisableOneSettingsDownloads
DisablePcaUI
DisableTelemetryOptInChangeNotification
DisableTelemetryOptInSettingsUx
DisableThemes
DisableUserCallbackException
DISABLEUSERCALLBACKEXCEPTION
Disabling extension,%S
DiscId
DiscName
DiscSetupScriptChecksum
DiscSize
DisplayName
DisplayVersion
Distribuerbart
DLdE3
DLL load failure
DLL pinning
DLL registration failure
DllLoadFailure
DllName
DOS_MODULE
Downloaded size more than buffer size [%d] > [%d]
DrivePathFromDevicePathHelper::GetDrivePathFromDevicePath
DrivePathFromDevicePathHelper::GetLogicalDriveStringsW
DrivePathFromDevicePathHelper::QueryDosDevices
Driver %ls blocked from loading
DriverServiceName
DROP TABLE IF EXISTS P%s_F%s; UPDATE ProgramFileHistory SET DisableLogging = 1 WHERE DisableLogging = 0 AND ProgramId = '%s' AND FileId = '%s' AND (SELECT COUNT(1) FROM sqlite_master WHERE tbl_name = 'P%s_F%s') = 0;
drvmain.sdb
DT$HH
DuplicateHandle
DWM 8 and 16 bit mode
DWM8And16
DWM8And16_Create
DWM8And16_ModeChanged
DWM8And16BitMitigation
DXMAXIMIZEDWINDOWEDMODE
DXMaximizedWindowedMode
DxShimApplied_Create
DxShimApplied_Resolve
DynApi
E(=csm
E(H;E(s
E0H!t$(E3
E8=csm
E8y)t
E8y)u
E8yit
E8yIt
E8yIu
E8yiu
E8yIu
E8yiu
E8yIu
E8yiu
E94$tJH
edelleenjaeltava
EguAI
EH=csm
Eh=csm
Ehttp://crl.microsoft.com/pki/crl/products/MicRooCerAut_2010-06-23.crl0Z
Ehttp://crl.microsoft.com/pki/crl/products/MicTimStaPCA_2010-07-01.crl0Z
Ehttp://www.microsoft.com/pkiops/certs/MicWinProPCA2011_2011-10-19.crt0
EJ E3
ElevateCreateProcess
ElevateCreateProcess_Create
ElevateCreateProcess_Detect
ElevateCreateProcess_Resolve
Elevated exe launched
Elevation required
Empty app name
Empty fix map found.
Empty string for Service: '%ls' Value: '%ls'
Enabled
EnableFirewall
EnableLogging
EnableOneSettingsAuditing
EnableTraceEx2
encapsulation
Encapsulation
Encapsulation.db
EncapsulationFileEvents.txt
EncapsulationRegistryEvents.txt
Encountered null NT header
Enter.
EnterCriticalSection
Entry has been disabled
Enumerated through all devices without finding drive %S
en-US
Environment
EPM9x
ERROR
Error [%d] closing tracing for process.
Error accessing the cache: %ls [%d]
Error accessing the cache: ERROR_ACCESS_DENIED %ls
Error adding shim to chain [%d]
Error allocating attribute buffer
Error allocating file name buffer.
Error allocating image name buffer.
Error allocating string value buffer
Error allocating user sid.
Error checking if process already tracked [%d]
Error checking IsPathInteresting [%d]
Error clearing sqlite3 bindings [%d]
Error compressing the database cache [%d]
Error converting user sid to string.
Error copy string value
Error creating DatabaseLogCache [%d]
Error creating file mapping
Error enumerating user key [%d]
Error finalizing sqlite3 statement [%d]
Error generating applied fix map [%d]
Error generating fix map [%d]
Error getting dialog's layer from button handle [%d]
Error getting local appdata path [%d]
Error getting ptr to tag data
Error getting StringRef
Error icon message box
Error in action for given EXE, type is unknown.
Error in converting the crash time
Error in registry value retrieved with NtQueryValueKey, not REG_SZ or REG_EXPAND_SZ
Error LoggedExe is null [%d]
Error opening database handle "%ws"
Error opening key HKEY_USERS\%S [%d]
Error parsing loader event [%d]
Error parsing shim event from process %d [%d]
Error processing luafv event [%d]
Error querying value %S [%d]
Error querying value [%u]
Error reading buffer
Error reading data
Error reading desired access from event stream [%d]
Error reading event data [%d]
Error reading exclusions from event stream [%d]
Error reading ExportingDllName [%d]
Error reading ExportingDllName length [%d]
Error reading FailureReason [%d]
Error reading fix type [%u]
Error reading ImportingDllName [%d]
Error reading ImportingDllName length [%d]
Error reading InstallFailureInfo [%d]
Error reading layer name [%u]
Error reading layer name length [%u]
Error reading module name [%d]
Error reading process ID [%d]
Error reading process start time [%d]
Error reading size data
Error reading store value [%d]
Error reading tag
Error reading tag data
Error reading user sid [%d]
Error resetting sqlite3 statement [%d]
Error retrieving attributes
Error setting scenario state in token [%d]
Error setting stream position [%d]
Error setting stream position to %d [%d]
Error starting internet session : [%d].
Error when installer completed
Error when processing resolver complete message
Error writing events from the logger cache for process [%d].
Error writing events from the logger cache for processId %d.
ERROR#%s#%d
Error: The NTFS file IDs don't match. Skipping this EXE.
ErrorCode
ETW,Provider,
EtwEventLost
EtwEventRegister
EtwEventUnregister
EtwEventWrite
EtwEventWriteNoRegistration
EtwFromDm,%s,%s
EtwFromDm,Provider,%S,EventId,%d
EtwTraceMessage
Event discarded,%s
Event index too large: %S
Event sent
EventDiscarded not specified
EventIndex
EventRegister
EventSetInformation
EventUnregister
EventWriteTransfer
Ex=csm
EX=csm
Exceeded retry count for Driver: '%ls'
Exceeded retry count for Driver: '%ls' Location: '%ls'
Exception
Exception encountered [%x]
Exception retrieving version block [%x] for '%ls'
Exception while reading manifest [%d]
Exception while reading PE [%d]
Exception: %d %s
Exception: [%d]
Excluded,%S,%s
Excluded,Native
Excluded,Path cannot be shimmed
Excluded,SwitchBack manifested
Excluded,System
Excluded,x86 process
Exe changed during run
ExeBinFileVersion
ExeCheckSum
Executable
ExecuteQuery error [%d]
ExeEntries.Append Failed [%d]
ExeEntries.Initialize Failed [%d]
ExeFullPath
ExeGuid
ExeIndexInApp
ExeName
ExeName: %ls
ExeSize
ExeType
EXI9X
existing layer not converted to a fixmap [%d]
Existing layer value is too long
Exit with error 0x%x; exe: %ws
ExitCode
ExitCodeValid
ExitProcess
EXM!e
Expand callback failed to expand SDB
ExpandEnvironmentStrings Failed [%d]
ExpandEnvironmentStringsA
ExpandEnvironmentStringsForUserW
ExpandEnvironmentStringsW
Export directory invalid or invalid image format
Export directory pointer invalid (points to location outside file), invalid image format
External
External request
ext-ms-win32-subsystem-query-l1-1-0
ext-ms-win32-subsystem-query-l1-1-0.dll
ext-ms-win-appcompat-aepic-l1-1-0.dll
F(9C(
F(H;F(s
F(I;F(
F(I;F(s
f;GHt
F@9C@
F@H+A
F0D8#ubD8c
f9(t~H
f9(t8A
f9,^u
f9,Au
f9,Cu
f9,Hu
f9,zu
f9/tDI
f9\$P
f9+t/E3
f9<^u
f9<Au
f9<Bu
f9<Fu
f9<Hu
f9<iu
f9<Xu
f93urH
f94Au
f94Gu
f94Hu
f94hu
f94Hu
f94Xu
f99tHL
f9CHu
f9t$0t%H
fA9?t
fA9<@u
fA9<Ju
fA9<Qu
fA90H
fA90t#I
fA94$
fA96t
fA99u
fA9AHt
fA9AHu
fA9TM
fA9Z*
Failed
Failed acquiring the crypto context [%x]
Failed build ARP key from monitor list [%d]
Failed converting to fix map to strings [%d]
Failed creating hash object [%x]
Failed ExpandEnvironmentStrings for PCASVC_EVENTLOG_DIRECTORY [%d]
Failed ExpandEnvironmentStrings for PCASVC_RAW_FILE_EVENT_LOG [%d]
Failed ExpandEnvironmentStrings for PCASVC_RAW_REGISTRY_EVENT_LOG [%d]
Failed format data [%#x] (%d)
Failed hashing data [%x]
Failed NtSetValueKey [%x]
Failed Reading PCA logging settings [%d]
Failed record MBB arp in store [%d]
Failed removing unhelpful dialogs [%d]
Failed revert layer(s) [%d]
Failed running install patch sdb %d
Failed running uninstall patch sdb %d
Failed SetupIterateCabinet %d
Failed to acquire key for store [%d]
Failed to activate detectors %S [%d]
Failed to activate detectors [%d]
Failed to activate detectors on elevated process [%d]
Failed to activate Installer layer [%d]
Failed to activate layer for mobile broadband installer [%d]
Failed to add altname [%d]
Failed to add applanguage [%d]
Failed to add apply fix button [%d]
Failed to add applyfix button [%d]
Failed to add appname [%d]
Failed to add apppublisher [%d]
Failed to add appversion [%d]
Failed to add arp key to report [%d]
Failed to add attribute [%d]
Failed to add check online button [%d]
Failed to add child to parent's context for tracking [%d]
Failed to add compatestatebefore [%d]
Failed to add compatstateafter [%d]
Failed to add context to the list [%d]
Failed to add custom close button [%d]
Failed to add data unit [%d]
Failed to add DISC_CHECKSUM_QUERY [%d]
Failed to add DISC_ID_QUERY [%d]
Failed to add DISC_NAME_QUERY [%d]
Failed to add DISC_SIZE_QUERY [%d]
Failed to add drivers to driverlog [%d]
Failed to add dummy file id [%d]
Failed to add entry [%d]
Failed to add environment [%d]
Failed to add event to queue [%d]
Failed to add exe checksum [%d]
Failed to add exe size [%d]
Failed to add exename [%d]
Failed to add exeversion [%d]
Failed to add file name to report [%d]
Failed to add fileid [%d]
Failed to add filter tag [%d]
Failed to add flags [%d]
Failed to add from monitor ARP key list [%d]
Failed to add genome [%d]
Failed to add history item [%d]
Failed to add InstallShield exe [%d]
Failed to add item [%d]
Failed to add layer name to button [%d]
Failed to add layer to query result [%u]
Failed to add listener [%d]
Failed to add LongName [%d]
Failed to add MSI package code [%d]
Failed to add MSI product code [%d]
Failed to add MsiDetected [%d]
Failed to add pinneddllname [%d]
Failed to add prefix. [%x]
Failed to add process to a chain [%d]
Failed to add programid [%d]
Failed to add programId to driverlog [%d]
Failed to add runtimeafter [%d]
Failed to add runtimebefore [%d]
Failed to add shim event [%d]
Failed to add slot [%d]
Failed to add the exe: exe count exceeded, tiExe was 0x%lx
Failed to add the layer: layer count exceeded, tiExe was 0x%lx
Failed to add the match: layer count exceeded
Failed to add the match: layer count exceeded, trLayer was 0x%lx
Failed to add timestamp [%d]
Failed to add to arp key list [%d]
Failed to add to attribute list [%d]
Failed to add to queue [%d]
Failed to add to trace file list [%d]
Failed to add token to queue [%d]
Failed to add uninstall string to recent list [%d]
Failed to add uninstall tag [%d]
Failed to alloc language string
Failed to alloc memory for string value (index %d)
Failed to alloc name string
Failed to allocate %d bytes for user key buffer
Failed to allocate %ld bytes for key path
Failed to allocate ami store [%d]
Failed to allocate DB structure
Failed to allocate entries [%d]
Failed to allocate ImagePath memory for '%ls'
Failed to allocate memory
Failed to allocate memory for '%ls'
Failed to allocate memory for ArpKeyName
Failed to allocate memory for cablink buffer
Failed to allocate memory for driver work
Failed to allocate memory for file info
Failed to allocate memory for service key name entry
Failed to allocate memory for text blob
Failed to allocate process history buffer
Failed to allocate scenario data
Failed to allocate sdb context
Failed to allocate sdbcontext
Failed to allocate search path parts
Failed to allocate task definition content
Failed to allocate task folder name
Failed to allocate task name
Failed to allocate temp buffer
Failed to allow breakaway on job object [%d]
Failed to append full program data directory path [%d]
Failed to append layer to buffer [%u]
Failed to append stream suffix
Failed to append to existing layers
Failed to apply fix.
Failed to apply fix. [%d]
Failed to apply new button text [%d]
Failed to assign ARP key list [%d]
Failed to assign attribute list [%d]
Failed to assign BinFileVersion [%d]
Failed to assign CrcChecksum [%d]
Failed to assign PeChecksum [%d]
Failed to assign Size [%d]
Failed to associate completion port data with job object [%d]
Failed to associate process with job [%d]
Failed to build layers from query result [%d]
Failed to cache shortcut scan result [%d]
Failed to capture attributes [%d]
Failed to cat alt name [%d]
Failed to cat arp key name [%d]
Failed to cat Hklm [%d]
Failed to cat string [%x]
Failed to cat system32 path
Failed to cat SystemExeName
Failed to cat syswow64 path
Failed to cat temp path [%u]
Failed to check file attributes [%x]
Failed to check if image is in program files [%d]
Failed to check if the layer has already been applied [%d]
Failed to check MATCHING_REG entry
Failed to check MATCHING_TEXT entry
Failed to check MATCHING_WILDCARD_REGISTRY entry
Failed to check sdb [%d]
Failed to check Telecommand [%d]
Failed to cleanse string [%d]
Failed to clear the global store of ARP entry [%d]
Failed to close local database
Failed to compare ARPs & Shortcuts [%d]
Failed to compare inventories [%d]
Failed to complete data collection thread [%d]
Failed to compute checksum
Failed to compute checksum [%d]
Failed to compute program Id [%d]
Failed to compute the path length [%x]
Failed to concat %S, insuffcient buffer assumed
Failed to concat, insuffcient buffer assumed
Failed to connect to scheduler %x
Failed to connect to the host [%ws] %d
Failed to connect to the internet %d
Failed to construct datafile path [%d]
Failed to construct full key path
Failed to construct store path
Failed to construct system32 path
Failed to convert 0x%lx to layer ref
Failed to convert attribute to string [%x]
Failed to convert database guid to string [%u]
Failed to convert dos path to nt path [%x]
Failed to convert entry guid to string [%u]
Failed to convert EXE id to string [%x]
Failed to convert guid to string [%d]
Failed to convert guid to string [%x]
Failed to convert layer to fix map [%d]
Failed to convert multisz to array of strings [%d]
Failed to convert name to multi-byte
Failed to convert silent layers to fixmap [%d]
Failed to convert suggested layers to fixmap [%d]
Failed to convert system time to file time
Failed to convert tagid to tagref
Failed to convert tagref 0x%x to tagid
Failed to convert tiExe 0x%x to trExe
Failed to convert to file time [%d]
Failed to convert to system time [%d]
Failed to convert to tagref [%u]
Failed to copy ApplicationName
Failed to copy attribute value (index %d) [%x]
Failed to copy button text into button structure.
Failed to copy button text.
Failed to copy CommandLine
Failed to copy compat layer
Failed to copy CurrentDirectory
Failed to copy data name
Failed to copy database guid
Failed to copy entry data name
Failed to copy entry guid
Failed to copy EXE path
Failed to copy executable path [%d]
Failed to copy extracted drvpatch.sdb to the destination %d
Failed to copy file id [%d]
Failed to copy FileId [%d]
Failed to copy footer text
Failed to copy from the ARP info [%d]
Failed to copy header text
Failed to copy instruction text
Failed to copy layer name
Failed to copy name [%d]
Failed to copy NtSystemRoot
Failed to copy NULL file ID [%x]
-Failed to copy path. [%x]
Failed to copy ProgramId [%d]
Failed to copy ProgramName [%d]
Failed to copy resolver event data into ACT event [%d]
Failed to copy root path [%d]
Failed to copy sid string [%d]
Failed to copy user SID
Failed to copy User Sid [%d]
Failed to copy user sid [%d]
Failed to copy UserSid [%d]
Failed to CopyFile for Driver: '%ls' [%d]
Failed to create a delayed processing timer, %d
Failed to create a device list [%d]
Failed to create a store [%d]
Failed to create a task scheduler %x
Failed to create activation context [%d]
Failed to create activation context [%x]
Failed to create Arp key [%d]
Failed to create arp list [%d]
Failed to create Arp monitor thread [%d]
Failed to create arpkeys list [%d]
Failed to create Chain timer [%d]
Failed to create ChainDataBuilder [%d]
Failed to create ChainManager [%d]
Failed to create completion port [%d]
Failed to create data collection thread [%d]
Failed to create dialog [%d]
Failed to create directory [%d]
Failed to create drivers list [%d]
Failed to create event [%d]
Failed to create event data [%d]
Failed to create extract directory [%ws] %d
Failed to create extract path [%ws] [%ws] 0x%x
Failed to create file [%ws]: %d
Failed to create file mapping [%x]
Failed to create files list [%d]
Failed to create guid [%d]
Failed to create history [%d]
Failed to create initialize file mapping [%x]
Failed to create Installer instance guid [%d]
Failed to create inventory timer [%d]
Failed to create job thread [%d]
Failed to create key %S [%d]
Failed to create layer map [%d]
Failed to create link object [%d]
Failed to create list [%d]
Failed to create listener [%d]
Failed to create machine key at %S [%d]
Failed to create OverrideDb [%d]
Failed to create process [%ws] %d
Failed to create process list [%d]
Failed to create ProcessTracker [%d]
Failed to create queue [%d]
Failed to create resolver %S [%d]
Failed to create search DB context
Failed to create section [%d]
Failed to create semaphore [%d]
Failed to create 'services' event [%d]
Failed to create shutdown event [%d]
Failed to create Siuf timer [%d]
Failed to create start screen timer [%d]
Failed to create store [%d]
Failed to create stream [%d]
Failed to create stream as the file was not found '%S'
Failed to create stream from buffer [%d]
Failed to create task definition %x
Failed to create Telecommand cache instance [%d]
Failed to create telemetry queue [%d]
Failed to create test key under provider: %ws [%d]
Failed to create the arp monitor [%d]
Failed to create the file tracer [%d]
Failed to create the registry tracer [%d]
Failed to create the worker thread [%d]
Failed to create threadpool [%d]
Failed to create threadpoolTimer [%d]
Failed to create threadpoolWait [%d]
Failed to create threadpoolWork [%d]
Failed to create timer [%d]
Failed to create token [%d]
Failed to create token queue timer [%d]
Failed to create TokenQueue [%d]
Failed to create trace file [%d]
Failed to create trace file for process %d [%d]
Failed to create trace file name [%d]
Failed to create trace thread [%d]
Failed to create Triager [%d]
Failed to create user ARP key %S [%d]
Failed to create user key at %S [%d]
Failed to create user key path "%ws" [%x]
Failed to create user key path for "%ws" [%x]
Failed to create wait event [%d]
Failed to create wait thread [%d]
Failed to create Wow64 Arp key [%d]
Failed to CreateFile for Driver: '%ls' [%d]
Failed to CreateFileMapping for Driver: '%ls' [%d]
Failed to delete chain timer [%d]
Failed to delete inventory timer [%d]
Failed to delete shortcut [%d]
Failed to delete start screen timer [%d]
Failed to delete temp drvpatch.sdb %d
Failed to delete test key under provider: %ws [%d]
Failed to delete timer [%d]
Failed to delete token process one timer [%d]
Failed to delete value [%d]
Failed to delete value from Key "%S" [%x]
Failed to detect first run
Failed to determine if file is an orphan [%d]
Failed to determine runtime platform
Failed to devices interface details [%d]
Failed to devices supporting volume interface [%d]
Failed to diff arp key [%d]
Failed to disable redirects and cookies %d
Failed to download the cab file %d
Failed to duplicate buffer [%d]
Failed to duplicate layer string
Failed to duplicate process handle [%u]
Failed to duplicate string [%d]
Failed to emit Siuf escalation event [%d]
Failed to enable file trace [%d]
Failed to enable registry trace [%d]
Failed to enable RPC interface [%d]
Failed to ensure file mapping as data [%x]
Failed to ensure the file mapping as data [%x]
Failed to enum command [%d]
Failed to enum deleted key [%d]
Failed to enum services key [%d]
Failed to enum uninstall key [%d]
Failed to enumerate arp items [%d]
Failed to enumerate items [%d]
Failed to enumerate sessions [%d]
Failed to enumerate shortcut items [%d]
Failed to execute health rules [%d]
Failed to execute resolvers [%d]
Failed to expand command line [%d]
Failed to expand download path %d
Failed to expand drv patch extract path %d
Failed to expand drv patch path %d
Failed to expand drv patch temp path string %d
Failed to expand environment variables in temporary internet file path [%x]
Failed to expand extract directory %d
Failed to expand install string %d
Failed to expand system32 path. [%d]
Failed to expand uninstall string %d
Failed to extract cab files %d
Failed to find Active sessions [%d]
Failed to find Attribute to use for sdb tag
Failed to find button in source dialog [%d]
Failed to find chain by ref [%d]
Failed to find exe path [%d]
Failed to find installer type [%d]
Failed to find process %d for shim event
Failed to find process [%d]
Failed to find sdb [%d]
Failed to find svchost RegisterStopCallback [%d]
Failed to find the Cor20Header
Failed to find version layer from Genome [%d]
Failed to flush trace [%d]
Failed to format attribute index: %d
Failed to format device path with stringcchprintf [%d]
Failed to format long path [%d]
Failed to format sentinel file path.
Failed to format setupscripchecksum [%d]
Failed to format size [%d]
Failed to format the language code for the file [%d]
Failed to generate directory guid. %x
Failed to generate directory name. %d
Failed to generate layer string from fix map [%d]
Failed to generate map for existing layers [%d]
Failed to generate map for fix to apply [%d]
Failed to get a value to use for BOE App name.
Failed to get Active sessions user SID
Failed to get Active sessions user SID [%d]
Failed to get an index for tag 0x%lx key 0x%lx
Failed to get AppInfo from arp: %ls
Failed to get attribute %d [%x]
Failed to get attribute index %u [%x]
Failed to get certificate chain policy %x
Failed to get chain handle for parent process %d [%d]
Failed to get component name [%d]
Failed to get data block for chain [%d]
Failed to get data length [%#x] (%d)
Failed to get database tag, db is corrupt
Failed to get database type [%x]
Failed to get default proxy info: [%d].
Failed to get detector flags [%d]
Failed to get devices supporting volume interface [%d]
Failed to get disc information [%d]
Failed to get duplicate handle [%d]
Failed to get elevation state
Failed to get executable path [%u]
Failed to get executable path for redirection [%u]
Failed to get ExeName attribute [%d]
Failed to get exit code from process [%ws] %d
Failed to get file attributes [%u]
Failed to get file id [%d]
Failed to get file time [%d]
Failed to get full path [%x]
Failed to get function SHGetSignatureInfo [%x]
Failed to get Genome [%d]
Failed to get host name from [%ws] %x
Failed to get HWID
Failed to get image type [%x]
Failed to get index by tag id 0x%lx
Failed to get info about file %S [%d]
Failed to get info for installer
Failed to get InstallShield attributes [%d]
Failed to get item name from button [%d]
Failed to get key [%d]
Failed to get key path tag
Failed to get layer from 0x%lx
Failed to get layer name from button [%d]
Failed to get layer string from fixmap [%d]
Failed to get load link with persist file interface [%d]
Failed to get long name [%d]
Failed to get long path name for file [%u]
Failed to get matching info for chain head [%d]
Failed to get MATCHING_TEXT file path
Failed to get MBB arp key from store [%d]
Failed to get migration shim directory path [%d]
Failed to get module [%d]
Failed to get module length [%d]
Failed to get module name [%d]
Failed to get module type attribute [%x]
Failed to get ntheaders [%x]
Failed to get NtHeaders for PE file %S [%x]
Failed to get patch edition [%d]
Failed to get path for link [%d]
Failed to get pca database path
Failed to get perm layer path
Failed to get perm layer path [%d]
Failed to get perm layers path for %S [%d]
Failed to get persist file interface [%d]
Failed to get pfn of ReportDeviceAdd, %d
Failed to get pfn of ReportDeviceRemove, %d
Failed to get pointer to the index data tagid x%lx
Failed to get process handle [%d]
Failed to get process id [%d]
Failed to get processor architecture [%d]
Failed to get processor architecture [%x]
Failed to get program data directory [%d]
Failed to get Program Files directory path [%d]
Failed to get program id [%d]
Failed to get ProgramId for [%ls]
Failed to get Property BaseName [%d]
Failed to get Property BaseObject [%d]
Failed to get Property FileKey [%d]
Failed to get Property FileName [%d]
Failed to get Property FileObject [%d]
Failed to get Property KeyObject [%d]
Failed to get Property RelativeName [%d]
Failed to get Property Status [%d]
Failed to get recommended layer [%d]
Failed to get registry string %d
Failed to get root key [%d]
Failed to get root tag
Failed to get runtime platform [%x]
Failed to get scheduler folder %x
Failed to get Service: '%ls' Value: '%ls' [%d]
Failed to get session id [%d]
Failed to get sid string [%d]
Failed to get sid string [%u]
Failed to get size for Service: '%ls' Value: '%ls' [%d]
Failed to get slot data.
Failed to get snapshot [%d]
Failed to get store full path [%d]
Failed to get supported OS from application manifest [%d]
Failed to get sysmain edition [%d]
Failed to get sysmain file name [%d]
Failed to get syspatch file name [%d]
Failed to get system drive device name.
Failed to get system drive prefix [%d]
Failed to get system root directory [%x]
Failed to get TAG from TAGREF 0x%x
Failed to get tag id
Failed to get tag id [%u]
Failed to get tag id from tag ref 0x%lx
Failed to get TAG_REG_VALUE_DATA_BINARY
Failed to get TAG_REG_VALUE_DATA_DWORD
Failed to get TAG_REG_VALUE_DATA_QWORD
Failed to get TAG_REG_VALUE_DATA_SZ
Failed to get text to match blob
Failed to get the child index from root
Failed to get the creation time [%d]
Failed to get the database ID
Failed to get the database id
Failed to get the entry tag ref [%d]
Failed to get the exe tag ref [%d]
Failed to get the exe type [%d]
Failed to get the file size [%u]
Failed to get the name tag id for 0x%lx
Failed to get the pointer to index data, index tagid 0x%lx
Failed to get the section information [%d]
Failed to get the string from the database
Failed to get token information [%d]
Failed to get Type value for Service: '%ls' [%d]
Failed to get user layer keys
Failed to get user temp path [%d]
Failed to get user token information from Session=%d [%d]
Failed to get user type [%d]
Failed to get value [%d]
Failed to get volume information [%d]
Failed to get volume name [%d]
Failed to get Windows directory path [%d]
Failed to GetFileSize for Driver: '%ls' [%d]
Failed to GetSystemWindowsDirectory [%d]
Failed to GetTempFileName for Driver: '%ls' [%d]
Failed to GetTempPath for Driver: '%ls' [%d]
Failed to give privilege [%d]
Failed to handle event [%d]
Failed to handle upgrade case [%d]
Failed to hash File path [%#x]
Failed to impersonate RPC client [%d]
Failed to impersonate user [%d]
Failed to init the sdb: %08lx
Failed to initialize ami cache [%d]
Failed to initialize ARP key list [%d]
Failed to initialize attribute list [%d]
Failed to initialize cache [%x]
Failed to initialize chain processids [%d]
Failed to initialize com %x
Failed to initialize COM [%d]
Failed to initialize COM while trying to parse shortcuts [%x]
Failed to initialize enum [%d]
Failed to initialize event attribute list [%d]
Failed to initialize installer attribute list [%d]
Failed to initialize listeners [%d]
Failed to initialize logger process %d - Error [%d]
Failed to initialize main database
Failed to initialize main database [%d]
Failed to initialize onesettings
Failed to initialize open jobs array [%d]
Failed to initialize scenario data [%d]
Failed to initialize SEARCHDBCONTEXT
Failed to initialize security descriptor [%d]
Failed to initialize store [%d]
Failed to initialize store [%d] - Attempting to reset cache permissions
Failed to initialize the service [%d]
Failed to initialize the string list [%d]
Failed to initialize token queue [%d]
Failed to initialize Udd [%d]
Failed to initialize UtcThrottle [%d]
Failed to insert history row [%d]
Failed to install driver patch sdb [%d]
Failed to install patch sdbs [%d]
Failed to inventory user key [%d]
Failed to link child and parent processes [%d]
Failed to load aggregated dialog strings [%d]
Failed to load button text from resources [%d]
Failed to load dialog strings [%d]
Failed to load file [%d]
Failed to load history from store [%d]
Failed to load module resources [%d]
Failed to load resource strings [%d]
Failed to load sdb [%d]
Failed to load telecommand cache [%d]
Failed to lock a chain matching the dialog chain Id [%d]
Failed to lock fix [%d]
Failed to lock fix guid [%d]
Failed to lock sdb [%d]
Failed to lookup entry in override database [%d]
Failed to make path for temp directory [%u]
Failed to map a view of file mapping [%d]
Failed to map file [%d]
Failed to map file [%x]
Failed to map SDB [%x]
Failed to MapViewOfFile for Driver: '%ls' [%d]
Failed to mark shortcut as uninstaller [%d]
Failed to mark shortcuts [%d]
Failed to match process id [%d]
Failed to merge history row [%d]
Failed to move backup drvpatch.sdb to drvpatch.sdb %d
Failed to move the file pointer position [%d]
Failed to move the old drvpatch.sdb to a temp location %d
Failed to open %S: %08lx
Failed to open client process [%u]
Failed to open database
Failed to open dir [%x]
Failed to open dormant pdb
Failed to open driver database
Failed to open file [%d]
Failed to open file key [%d]
Failed to open http request [%ws]: [%d].
Failed to open Key "%ws" [%x]
Failed to open key [%d]
Failed to open key [%x]
Failed to open Key for "%S" [%x]
Failed to open key to disable Driver: '%ls' [%d]
Failed to open logfile %S [%d]
Failed to open process token [%d]
Failed to open process token [%u]
Failed to open reg key [%x]
Failed to open registry subpath [%d]
Failed to open SDB - File size too large or small.
Failed to open sdb [%u]
Failed to open Sdb [%u]
Failed to open Services key [%d]
Failed to open services key [%d]
Failed to open store [%d]
Failed to open Telecommand key [%d]
Failed to open the database
Failed to open the file %S [%d]
Failed to open the file [%u]
Failed to open timer [%d]
Failed to pack history [%d]
Failed to pack token [%d]
Failed to parse shim event: FixName=%S, FixTypeFlags=%08lx [%d]
Failed to parse the dialog response stream [%d]
Failed to populate ARP keys [%d]
Failed to post quit completion status [%d]
Failed to prefix path [%d]
Failed to print pcaui command: [0x%x]
Failed to process ARP key for MBB install [%d]
Failed to process filter [%d]
Failed to process inventory update request [%d]
Failed to process item [%d]
Failed to process queue [%d]
Failed to put task definition %x
Failed to query activation context [%x]
Failed to query device [%u]
Failed to query job information [%d]
Failed to query key value [%x]
Failed to query onesetting [%d]
Failed to query trace [%d]
Failed to queue telemetry event [%d]
Failed to read activation context [%d]
Failed to read BinaryName [%d]
Failed to read ChainId [%d]
Failed to read ClsId from event [%d]
Failed to read compat data from peb [%d]
Failed to read compatibility data [%d]
Failed to read compatibilty data [%d]
Failed to read compatibilty data [%u]
Failed to read data [%d]
Failed to read database header
Failed to read database id 0x%lx
Failed to read dialog strings [%d]
Failed to read DialogAlreadyShown [%d]
Failed to read DialogChainId [%d]
Failed to read DialogResponseButton [%d]
Failed to read DialogResponseButtonType [%d]
Failed to read DialogUniqueId [%d]
Failed to read Dll name [%d]
Failed to read DllName from event [%d]
Failed to read encoding type
Failed to read exit code [%d]
Failed to read filename [%d]
Failed to read flags [%u]
Failed to read flags from event [%d]
Failed to read flags from query result [%d]
Failed to read from the uninstall key [%d]
Failed to read from the uninstall string [%d]
Failed to read GUID of the database
Failed to read GUID referenced by 0x%x
Failed to read HWID attribute
Failed to read image name [%d]
Failed to read installer process data [%d]
Failed to read key [%d]
Failed to read key path
Failed to read layers for CPL [%d]
Failed to read layers for MSI [%d]
Failed to read manifest [%d]
Failed to read matching text blob
Failed to read MATCHING_REG entry
Failed to read MATCHING_TEXT entry
Failed to read MATCHING_TEXT file path
Failed to read MATCHING_WILDCARD_REGISTRY entry
Failed to read module name[%d]
Failed to read name of process %d [%d]
Failed to read NoisyResolvers [%d]
Failed to read OverrideDb FileTime [%d]
Failed to read PE [%d]
Failed to read PE header. Could be a corrupted image or 16-bit app.
Failed to read process data -> ignoring process %d
Failed to read Process path from event
Failed to read question id [%d]
Failed to read resource strings [%d]
Failed to read run level information [%d]
Failed to read store value %S [%d]
Failed to read stream [%d]
Failed to read suspend process value [%d]
Failed to read TAG_EXE_ID [%u]
Failed to read TAG_EXE_ID for tiExe 0x%x
Failed to read telecommand parameters [%d]
Failed to read text encoding
Failed to read text to match
Failed to read the DeploymentOperation ID [%d]
Failed to read the GUID for tiExe 0x%x
Failed to read the GUID from the database
Failed to read the guid info [%d]
Failed to read the Os version info [%d]
Failed to read the sdb: %08lx
Failed to read TimeDataStampYear in PE header.
Failed to read uninstall string [%d]
Failed to read user environment [%d]
Failed to read value
Failed to read value data
Failed to read value info from key [%x]
Failed to read value type
Failed to receive response: [%d].
Failed to register callback [%d]
Failed to register change notification - skipping key [%d]
Failed to register for power notifications [%d]
Failed to register services key change notify [%d]
Failed to register task %x
Failed to remove layer [%d]
Failed to remove old patch SDB [%d]
Failed to renew change notification [%d]
Failed to reset recent data [%d]
Failed to resolve [%d]
Failed to resolve device name [%u]
Failed to resolve layer tag %d
Failed to resolve matching dir
Failed to resolve matching file
Failed to resolve matching text file
Failed to resume process
Failed to retrieve AppInfo from arp.
Failed to retrieve application paths [%d]
Failed to retrieve attributes [%d]
Failed to retrieve attributes for installer exe [%d]
Failed to retrieve chain [%d]
Failed to retrieve chain data [%d]
Failed to retrieve client process handle [%d]
Failed to retrieve datafile attributes [%d]
Failed to retrieve extra data [%u]
Failed to retrieve extra flags while adding %ws
Failed to retrieve hash length [%x]
Failed to retrieve history from the store [%d]
Failed to retrieve local database context [%u]
Failed to retrieve local rpc id [%d]
Failed to retrieve long name [%u]
Failed to retrieve override flags [%d]
Failed to retrieve process history
Failed to retrieve program attributes [%d]
Failed to retrieve program info [%d]
Failed to retrieve slot [%d]
Failed to retrieve the hash value [%x]
Failed to retrieve user data [%d]
Failed to revert fix [%d]
Failed to RtlImageNtHeaderEx for Driver: '%ls' [%d]
Failed to save stream to file [%d]
Failed to save to cache [%d]
Failed to save trace file [%d]
Failed to scan folder [%d]
Failed to scenario data [%d]
Failed to select arp key [%d]
Failed to send DM event [%d]
Failed to send event [%d]
Failed to send internal event [%d]
Failed to send request using auto proxy
Failed to send request using default proxy %x
Failed to set a quarantined exe path to the store [%d]
Failed to set alt name [%d]
Failed to set app information [%d]
Failed to set bad image or 16 bit app into genome [%d]
Failed to set chain slot [%d]
Failed to set compat layer [%d]
Failed to set current count %d
Failed to set data block for chain [%d]
Failed to set data for attribute AHG_TAG_FILE_CREATION_TIME [%d]
Failed to set data for attribute AHG_TAG_FILE_EXE_ILONLY [%d]
Failed to set data for attribute AHG_TAG_FILE_EXE_TYPE [%d]
Failed to set data for attribute AHG_TAG_MANIFEST_SUPPORTED_OS
Failed to set data for attribute AHG_TAG_NOT_PE
Failed to set data for attribute AHG_TAG_PE_NXCOMPAT
Failed to set data for attribute AHG_TAG_PE_OS_VERSION
Failed to set data for attribute AHG_TAG_PE_SUBSYSTEM_VERSION
Failed to set data for attribute AHG_TAG_PE_TIME_DATE_STAMP_YEAR
Failed to set data for attribute AHG_TAG_UAC_RUN_LEVEL
Failed to set dialog strings [%d]
Failed to set executable path in dialog [%d]
Failed to set headers  %x
Failed to set layer [%d]
Failed to set layers [%d]
Failed to set proxy option: [%d].
Failed to set resolver manager data block for chain [%d]
Failed to set service status [%d]
Failed to set slot value [%d]
Failed to set store value [%d]
Failed to set stream position [%d]
Failed to set the mitigation layer for 8/16-bit application.
Failed to set threadpool minimum [%d]
Failed to set user sid in dialog [%d]
Failed to set value %S [%d]
Failed to set value [%d]
Failed to set value to disable Driver: '%ls' [%d]
Failed to set vista setup layer
Failed to show apphelp [%d]
Failed to show dialog [%d]
Failed to show dialog in DM [%d]
Failed to shut down job thread: %08lx
Failed to snap database [%d]
Failed to snap pca database
Failed to snapshot arp list [%d]
Failed to snapshot static attributes [%d]
Failed to split the wildcard path
Failed to start new chain [%d]
Failed to start the file tracer [%d]
Failed to start the registry tracer [%d]
Failed to start trace [%d]
Failed to start tracking [%d]
Failed to start tracking process [%d]
Failed to start troubleshooter [%d]
Failed to stop the pnp thread
Failed to store act event in slot [%d]
Failed to store Ami cache path [%d]
Failed to store history data [%d]
Failed to store item key name [%d]
Failed to subscribe to WNF for blocked driver %x
Failed to suspend process [%d]
Failed to swprintf applanguage
Failed to swprintf compatstateafter
Failed to swprintf compatstatebefore
Failed to swprintf environment
Failed to swprintf exe checksum
Failed to swprintf exe size
Failed to swprintf exeversion
Failed to swprintf flags
Failed to swprintf genome
Failed to swprintf runtimeafter
Failed to swprintf runtimebefore
Failed to take snapshot from HKLM [%d]
Failed to take snapshot from HKLM WOW [%d]
failed to translate fixmap into string [%d]
Failed to trigger Siuf [%d]
Failed to unbind from RPC [%d]
Failed to unpack history [%d]
Failed to unpack token [%d]
Failed to unregister endpoint [%d]
Failed to unregister interface [%d]
Failed to upcase unicode string "%ws"
Failed to update cache [%d]
Failed to update chain timer [%d]
Failed to update data block on installer start [%d]
Failed to update dialog data [%d]
Failed to update dialog response [%d]
Failed to update event object [%d]
Failed to update history data for the telemetry event [%d]
Failed to update inventory [%d]
Failed to update patch %x
Failed to update patch sdb [%d]
Failed to update patch SDB [%x]
Failed to update software inventory [%d]
Failed to update store permissions [%d]
Failed to update the received clsid list [%d]
Failed to update the received dll list [%d]
Failed to verify certificate chain with %x
Failed to verify if data is available: [%d].
Failed to VerifyImageFileInCatalog for Driver: '%ls' Location: '%ls' [%d]
Failed to VerifySignedImageFile for Driver: '%ls' Location: '%ls' [%d]
Failed to wait for patch to finish %d
Failed to write data to log file [%d]
Failed to write exe data into target process [%u]
Failed to write header [%d]
Failed to write name [%d]
Failed to write payload [%d]
Failed to write stream [%d]
Failed to write to file [%d]
Failed to write to provider: %ws [%d]
Failed to write to registry [%d]
Failed to write token [%d]
Failed uninstall
Failed when fetching metadata for the app [%d]
FailFast
Failure returned from GetQueuedCompletionStatus [%d]
failureCount
failureId
failureType
FallbackError
false
FALSE
Far::AttributeValueToString
Far::RetrieveSpecifiedFileAttributes
Far::StringFromBinaryType
Fast-exit process added with PID %d [%d]
Fault tolerant heap
FaultTolerantHeap
FaultTolerantHeap_Create
fB9,@u
fB9,Bu
fB9,Gu
fB94Bu
fB94Gu
fB94Ju
fB94ru
fC94~u
fC94xu
fC9Du
fclose
fD;1t
fD;3uK
fD;L$Lu
fD9 t
fD9!A
fD9!u
fD9$^u
fD9$_u
fD9$Cu
fD9$Ft
fD9$Hu
fD9$ou
fD9$qu
fD9$V
fD9$Xu
fD9$xu
fD9$Yu
fD9$Zu
fD9&I
fD9*t
fD9,{u$H
fD9,Au
fD9,pu
fD9,Xu
fD9,zu
fD9/t:
fD9/t-H
fD9/u
fD9?tGL
fD9|A
fD9|Q
fD9}`
fD9+u
fD9<^u
fD9<A
fD9<Au
fD9<Bu
fD9<Fu
fD9<Gu
fD9<iu
fD9<ru
fD9<su
fD9<Xu
fD90t,
fD94_u
fD94Au
fD94Bu
fD94Cu
fD94Fu
fD94Gu
fD94Xu
fD94yu
fD98t
fD98u
fD99t
fD9a(
fD9du
fD9l}
fD9LE
fD9tE
fD9u0u
fE9 t
fE9$@u
fE9$Gu
fE9,iu
fE9,qu
fE9,Xu
fE9,xu
fE9<^u
fE9<Du
fE9<Fu
fE9>t;L
fE9>t>D
fE9>tyH
fE94@u
fE94xu
fE98u
fE9AHu
fE9dm
fE9dN
fE9LN
fE9QHt
fE9TE
Feedback received,Value,%d,Time since asked,%d
fF9$pu
fF9,@u
fF9,Fu
fF9<@u
fF9<Cu
fF9<Gu
fF9<su
fF94@u
fF94Bu
fF9du
fG9,Fu
fG9,gu
File mapping invalid
File mapping invalid [%x]
File mapping not a PE [%x]
File name,%S
File no longer exists
File size not retrieved
File: Events Lost: %lu, BufferWritten: %lu, LogBuffersLost: %lu, RealTimeBuffersLost: %lu
FileCreate
FileDescription
FileEventsCount
FileEventsWritten
FileId
FileId: %ls
FileKey
FileList::_Create
FileList::CreateListForDiscInfo failed [%x]
FileListCount
FileName
fileName
FileName
fileName
FileObject
FilePath: '%ws'  Pattern: '%ws'
FileRegEtw
Files
FilesButNoKeys
FileSize
FileSize      : %I64u
FilesWithoutKeys
FileTimeToSystemTime
FileTimeToSystemTime failed [%d]
FileTracer reset: WAIT_ABANDONED
FileTracer reset: WAIT_FAILED [%d]
FileTracer reset: WAIT_TIMEOUT
FileTracer,File,%S
FileTracerCallback hit a hard stop for processId %d.
FileTracerCallback unable to flush memory cache for processId %d.
FileTracerCreateFile
FileTraceTimeout
FileTracing,%s
FileVersion
FileWriteErrorsOccurred
filter
FilterKernel
FindClose
FindFirstFile failed for %ws [GLE: %d]
FindFirstFile failed for %ws [GLE: %x]
FindFirstFileW
FindNextFileW
FindResourceW
Finished Logger_ServiceShutdown. Elapsed TickCount: %llu, ErrorCode: %d
firefox.exe
FirewallAPI.dll
FirstRun
FirstRunLayer
FirstRunNoLayer
Fixes applied
fJ7ZO
Flags
Flags cannot be passed in with the layer name
Flags:%d; DatabasePath:%ws
Flushed
FollowupValue
Fondue.exe /enable-feature:%s /show-caller /top-most /caller-name:"%s"
foobar2000.exe
FormatMessageW
FormatNPVString
Found
FreeEnvironmentStringsW
FreeLibrary
FreeSid
frxmain.sdb
FsFilter
FudH;
function
FwActivate
FwLink
fwprintf_s
FWTSAPI32.dll
G(H;G(s
G`H+D$Pu
G8H;G8r
G8H;G8r}
GenerateRandomGuid failed [%d]
Genome
GetAppInfo
GetAppInfo returned NULL
GetCommandLineW
GetCompletedEventItems returned error [%#x]
GetCurrentProcess
GetCurrentProcessId
GetCurrentThread
GetCurrentThreadId
GetDiscInformation
GetDiskFreeSpaceExW
GetDriveTypeW
GetEnvironmentStringsW
GetExitCodeProcess
GetFileAttributes(%ls) failed [%d]
GetFileAttributesW
GetFileInformationByHandle
GetFileInformationByHandle Failed [%d] [%ls]
GetFileSize
GetFileSizeEx
GetFileTime
GetFileVersionInfoSizeW
GetFileVersionInfoW
GetLastError
GetLengthSid
GetLocalTime
GetLogicalDriveStrings failed [%u]
GetLogicalDriveStringsW
GetLongPathNameW
GetModuleFileNameA
GetModuleFileNameW
GetModuleHandleExW
GetModuleHandleW
GetNativeSystemInfo
GetPathFunction (for SdbFileType %d, IsLtRs3: %d) failed [%x]
GetProcAddress
GetProcessHeap
GetProcessId
GetQueuedCompletionStatus
GetRingName
GetShortPathNameW
GetSystemDirectoryW
GetSystemFirmwareTable
GetSystemInfo
GetSystemTime
GetSystemTimeAsFileTime
GetSystemWindowsDirectory [%d]
GetSystemWindowsDirectoryW
GetTempFileNameW
GetTempFileNameW [%d]
GetTempPathW
GetTempPathW [%d]
GetThreadTimes
GetTickCount
GetTickCount64
GetTokenInformation
GetTokenInformation failed [%d]
GetTokenInformation failed [%u]
GetUserToken
GetVersion [%#x]
GetVersionEx failed [%d]
GetVersionExW
GetVolumeInformationByHandleW
GetVolumeInformationW
GetVolumeNameForVolumeMountPointW
G-fA;
gHA94$
GhH;Ghs
GhH+D$XH
Giving up resolving,%S
Global
Global object
Global\%lsSemaphore
Global\%lsTimer
Global\AmiProviderMutex_
Global\AmiUtcThrottlingSemaphore
Global\AmiUtcThrottlingTimer2
Global\OneSettingQueryMutex
Global\UFH_{DC27E4C7-C59E-4710-927B-9F9C958092B1}
GlobalFree
GlobalMemoryStatusEx
Group
H H!X
H I;H
h UAVAWH
H WATAUAVAWH
H WAVAWH
h!\$ H
H!\$0E
H!\$8L
H!\$hH
H!\$HH
H!] I
H!|$ H
H!|$(E3
H!|$(L
H!|$0
H!|$0D
H!|$8H
H!|$H
H!|$pL
H!}0H!}
H!D$@H
H!D$0
H!D$0E3
H!D$0H
H!E0L
H!l$ E3
H!t$ E3
H!t$ H
H!t$(E3
H!t$(H
H!t$0E3
H!t$HM
H!t$XA
H!X L
H#T$HL
H#w8H
H;\$pr$M
H;_8s
H;{8s
H;0u'A
H;A u?H
H;D$0
H;D$8
H;D$H
H;J sYH
H;k0s
H;l$`
H;o@w
H;O@w
H;s0s
H;t$pr
h_^][
H+|$`H
H+D$0u
H+D$8H
H+E7H;
H+G(H=
H+G@H
H+G8u
H+s8I+
H9;u H
H9^Xt
H9{Hs>H
H9}wt
H9B(r
H9C0ssH
H9i0tjH
H9l$8
H9O8tw
H9t$@t eH
H9t$0t eH
H9Uwt9eH
H9w8t
H9Y0t
H9Z0u
hA^_^[
HA_A^_^][
HA_A^A]A\_^[]
hA_A^A]A\_^[]
HA_A^A]A\_^][
Handle not valid [%u]
HandleRegExpandSzRegistryKeys
HasBinFileVersion
HashDigestLength
HasPeCheckSum
HBCompatibleUpdateAvailable
HcA<H
HcEHH
HcL$ HcD$$H
Health
HeapAlloc
HeapAlloc failed
HeapFree
HeapReAlloc
herdistribueerbare
HighDpiAware
HIGHDPIAWARE
HighestAvailable
HKCU\Software\Classes
HKEY_LOCAL_MACHINE
HKEY_LOCAL_MACHINE\
HKLMArpWithInstaller
HKLMArpWithoutInstaller
Homegroup
hresult
https://
HVCIBlocked
I;o0r
I_RpcBindingInqLocalClientPID
I0G1-0+
I9>u#L
iexplore.exe
If-None-Match:
Ignore,Install not successful
Ignore,LatestOs
Ignore,No arp keys changed
Ignore,Not executable
Ignore,Not InstallDetected
Ignore,Not ShellExecute
Ignore,SwitchBackManifest
Ignore,UacManifest
Ignored,Application OS version is later than the one the detector is targeting
Ignored,Child process SwitchBack manifest detected
Ignored,Child process UAC manifest detected
Ignored,Process not available for manifest check
Ignored,SwitchBack manifest detected
Ignored,UAC manifest detected
IgnoredDialogResponse,no ACT info available for chain
IgnoreFreeLibrary
IgnoreFreeLibrary FaultTolerantHeap DWM8And16BitMitigation ElevateCreateProcess
IgnoreTrigger,Waiting for possible toast event
Ignoring because chain ended with timeout
Ignoring LUAFV exclusion event because write access was not requested.
Ignoring LUAFV exclusion event by exclusion reason.
Ignoring NULL chains
Ignoring, cancel was clicked
Ignoring, no crash observed
Ignoring,Chain not found
Ignoring,Genome indicates Win 8 or higher
Ignoring,Limited user cannot elevate,%S
Ignoring,Path does not have vendor ID on watchlist,%S
Ignoring,Path does not start with drive letter,%S
Ignoring,Path not read only volume,%S
Ignoring,Path not removable media,%S,Type,%d
Ignoring,SwitchBack manifested,%S
Ignoring,UAC manifested,%S
ImagePath
ImpersonateLoggedOnUser
In session change worker thread. Initializing...
In worker thread. Initializing...
Including scenario - %S is in Windows.
Index missing TAG_INDEX_BITS
Index missing TAG_INDEX_KEY
Index missing TAG_INDEX_TAG
Index not found 0x%lx Key 0x%lx
Index tagid 0x%lx is not referring to the index bits
Initialization set to 1 for %ls
InitializeAcl
InitializeCriticalSection
InitializeCriticalSectionEx
InitializeSecurityDescriptor
InitializeSecurityDescriptor failed [%d]
InitOnceBeginInitialize
InitOnceComplete
InitOnceGetStringTableOffset
InitOnceGetStringTableOffset succeeded but failed to find string table
InitOnceScanIndexes
In-page exception when attempting to read from the file [%u]
INSERT INTO P%S_F%S (HashCode, OperationFlags, LoggingType) VALUES (?, ?, ?) ON CONFLICT (HashCode, OperationFlags, LoggingType) DO NOTHING;
INSERT INTO ProgramFileHistory (ProgramId, FileId, ExeName, TotalRegistryEventCount, TotalFileEventCount, DisableLogging, LastProcessId, FirstSeen, LastSeen) VALUES ('%S', '%S', '%S', %ld, %ld, 0, %lu, datetime('now'), datetime('now'));
INSERT INTO ProgramFileHistoryDetail (ProgramFileId, CreatedDate, SessionFileEventCount, SessionRegistryEventCount, FileCacheHit, RegistryCacheHit) VALUES (%lld, datetime('now'), %lu, %lu, %lu, %lu);
InstallAfterUpgrade
Installer
Installer completed
Installer event sent
Installer with no ARPs
Installer,Elevated non-installer
InstallerComplete,Failed,%d
InstallerExesTraced
InstallerFileDepth
InstallerProcess
InstallerRegDepth
InstallerRunBaseline
Installers
Installers_ChainStart
Installers_EtwFromDM
Installers_MsiStarted
Installers_ProcessEnd
Installers_ServiceInitialized
InstallerShim,ArpKey,%S
InstallerShim,File,%S
Installersp_AddInstallShieldAttributes
Installersp_ArpEntryChangeChainCallback
Installersp_ArpKeyChangeCallback
Installersp_Cleanup
Installersp_Complete
Installersp_EventArpKeyCreate
Installersp_EventFileCreate
Installersp_EventTraceFileCreate
Installersp_FindInstallerType
Installersp_IsInstallShield
Installersp_Start
Installersp_ThreadProc
Installersp_WaitForThread
InstallerStart
InstallerSuccess
Installer-TooManyProcesses
InstallerType
InstallFailed
InstallFailure
InstallFailure_Create
InstallFailure_Detect
InstallFailure_Resolve
InstallShield
InstallShield\setup.exe
InstallShield_
InstanceGuid
Insufficent space for User SID storage in buffer
Integer overflow calculating filename length.
Integer overflow calculating imagename length.
Internal,%s
Internal,EventId,%d
InternalName
Invalid argument
Invalid arguments
Invalid buffer size
Invalid COM Descriptor virtual address encountered
Invalid combination of Host/Current processor architectures passed to AslpEnvResolveVars Host: %x4 Current: %x4
Invalid COR20 Metadata signature encountered
Invalid COR20 Metadata virtual address encountered
Invalid exporting dll name in event
Invalid file attribute array
Invalid file name length
Invalid file name path %S
Invalid file path %S
Invalid fix name in event
Invalid fix type in event.
Invalid flags
Invalid importing dll name in event
Invalid language format
Invalid LoggingType: %d
invalid map/set<T> iterator
Invalid match file length
Invalid module info in event [%d]
Invalid parameter
Invalid parameters
Invalid parameters [%x]
Invalid path size
Invalid pdb
Invalid ProgramId
Invalid ProgramId and/or FileId
Invalid request process [%d]
invalid string position
Invalid tagid 0x%lx
Invalid user sid length
Invalid user sid.
Invalid value type
Inventory
Inventory update failed with exit code %d
Inventory_InstallerComplete
Inventory_InstallerProcessEnd
Inventory_InstallerStart
Inventory_ServiceShutdown
Inventory_SimpleUpdate
InventoryApplicationDriver
InventoryApplicationFile
inventoryId
InventoryIdOut buffer too small [%d]
Inventoryp_CreateTraceFile
InventoryVersion
IsAntiMalware
IsDebuggerPresent
IsInstaller
IsInstaller: %ls
IsInstallShield failed [%d]
IsProcessInJob
IsProcessorFeaturePresent
IsSystem check failed for importing dll [%d]
ISTAPMOC
IsTraceLoggingEnabled
IsUninstaller
ITelecommandCache::CreateInstance
Iteration
JanFebMarAprMayJunJulAugSepOctNovDec
jslinie
K H;K
K(H;K(
K(H;K(r
K(H;K(rd
K(H;K(s
K32GetModuleFileNameExW
kalurivi
KbArticle
Kdf99t
KeepData
kernelbase.dll
Kernel-ProductInfo
KeyObject
KPH;KP
L!|$(D!|$ E3
L!|$0
L!t$8L!t$0L!t$(L!t$ L!t$H3
L!t$HH
L$ E3
L$ f91u
l$ H+
L$ SH
L$ SUVW
L$ SUVWAVAWH
L$ SUVWH
L$ SVWH
L$ SWH
L$ USVWH
L$ UVWATAUAVAWH
l$ VH
l$ VWAVH
l$ VWAWH
L$ WH
L$(E3
l$(H!\$ 
L$(H;
L$(H3
L$;fA
L$?fA
L$@E3
L$@fA
L$@H!t$(A
L$@H+
L$@H3
L$@I+
L$@t,
L$^E9|$<u
L$`@2
L$`E3
L$`eH
L$`H3
L$`LcA<M
L$<fA
L$=fA
L$>fA
L$0D9t$8t
L$0E3
l$0E3
L$0E3
L$0f9)t
L$0f99t
L$0H3
L$0L+
l$4D9*
L$4fD
L$8E3
L$8f9)
L$8fA;
L$8H3
L$AfA
L$BfA
L$CfA
L$EfA
L$FfA
L$GfA
L$HE3
L$hE3
l$HE3
L$HE3
L$hE3
L$HE3
l$HeH
L$HfA
L$HfD
L$HH!D$8L
l$hH;
L$HH;
L$hH;A
L$HH+
L$HH3
L$hH3
L$HH3
L$hH3
L$HH3
L$hH3
L$HH3
L$hHcA<L
L$IfA
L$LE3
l$leH
L$PD9
L$PE3
L$pE3
L$PE3
l$PE3
L$pE3
l$PE3
L$PE3
L$pH;
L$pH+
L$PH3
L$pH3
L$PH3
L$pH3
L$PH3
L$PH9D$@w
l$pt_A
L$XE3
l$XE3
L$XE3
L$XH+
L$xH3
L$XH3
L$xH3
L$XHcA<L
L;|$hs
L;u0r
L9{@u
L9{0t#H
L9|$pt eH
L9|$x
L9}Xt#eH
L95<(
L9aHt
L9d$Xt eH
L9ewt+eH
L9t$@t eH
L9t$H
L9u't
Language
LastAccessed
Launch16BitApp
Launch16bitApp,FileName,%S
Launch16BitApp_Create
LaunchProcessInCurrentUserSession
LaunchUpdate,%s
Layer found but runtime platforms do not match.
Layer string too long
Layer tag w/o a name
Layer to add not converted to a fixmap [%d]
LcA<E3
LdrResFindResource failed %ls [%x]
LdrResFindResource failed [%x]
LdrResFindResource returned null version block with status: [%x]
LdrResSearchResource
LeaveCriticalSection
Legacy  redistributable
Legacy codec detected
LegacyCodec
LegacyCodec_Create
LegacyInstaller
LegacyRedistributable
LegacyRedistributable_Create
Legal_Policy_Statement
LegalCopyright
LimitEnhancedDiagnosticDataWindowsAnalytics
lineNumber
LinkDate
LinkerVersion
Listener %S returned [%d] for Type %d
liTime.QuadPart is overflowed
Load devinv.dll failed, %d
LoadFailure_Create
LoadFailure_Detect
LoadFailure_Resolve
LoadFailurep_IsSystem
LoadFailurep_ParseLoaderEvent
LoadLibraryExW
LoadLibraryExW failed [%d]
LoadLibraryRedirect
LoadResource
LoadStringW
Local\SM0:%d:%d:%hs
LocalAlloc
LOCALAPPDATA
LocalFree
LockChain,Fail,ChainComplete,%s,MinTimeDelta,%I64d
LockChain,Fail,OutOfBounds,%s,MinTimeDelta,%I64d
LockChain,Success,Guess,%s,MinTimeDelta,%I64d
LockResource
LogAppDrivers
LogAppDrivers_DriverInstalled
LogAppDrivers_EtwFromDM
LogAppDrivers_EventArpKeyCreate
LogAppDrivers_InstallerComplete
LogAppDrivers_InstallerStart
LogAppDrivers_IsServiceDriver
LogAppDrivers_SaveToCache
LogAppDrivers_StartTimer
LogAppDrivers_TimerCallback
LogEvents
LogEvents_EventReceived
LogEventsp_EtwFromDm
LogFlags
Logger
Logger service extension completed initialization.
Logger_ChainEnd invoked
Logger_ChainStart invoked
Logger_InstallerStart - ProcessId: %d, ApplicationName: %S, UserSid: %S
Logger_ProcessEnd invoked - ProcessId: %d
Logger_ProcessStart invoked - ProcessId: %d
LoggerBase_AddTrackedProcess
LoggerBase_AddUpdateFileCache
LoggerBase_AddUpdateRegistryCache
LoggerBase_CheckPreviousSessionHistory
LoggerBase_ConditionalFlush
LoggerBase_EnableLogging
LoggerBase_EnableLogging: ProcessId: %d, RegistryTracerCount: %d, FileTracerCount: %d
LoggerBase_FlushProcessTracing
LoggerBase_InitializeCache
LoggerBase_InitializeCache failed [%d]
LoggerBase_InitializeService
LoggerBase_InstallerStart
LoggerBase_LogEventsFromProcess
LoggerBase_ReadGlobalSettings
LoggerBase_ShutdownService
LoggerBase_StartChain
LoggerBase_StartProcess
LoggerBase_StopProcessLogging
LoggerBaseSettingsChange
LoggerBaseSystemRequirementsFailed
LoggerSettings
LoggerSummaryEvent
LogHr
Long file name path was larger than the buffer [%u]
Long path conversion failed %d [%x]
LongName
lstrcmpiW
lstrcmpW
LUAFV
M H!}
M/H9A
M;P(M
M<n(-
M0K0I
MACHINE
Machine ARP changed but no detected installers
MachineId
Magic
Magic does not match a valid value: 0x%lx
MAINOS
MajorVersion mismatch, MajorVersion 0x%lx Expected 0x%lx
Malformed product ID in device ID
Malformed vendor ID in device ID
malloc
map/set<T> too long
Mapped memory exception for Driver: '%ls' [%d]
MapViewOfFile
MarkEvent
Match has been found with %ls.
MaxCacheSizeKB
MaxConcurrentApps
MaxSessionsPerApp
maxthon.exe
MaxTotalEventsAppLifetime
MBBInstallerShimmed
MBI_SSL
memcmp
memcpy
memcpy_s
memmove
memmove_s
memset
message
Message
message
Message too long!
Messages
Metric
Metrics
Microsoft
Microsoft America Operations1&0$
Microsoft Base Cryptographic Provider v1.0
Microsoft Corporation
Microsoft Corporation1
Microsoft Corporation1%0#
Microsoft Corporation1&0$
Microsoft Corporation1.0,
Microsoft Corporation1200
Microsoft Primitive Provider
Microsoft Time-Stamp PCA 2010
Microsoft Time-Stamp PCA 20100
Microsoft Time-Stamp Service
Microsoft Time-Stamp Service0
Microsoft Windows Operating System
Microsoft Windows Program Compatibility Assistant Database
Microsoft Windows0
Microsoft.Windows.Compatibility.Asl
Microsoft.Windows.Compatibility.Encapsulation
Microsoft.Windows.Compatibility.PCA
Microsoft.Windows.Inventory.Core
Microsoft.Windows.PCA.PushApphelp
Microsoft.Windows.PCA.Siuf
Microsoft.Windows.PCA.Udd
Microsoft\Windows\Application Experience
Microsoft\Windows\Start Menu\Programs
Microsoft_Appcompat_ReinstallUpgrade
Migration shim executed successfully
MigrationShims
MigrationShims_SessionLogin
MigXmlNotifyUser
MinCpuCores
MinDiskRequirementMet
MinFreeDiskGB
Minimum machine requirements are not met. Logging will be disabled.
MinRamGB
missing required argument [%d]
MobileBroadband
MobileBroadband_EtwEventReceived
MobileBroadband_InstallerComplete
MobileBroadband_InstallerStart
MobileBroadbandInstaller
MobileBroadbandInstall-MultipleArps
MobileBroadbandInstall-NoArp
MobileBroadbandInstall-NoDriver
MobileBroadbandInstall-Success
MobileBroadbandp_IsDeviceOnWatchlist
MobileBroadbandp_MapDriveToVID
MobileBroadbandp_ProcessArpKey
Modern app install/uninstall detected
ModernAppInstall
ModernAppInstall_EtwFromDM
Modified
module
MonitorArpKeyListCount
MonitorArpKeys
MoveFileExW
MsaToken
Msg:[%ws] 
Msi filename not found in command line %S [%d]
Msi launched installer
MsiAuto
MsiDetected
msiexec.exe
MSILaunchBlocked
MsiLaunchBlocked
MsiLaunchBlocked_Create
MsiLaunchBlocked_Resolve
msimain.sdb
MsiPackageCode
MsiProductCode
MsiStarted,%s,Path,%S,ProductCode,%S,PackageCode,%S,LaunchBlocked,%s
msvcrt.dll
MultiByteToWideChar
Multiple
MultipleInstallers
MXD9e`u"HcE
MxL9y
N H;N
n"f9.u
N(H;N(r
N0L0J
Names
ncalrpc
NdrServerCall2
NdrServerCallAll
NE16_MODULE
New process started after chain ended
No apphelp entry [%u]
No arp monitoring during OOBE.
No attributes captured
No attributes found [%d]
No baseline data
No DATABASE tag found
No device query callback specified
No expand callback method set. Cannot expand ZDB file.
No FileName parameter for PUSHAPPHELP Telecommand
No FileName parameter for SIUF Telecommand
No layer "%ws" exists
No manifest to read
No previous Quarantine data [%d]
No program ID and file ID
No ProgramIds or Drivers logged.
No reason to send
No return context was supplied for InitOnceGetStringTableOffset
No return context was supplied for InitOnceScanIndexes
No stringtable in DB
No UAC manifest
Node on the stack with invalid handle.
NoDialog,Apphelp hard block was shown
NoDialog,Apphelp was shown
NoDialog,Application blocked
NoDialog,Chain not started via opt-in
NoDialog,Chain timed out
NoDialog,Chain timeout
NoDialog,Database exclusion
NoDialog,First run of application
NoDialog,Group policy blocks dialogs
NoDialog,LatestOs
NoDialog,No telemetry event found in queue
NoDialog,Not first run in new environment
NoDialog,Other dialogs requested
NoDialog,Successful installer overrides resolvers
NoSend,%s
NoSend,Telemetry queue being discarded.
Not a Boot Driver: '%ls'
Not a Filter Driver: '%ls'
Not running in pca [%d]
NotFirstRun
NotifyMsiInstall
NoXPDetectorsFor64bit
nstallShield\_isdel.exe
NT Loader
NT4SP5
NtApphelpCacheControl
NtClose
NtCreateFile failed [%x]
NtCreateKey failed for %ws [%x]
NtCreateSection
NtDeleteValueKey
ntdll.dll
NTFSFileIdHigh
NTFSFileIdLow
NtLoadKeyEx
NtOpenFile
NtOpenFile failed [%d]
NtOpenKey failed for %ws [%x]
NtOpenProcessToken
NtOpenThreadToken
NtQueryDirectoryFile failed to query next file [%x]
NtQueryInformationFile
NtQueryInformationFile failed [%x]
NtQueryInformationFile/BasicInfo failed [%d]
NtQueryInformationProcess failed [%x]
NtQueryInformationToken
NtQueryKey
NtQueryLicenseValue
NtQuerySection
NtQuerySecurityPolicy
NtQuerySystemInformation
NtQuerySystemTime
NtQueryValueKey
NtQueryValueKey failed to get registry value of temporary internet file [%x]
NtQueryWnfStateData
NtResumeProcess
NtSetInformationProcess failed [%x]
NtSetValueKey
NtSuspendProcess
NtUpdateWnfStateData
NtVdm
Null argument EventParam passed in.
NULL argument passed in.
NULL Arguments passed in.
null CacheEntry
Null delay timer.
NULL EmptyItem parameter
Null event info list in pnp callback.
Null EventParam argument passed in.
Null file ID
NULL parameter passed for wszPath or pdwBytes
NULL pdb passed in
NULL pguidDB passed in
Null Pnp event list, Pnp stop event, or delay timer.
Null program ID
Null stop-event but non-null thread
NULL Store parameter
NumProcessors
O H;O
o L;o(
O(H;O(
O(H;O(r
o\$PH
O0M0K
objectInstanceId
ObjectLength
objectType
Obsolete API call
ObsoleteShellApi
ObsoleteShellApi_Create
ObsoleteShellApi_Resolve
oD$ f
Offset and region size add up to cause an integer overflow or underflow
oK0D$"<
oL$0f
Old style control panel applet
OLEAUT32.dll
omdistribuerbar
One of lpBuffer or lpcbBufferSize should not be null
onecore\base\flighting\flightsettingsapi\lib\flightsettingsapi.cpp
onecore\base\flighting\flightsettingsapi\lib\validateflightsettings.cpp
onecore\base\telemetry\deviceticket\lib\deviceticket.cpp
onecore\base\telemetry\permission\product\telemetrypermission.cpp
onecore\internal\sdk\inc\wil/Staging.h
onecore\internal\sdk\inc\wil\opensource/wil/resource.h
onecore\internal\sdk\inc\wil\opensource\wil\resource.h
onecore\internal\sdk\inc\wil\opensource\wil\result_macros.h
OneProcess
OneSetting DeviceId is [%ws]
Onesetting failed to query cab revision : 0x%x
OneSetting revision is %d
Onesettings core telemetry is not allowed
Onesettings failed to AddParameterAppVer: 0x%x
Onesettings failed to AddParameterDeviceId: 0x%x
Onesettings failed to AddParameterOsVer: 0x%x
Onesettings failed to get DeviceId from registry: 0x%x
Onesettings failed to Query Onesettings: 0x%x
Onesettings querying PPE server
Onesettings querying production server
OneSettingsClient.dll
OneSettingsCreateDownloadConfig
OneSettingsDeviceId
OneSettingsDownloadEndpoint
OneSettingsEndDownloadSession
OneSettingsFreeDownloadConfig
OneSettingsFreeDownloadResponse
OneSettingsGetResponseDwordProperty
OneSettingsGetResponseStringProperty
OneSettingsGetResponseWideStringProperty
OneSettingsQuery
OneSettingsQuery::AddParameter failed [%#x]
OneSettingsQuery::AddParameterDeviceId failed [%#x]
OneSettingsQuery::AddParameterOsVer failed [%#x]
OneSettingsQuery::Query failed [%#x]
OneSettingsSetConfigBoolProperty
OneSettingsSetConfigDwordProperty
OneSettingsSetConfigHandleProperty
OneSettingsSetConfigWideStringProperty
OneSettingsStartDownloadSession
OneSettingsTestServer
Only one Layer can be passed in at a time
OOBEComplete
OOBEInProgress
OpenEventW
OpenProcess
OpenProcessToken
OpenSemaphoreW
OpenTempProvider [%#x]
OpenTrace failed [%d]
OpenTraceW
OpenWaitableTimerW
opera.exe
operations
OPH;OP
OPH;OPr
OPH;OPs
Opt-in by Sdb
Opt-in by Telecommand
OptInLevel
OriginalFilename
OriginalFileName
OriginalFilename
originatingContextId
originatingContextMessage
originatingContextName
Orphan
Orphan status unknown
OsComponent
OSDATA\Software\Microsoft\Windows\CurrentVersion\Policies\DataCollection
OSDATA\Software\Microsoft\WindowsSelfhost\Applicability
osver
oT$@f
Other
Out of memory
Out of memory [%x]
Out of memory allocating global settings object
Out of memory creating EncapsulationLogCache instance.
Out of memory creating EventPiiFilter instance.
Out of memory creating FileOutputter instance.
Out of memory creating LoggerCache instance.
Out of memory creating LoggingProcessor instance.
Out of memory creating PathDepthFilter instance.
Out of memory creating UtcOutputter instance.
Out of memory error in LoggerBase_AddUpdateFileCache
Out of memory error in LoggerBase_AddUpdateRegistryCache
OutputDebugStringA
OutputDebugStringW
OutputFile is NULL
Overflow doing pointer addition
Overflow enumerating user keys [%d]
p AWH
P I;P
p WATAUAVAWH
p WAVAWH
p%s_%s_%s
pA\^]H
PA^_^
pA^_^][
PA^_^][
PA^A]A\_^[]
PA_A^_^]
pA_A^_^]
PA_A^A\^[
pA_A^A\^]
PA_A^A]A\_^]
pA_A^A]A\_^]
Panel n
Panel s n
Parameters too long
PartA_PrivTags
PartB_Ms.Device.DeviceInventoryChange
pasek narz
PatchDb
PatchDB edition and MainDB edition acquired
PatchDb_CabCallback
PatchDb_CheckUpdate
PatchDb_DownloadAndExtractCab
PatchDb_DownloadCabFile
PatchDb_ExtractCab
PatchDb_GetPatchSdbLink
PatchDb_Install
PatchDb_InstallDrvPatch
PatchDb_RunCommand
PatchDb_RunTask
PatchDb_ScheduleTask
PatchDb_SendRequest
PatchDb_ServiceInitialized
PatchDb_Uninstall
PatchDb_VerifyMSSignedFile
PatchDb_WorkerThread
PatchDbTestOneSettingsDevice
PatchDbUpdateInterval
PatchDbUpdateTickCount
PatchDbUseTestOneSettings
PatchSdb_SetProxyInfo
PatchSdbLink
PatchSdbRevision
PathAppendW
PathCchRemoveFileSpec
PathFileExistsW
PathFindExtensionW
PathFindFileNameW
PathGetDriveNumberW
PathIsUNCEx
pathOps
PathRemoveExtensionW
PathSkipRootW
PathStripPathW
PCA file tracing session
PCA Registry tracing session
PcaArpMonitorCreate
PcaArpMonitorDiff
PcaArpMonitorStart
PcaChainAddShimEvent
PcaChainDataBuilderCreate
PcaChainDataBuilderExecute
PcaChainGetProcessExecutablePath
PcaChainHasShimEvent
PcaChainHistoryCreate
PcaChainHistoryLoadFromStore
PcaChainHistoryMergeRow
PcaChainHistoryPack
PcaChainHistorySaveToStore
PcaChainHistoryUnpack
PcaChainManagerChainStart
PcaChainManagerCreate
PcaChainManagerProcessEnd
PcaChainManagerProcessStart
PcaChainSetSlot
PcaDialogAddApplyFixButton
PcaDialogAddCheckOnlineButton
PcaDialogAddCustomCloseButton
PcaDialogAddLayerToApplyFixButton
PcaDialogButtonGetApplyFixData
PcaDialogButtonGetCheckOnlineData
PcaDialogCreate
PcaDialogLoadStrings
PcaDialogSetAppInformation
PcaDialogSetStrings
PcaDialogSetUserSid
PcaDialogUpdateButtonText
PcaEventTriagerCreate
PcaEventTriagerExecute
PcaEventTriagerRegisterCallback
PcaFileTracerCreate
PcaFileTracerFlush
PcaFileTracerStart
PcaFixMapContainsLayers
PcaFixMapSetCompatLayer
PcaFixMapToString
pcamain.sdb
PcaOverrideDbCreate
PcaOverrideDbLookup
PcapArpKeyInitialize
PcapArpKeysPopulate
PcapArpMonitorThread
PcaPatchDbTask
PcaPatchSdbTask
PcapChainCompleteCallback
PcapChainDataBuilderGetCachedData
PcapChainDataBuilderGetOverrideDbFlags
PcapChainDataBuilderGetPaths
PcapChainDataBuilderGetShimData
PcapChainDataBuilderGetUserData
PcapChainDataBuilderReadPermLayers
PcapChainFromHandle
PcapChainStopTimer
PcapChainTimerUpdate
PcapDisableRpcInterface
PcapEnableRpcInterface
PcapEtwHandler_CrashOnLaunch
PcapEtwHandler_ExternalTrace
PcapEtwHandler_ShimEvent
PcapEventExecuteSpecialHandlers
PcapFileParseEventRecord
PcapFileTracerProcessBufferCallback
PcapFileTracerReset
PcapFileTracerThreadProc
PcapFolderScan
PcapJobTrackerThread
PcapOverrideDbSnap
PcapOverrideDbSnapOne
PcapProcessEndCallback
PcapProcessOneTimerCallback
PcapProcessStartCallback
PcapRegistryTracerParseEventRecord
PcapRegistryTracerProcessBufferCallback
PcapRegistryTracerReset
PcapRegistryTracerThreadProc
PcaProcessTrackerAddProcessToContext
PcaProcessTrackerCreate
PcaProcessTrackerDelete
PcaProcessTrackerStart
PcapServiceAlreadyTracking
PcapStoreGetValueBinaryAlloc
PcapStoreOpenMachineKey
PcapStoreOpenUserKey
PcapStoreSetValueBinary
PcapTokenProcessOneCallback
PcapUpdateServiceStatus
PcaPushApphelpTelemetry
PcaRegisterExtensions
PcaRegistryTracerFlush
PcaRegistryTracerStart
PcaResolverAggregateDialogs
PcaResolverGetRecommendedLayer
PcaResolverManagerMapToString
PcaServiceEtwFromDMReceived
PcaServiceInitialize
PcaServiceLinkChildToParent
PcaServiceSendDMEvent
PcaServiceSendInternalDMEvent
PcaServiceShowDialog
PcaServiceStartDMTroubleshoot
PcaServiceStartTracking
PcaServiceStartTracking SUCCESS
PcaSiufTelemetry
PcaStoreCreate
PcaStoreDeleteValue
PcaStoreGetValue
PcaStoreGetValueAlloc
PcaStoreGetValueEx
PcaStoreSetValue
PcaStoreSetValueEx
PcaSvc
pcasvc
PCASVC.dll
pcasvc.dll
pcasvc.pdb
PcaSvcDebug
PcaSvcTrace
PcaTokenCreate
PcaTokenPack
PcaTokenQueueAdd
PcaTokenQueueCreate
PcaTokenQueueDelete
PcaTokenSetScenarioData
PcaTokenUnpack
PcauiShowNotification
PcaUtilityActivateLayer
PcaUtilityApplyLayer
PcaUtilityCheckApphelpFlag
PcaUtilityCompareToSystemExe
PcaUtilityDevicePathToDrivePath
PcaUtilityDuplicateBuffer
PcaUtilityDuplicateProcessHandle
PcaUtilityDuplicateString
PcaUtilityGetActiveUserSessionSid
PcaUtilityGetApphelpExtraData
PcaUtilityGetEntryTagRef
PcaUtilityGetETWPropertyValueAsString
PcaUtilityGetETWPropertyValueAsULONG
PcaUtilityGetETWPropertyValueAsULONG64
PcaUtilityGetExecutablePath
PcaUtilityGetFileSize
PcaUtilityGetGuidInfo
PcaUtilityGetLongName
PcaUtilityGetMatchingInfo
PcaUtilityGetMultiStringFromRegistry
PcaUtilityGetProcessImageName
PcaUtilityGetProcessTempPath
PcaUtilityGetProgramFileId
PcaUtilityGetProgramInfo
PcaUtilityGetRegistrySTRING
PcaUtilityGetSdbEdition
PcaUtilityGetVolatileEnvForUser
PcaUtilityIsOrphan
PcaUtilityLaunchInventoryUpdateCallback
PcaUtilityLaunchProcess
PcaUtilityLoadResourceString
PcaUtilityLogEventItem
PcaUtilityNameValueArrayLoadFromString
PcaUtilityNameValueArraySaveToFile
PcaUtilityNameValueArrayScanShortcuts
PcaUtilityParseShimEvent
PcaUtilityQueryFileTimeByHandle
PcaUtilityQueryFileTimeByPath
PcaUtilityRequestAppInventoryUpdate
PcaUtilitySdbQueryResultToLayers
PcaUtilityVerifyProgramId
PcaUtilityWcsIStr
PDB was not supplied for InitOnceGetStringTableOffset
PDB was not supplied for InitOnceScanIndexes
PE32_ARM
PE32_CLR_32
PE32_CLR_IL
PE32_CLR_IL_PREFER32
PE32_I386
PE32_UNKNOWN
PE64_AMD64
PE64_ARM64
PE64_CLR_64
PE64_IA64
PE64_UNKNOWN
PeCheckSum
PeChecksum
PeHeaderHash
PeImageType
PendingNotifications PostInstallInitialized %d
Performance,ServiceInitialize,%llu
PermissionsCheckTestKey
PeSubsystem
PfnRetrieveGroupAttributes for index %u failed [%x]
PicCache
PicFreeFileInfo
PicRetrieveFileInfo
PicRetrieveFileInfo [%#x]
PicRetrieveFileInfo failed [%#x]
PinDLL
PinDLL failed to send internal event [%d]
PinDLL_EtwFromDM
PinDLLMitigation_Create
PinDLLMitigation_Detect
PinDLLMitigation_Resolve
PinnedDllName
PlaceholderFiles
Pnp enumerated: %ws
Pnp EventInfoList init failed
Pnp removed: %ws
Pnp thread WAIT unknown return, %d
Pnp thread WAIT_ABANDONED+0
Pnp thread WAIT_ABANDONED+1
Pnp thread WAIT_FAILED, %d
PnPDeviceNotificationCallback
PnpEventList::GetUnprocessedEvent
PnpEventList::PnpEventList
PnpEventProcessingThreadProc
Policy
policymanager.dll
PolicyManager_FreeGetPolicyData
PolicyManager_GetPolicy
Populated %d exe entries in registry.
Possible race condition: key too long
PostInstallInitialized
PostQueuedCompletionStatus
PowerRegisterSuspendResumeNotification
PowerUnregisterSuspendResumeNotification
Primary exe is a legacy installer
Primary exe is an uninstaller
Primary exe is marked Require Admin
Primary exe is msiexec
Primary exe was elevated
PRINT
Privilege check
Privilege message box
Process %d not in chain
Process ended with TraceFile
Process excluded,%S,%s
Process not monitored,16-bit,%S
ProcessEnd,ExitCode,%s,AbnormalExit,%d
ProcessId
ProcessIdToSessionId
ProcessListCount
ProcessLoggedEvents
ProcessLoggingFile
ProcessLoggingRegistry
ProcessOneCallback for token failed [%d]
ProcessStart,%S
ProcessTrace
ProcessTrace failed [%d]
ProductName
ProductVersion
ProfileImagePath
Program Compatibility Assistant Service
Program name,%S
ProgramData
ProgramFiles
ProgramFiles(x86)
ProgramFilesDir
ProgramFilesDir (x86)
ProgramId
ProgramId: %ls
ProgramIds
ProgramInfoDone
ProgramName
ProgramRun
ProviderName argument is null [%#x]
ProviderSyncId
ProviderVersion
Public
Publisher
Pulled out a non-stringtable item
PushApphelp
PushApphelp_ChainStartAsync
PushApphelp_ServiceInitialized
PushApphelpp_Match
PushApphelpp_ShowApphelp
Q H;Q
q`H9q(tUI
Qkkbal
qsort
Quarantine
Quarantine failed to get fix map for install [%d]
Quarantine failed to remove data [%d]
Quarantine failed to reset store [%d]
Quarantine failed to send internal event [%d]
Quarantine failed to set fix map for failed install [%d]
Quarantine,%S
Quarantine_ChainStartAsync
Quarantine_Create
Quarantine_Detect
Quarantine_InstallerComplete
Quarantine_Resolve
QuarantinedAppRun
Quarantinep_MarkShortcuts
QueryActCtxW
QueryDosDeviceW
QueryEncapsulationSettings
QueryEncapsulationSettingsTC
QueryFullProcessImageNameW
QueryInformationJobObject
QueryParameters
QueryPerformanceCounter
QueryUnbiasedInterruptTime
QueryWin32SubsystemHost
QuestionType
QuestionValue
QueueUserWorkItem
QueueUserWorkItem Failed [%d]
quicktime
QuietDisplayName
qX<yQ/
R!s4Z
R$fA;Z*sgI
r.H;s
r~akow
r<H;F
r1H;G
r4H;F
r7H;F
r7H;G
RAiGetFileInfoFromPath
RAiLinkChildToParent
RAiMonitorProcess
RAiMonitorProcess, enter
RAiMonitorProcess,SUCCESS app=%S
RAiNotifyMsiInstall
RaiseException
RaiseFailFastException
RAiSendToService
RamGB
rbIcP,H
ReadFile
Reading from unfinished list
Received dialog response but found no match in telemetry queue.
Received Siuf asked, but did not trigger [%d]
redistribuable
redistribui
redistribuible
redistribuovateln
redistributable
Redmond1
Refresh complete
Refresh request
RefreshAfter
RefreshInterval
refreshInterval
Reg expand sz
RegCloseKey
RegCreateKeyEx failed [%d]
RegCreateKeyExW
RegDeleteKey Failed [%d]
RegDeleteKeyEx Failed [%d]
RegDeleteKeyExW
RegDeleteKeyValueW
RegDeleteKeyW
RegDeleteTreeW
RegDeleteValueW
RegEnumKeyEx failed [%d]
RegEnumKeyExW
RegEnumValueW
RegEventsCount
RegEventsWritten
RegFlushKey
RegFlushKey failed [%d]
RegGetValue Failed [%d]
RegGetValue failed [%d]
RegGetValue Failed for Action [%d] [%ls]
RegGetValue Failed for AppName [%d] [%ls]
RegGetValue Failed for ArpPath [%d] [%ls]
RegGetValue Failed for CentralNotificationInit [%d] [%ls]
RegGetValue Failed for DB GUID [%d] [%ls]
RegGetValue Failed for ExeFullPath [%d] [%ls]
RegGetValue Failed for ExeGuid [%d] [%ls]
RegGetValue Failed for ExeIndexInApp [%d] [%ls]
RegGetValue Failed for ExeName [%d] [%ls]
RegGetValue Failed for FileIdHigh [%d] [%ls]
RegGetValue Failed for FileIdLow [%d] [%ls]
RegGetValue Failed for runtimeNotificationInit [%d] [%ls]
RegGetValue Failed for VendorName [%d] [%ls]
RegGetValueFailed [%d]
RegGetValueW
RegGetValueW failed [%d]
RegisterServiceCtrlHandlerExW
Registry
Registry Events Lost: %lu, BufferWritten: %lu, LogBuffersLost: %lu, RealTimeBuffersLost: %lu
RegistryTracer reset: WAIT_ABANDONED
RegistryTracer reset: WAIT_FAILED [%d]
RegistryTracer reset: WAIT_TIMEOUT
RegistryTracerCallback hit a hard stop for processId %d.
RegistryTracerCallback hit a soft stop for processId %d.
RegistryTracerCallback unable to flush memory cache for processId %d.
RegLoadAppKey failed [%d]
RegLoadAppKeyW
RegLoadKey failed [%d]
RegLoadKeyW
RegNotifyChangeKeyValue
RegOpenKey [%d]
RegOpenKey failed [%d]
RegOpenKeyEx Failed [%d]
RegOpenKeyEx failed [%d]
RegOpenKeyExW
RegOpenKeyW
RegQueryInfoKeyW
RegQueryValueExW
RegSaveKeyEx failed [%d]
RegSaveKeyExW
RegSetKeySecurity
RegSetKeySecurity failed [%d]
RegSetKeyValue failed [%d]
RegSetKeyValue Failed [%d]
RegSetKeyValueW
RegSetKeyValueW failed [%d]
RegSetValue [%d]
RegSetValueEx failed [%d]
RegSetValueEx failed [%x]
RegSetValueExW
RegSetValueExW failed [%d]
regsvr32
regsvr32.exe
RegSvr32Failure
RegSvr32Failure_Create
RegTraceTimeout
RegUnLoadKeyW
RegWriteErrorsOccurred
ReinstallAfterUpgrade
RelativeName
ReleaseActCtx
ReleaseMutex
ReleaseSemaphore
ReleaseSRWLockExclusive
ReleaseSRWLockShared
Releasing state lock.
Re-mapped file as image to get version block: %ls
Removed notifications for EXE %ls.
RemovedOsVersion
ReportDeviceAdd
ReportDeviceRemove
Request file name too long
Request,Component,%S,Binary,%S
RequestUpdate,%s
RequestUpdate,Ignore due to shutdown
RequireAdministrator
Reserved.PlatformSigned
ResetEvent
ResetPeriodMS
Resolve failed for %S - ignoring Resolver [%d]
ResolveDelayLoadedAPI
Resolver disabled by registry entry,%S
Resolver,%S,Bypass,LatestOs
Resolver,%S,Bypass,Noisy
Resolver,%S,Bypass,SilentOs
Resolver,ControlPanelApplet
Resolver,DeprecatedCom
Resolver,DeprecatedDll
Resolver,ElevateCreateProcess
Resolver,InstallFailureResolver
Resolver,MsiLaunchBlocked
Resolver,PinDLL
ResolverManager
ResolverManager_ChainComplete
ResolverManager_ChainStart
ResolverManager_ElevatedProcessStart
ResolverManager_EtwFromDM
ResolverManager_ServiceInitialized
ResolverManagerp_ActivateDetectors
ResolverManagerp_ConcatDeprecatedItemFromDialogs
ResolverManagerp_ExecuteHealthRules
ResolverManagerp_ExecuteResolvers
ResolverManagerp_GetLayersFromDialog
ResolverManagerp_RemoveUnhelpfulDialogs
ResolverManagerp_RevertFixes
Resolvers fired were not effective, marking them noisy & reverting fixes.
ResolversComplete,ResolversFired,%S,DialogRequests,%S,Fixes,%S,Flags,%d
ReturnHr
Reverting Layer,%S
RevertToSelf
rFH;W
rgI;P
ringName
rJfD97w
RoActivateInstance
RoGetActivationFactory
RoGetAgileReference
RoInitialize
ROLLBACK TRANSACTION;
Root child tag is not index tagid 0x%lx
RootExe
RoUninitialize
RpcBindingVectorFree
RpcEpRegisterW
RpcEpUnregister
RpcImpersonateClient
RpcRevertToSelfEx
RPCRT4.dll
RpcServer
RpcServerInqBindings
RpcServerRegisterIfEx
RpcServerUnregisterIf
RpcServerUseProtseqW
RRSDSh
rTH;K
RtlAcquireSRWLockExclusive
RtlAdjustPrivilege
RtlAllocateAndInitializeSid
RtlAllocateAndInitializeSid failed [%d]
RtlAllocateHeap
RtlAnsiStringToUnicodeString
RtlAnsiStringToUnicodeString failed [%x]
RtlAppendUnicodeStringBuffer failed [%x]
RtlAppendUnicodeStringToString
RtlAppendUnicodeStringToString failed for root HKCU path [%x]
RtlAppendUnicodeToString
RtlAppendUnicodeToString failed for shell folders path [%x]
RtlArrayGet failed to get the next node
RtlAssignUnicodeStringBuffer failed [%x]
RtlCaptureContext
RtlCompareMemory
RtlComputeCrc32
RtlCopyUnicodeString
RtlDeleteCriticalSection
RtlDisownModuleHeapAllocation
RtlDllShutdownInProgress
RtlDoesFileExists_U
RtlDosPathNameToNtPathName_U
RtlDosPathNameToNtPathName_U_WithStatus
RtlDosPathNameToNtPathName_U_WithStatus failed [%x]
RtlDosPathNameToNtPathName_U_WithStatus failed for %S [%x]
RtlDosPathNameToRelativeNtPathName_U
RtlEnsureUnicodeStringBufferSizeBytes failed [%x]
RtlEnterCriticalSection
RtlEqualString
RtlFileMapInitializeByFilePath failed %S [%x]
RtlFileMapMapView failed [%x]
RtlFormatCurrentUserKeyPath
RtlFormatCurrentUserKeyPath failed [%x]
RtlFreeHeap
RtlFreeSid
RtlFreeUnicodeString
RtlGetDeviceFamilyInfoEnum
RtlGetFullPathName_UEx
RtlGetFullPathName_UEx failed to get full path with larger buffer.
RtlGetNativeSystemInformation
RtlGetNativeSystemInformation failed [%x]
RtlGetNtSystemRoot
RtlGetPersistedStateLocation
RtlGetVersion
RtlImageDirectoryEntryToData
RtlImageDirectoryEntryToData returned ExportDirectory that was too small
RtlImageNtHeaderEx
RtlImageRvaToVa
RtlInitAnsiString
RtlInitializeCriticalSection
RtlInitializeSRWLock
RtlInitString
RtlInitUnicodeString
RtlInitUnicodeStringEx
RtlInitUnicodeStringEx failed [%x]
RtlIsCriticalSectionLockedByThread
RtlIsStateSeparationEnabled
RtlLeaveCriticalSection
RtlLookupFunctionEntry
RtlMultiByteToUnicodeN
RtlNotifyFeatureUsage
RtlNtPathNameToDosPathName
RtlNtPathNameToDosPathName failed [%x]
RtlNtStatusToDosError
RtlNtStatusToDosErrorNoTeb
RtlpEnsureBufferSize
RtlQueryFeatureConfiguration
RtlRandomEx
RtlRegisterFeatureConfigurationChangeNotification
RtlReleaseRelativeName
RtlReleaseSRWLockExclusive
RtlRunOnceExecuteOnce
RtlRunOnceExecuteOnce failed for InitOnceGetStringTableOffset [%x]
RtlRunOnceExecuteOnce failed for InitOnceScanIndexes [%x]
RtlSecondsSince1970ToTime
RtlSizeTAdd failed [%x]
RtlStringCbCopyNW failed [%x]
RtlStringCbLengthW failed to find the string end [%x]
RtlStringCchCatW failed [%x]
RtlStringCchCopyA failed [%x]
RtlStringCchCopyNW failed [%x]
RtlStringCchCopyW failed [%x]
RtlStringCchCopyW failed for c:\ [%x]
RtlStringCchCopyW failed to copy FileName [%x]
RtlStringCchLengthA failed [%x]
RtlStringCchLengthW failed [%x]
RtlStringCchPrintfW failed [%x]
RtlStringCchPrintfW failed when building internet file signature [%x]
RtlStringFromGUID
RtlSubscribeWnfStateChangeNotification
RtlTimeToTimeFields
RtlTryEnterCriticalSection
RtlUnicodeStringCatString failed [%x]
RtlUnicodeStringCbCatStringN failed [%x]
RtlUnicodeStringCopy failed [%x]
RtlUnicodeStringToAnsiString
RtlUnicodeStringToAnsiString failed [%x]
RtlUnregisterFeatureConfigurationChangeNotification
RtlUnsubscribeWnfNotificationWaitForCompletion
RtlUpcaseUnicodeChar
RtlUpcaseUnicodeString
RtlUpcaseUnicodeString failed [%x]
RtlUShortAdd failed [%x]
RtlValidSid
RtlVerifyVersionInfo
RtlVirtualUnwind
RtlxAnsiStringToUnicodeSize
Rules
RunAsAdmin
rundll32.exe
rundll32.exe acmigration.dll,ApplyMigrationShims
RunInfoDone
RunLegacyCPLElevated.exe
RunLevel
Running command [%ws]
RuntimeAfter
RuntimeBefore
RuntimeNotificationInit
runtimesdbincloud
RWyM)}
s fD;H
s fD9|$Pu
S rnH
s WAVAWH
s(fD9!u
s0H9/t+D
s0L;s8
s0u<H
s-1-5-18
s-1-5-19
s-1-5-20
s9f9>t4
safari.exe
SamplingDurationHardSec
SamplingDurationSoftSec
Sanity check: Chain is already elevated
sb1T0
SBCompatibleUpdateAvailable
Scan - Failed to scan subfolders [%d]
Scan - Failed to start search [%d]
Scenario
Scenario bypassed for path: %S
SDB compression algorithm does not match callback algorithm.
Sdb context not initialized correctly
SDB file too small to be valid
SDB Handle count was decremented after zero.
SDB is not compressed
SdbAddLayerTagRefToQuery
SdbCheckForChildRuntimePlatform
SdbDeletePermLayerKeys
SdbFileDetails missing array item for SdbFileType: %d
SdbFileDetails missing function pointer for path.
SdbFindFirstNamedTag
SdbFindFirstStringIndexedTag
SdbFindFirstTagRef
SdbFindNextLayer
SdbFindNextTag
SdbFindNextTagRef
SdbGetBinaryTagData
SdbGetDatabaseEdition
SdbGetDatabaseGUID
SdbGetDatabaseID
SdbGetDatabaseMatch
SdbGetEntryFlags
SdbGetFileAttributes
SdbGetFileImageTypeEx
SdbGetIndex
SdbGetItemFromItemRef
SdbGetLayerCommandLine
SdbGetLayerName
SdbGetLayerOsVersionValue
SdbGetLayerTagRef
SdbGetMatchingExeEx
SdbGetNextChild
SdbGetPathCustomSdb
SdbGetPathCustomSdb failed to get the database path.
SdbGetPathSystemSdb failed to get file path for flags: 0x%x
SdbGetPathSystemSdb failed to get file path for SDB_SYSTEM
SdbGetPathSystemSdb failed.
SdbGetPDBFromGUID
SdbGetPermLayerKeys
SdbGetStringTagPtr
SdbGetTagDataSize
SdbGetTagFromTagID
SdbGuestHostArchsToRuntimePlatformFlag
SdbGuestTargetPlatformFlagsToRuntimePlatformFlags
SdbId
SdbInitDatabase
SdbInitDatabaseEx
SdbInitDatabaseInMemory
SdbMakeIndexKeyFromStringEx
SdbOpenDatabaseEx
SdbpAddMatch
SdbpCheckAllAttributes
SdbpCheckAttribute
SdbpCheckAttribute failed [%x]
SdbpCheckExe
SdbpCheckMatchingDevice
SdbpCheckMatchingDir
SdbpCheckMatchingFiles
SdbpCheckMatchingRegistry
SdbpCheckMatchingRegistryEntry
SdbpCheckMatchingRegistryValue
SdbpCheckMatchingText
SdbpCheckMatchingTextEntry
SdbpCheckMatchingWildcardFiles
SdbpCheckMatchingWildcardRegistry
SdbpCheckPackageAttributes
SdbpCheckRuntimePlatformImpl failed to check runtime platform
SdbpCleanupForExclusiveMatch
SdbpCreateSearchDBContext
SdbpCreateSearchPathPartsFromPath
SdbpFindFirstIndexedWildCardTag
SdbpFindMatchingName
SdbpFindNextNamedTag
SdbpGetBinaryRuntimePlatform
SdbpGetCustomSdbFileName
SdbpGetCustomSdbFileName failed [%x]
SdbpGetExeEntryFlags
SdbpGetFirstIndexedRecord
SdbpGetIndex
SdbpGetMappedData
SdbpGetMappedStringFromTable
SdbpGetMappedTagData
SdbpGetMatchingTextAttributes
SdbpGetNamedLayerFromExe
SdbpGetNextIndexedRecord
SdbpGetNextTagId
SdbpGetPathAppPatch
SdbpGetPathAppPatchPreRS3
SdbpGetPathAppraiser
SdbpGetPathCustomSdb
SdbpGetPathCustomSdbPreRS3
SdbpGetPathSystem
SdbpGetPermLayersInternal
SdbpGetProcessHistory
SdbpGetProcessHostGuestArchitectures
SdbpGetProcessHostGuestArchitectures failed [%x]
SdbpGetRegistryMatchingAttributes
SdbpGetStringTableItemFromStringRef
SdbpGetStringTableItemFromStringRef failed to get tagid for string ref
SdbpGetSystemSdbFilePath
SdbpGetSystemSdbFilePath failed [%x]
SdbpGetTagHeadSize
SdbpInitializeSearchDBContext
SdbpOpenCompressedDatabase
SdbpOpenCompressedDatabase failed to allocate expanded buffer - out of memory
SdbpOpenCompressedDatabase failed to open compressed database.
SdbpOpenDatabaseInMemory
SdbpOpenLocalDatabaseEx
SdbpQueryAppCompatFlagsByExeID
SdbpReadMappedData
SdbpReadStringRef
SdbpReadTagData
SdbpResolveInitSdbPath
SdbpResolveInitSdbPath failed to resolve the sdb path [%x]
SdbpResolveMatchingFile
SdbpSearchDB
SdbpValidateAndApplyCompatFlags
SdbQueryDataEx
SdbQueryDataExTagID
SdbQueryFlagMask
SdbQueryFlagMask failed unexpectedly
SdbReadBinaryTag
SdbReadDWORDTag
SdbReadDWORDTagRef
SdbReadEntryInformation
SdbReadQWORDTag
SdbReadQWORDTagRef
SdbReadWORDTag
SdbReleaseDatabase
SdbResolveDatabaseEx
SdbSetPermLayerKeys
SdbSetPermLayerStateEx
SdbTagExeForReinstallUpgrade
SdbTagExeForReinstallUpgrade Failed [%ls]
SdbTagIDToTagRef
SELECT COUNT(1) AS DisableCount FROM ProgramFileHistory WHERE ProgramId = '%S' AND FileId = '%S' AND DisableLogging = 1;
SELECT HashCode, OperationFlags, LoggingType FROM P%S_F%S;
SELECT PH.TotalRegistryEventCount, PH.TotalFileEventCount, COUNT(PFH.ProgramFileId) FROM ProgramFileHistoryDetail PFH INNER JOIN ProgramFileHistory PH ON PFH.ProgramFileId = PH.ProgramFileId WHERE PH.ProgramId = '%S' AND PH.FileId = '%S' GROUP BY PH.TotalRegistryEventCount, PH.TotalFileEventCount;
SELECT ProgramFileId FROM ProgramFileHistory WHERE ProgramId = '%S' AND FileId = '%S';
SELECT ProgramId, FileId FROM ProgramFileHistory WHERE DisableLogging = 0;
SelectArpKey,Excluded,ByName,%S
SelectArpKey,Excluded,ByPublisher,%S
Send token
Sending ACT event for %S
Server
Service
Service Pack %d
ServiceInitialized
ServiceMain
ServiceSessionLogin
ServiceShutdown
ServiceShutdown unable to remove tracked processId %d, error: %d
SessionId
SetEntriesInAcl [%d]
SetEntriesInAclW
SetErrorMode
SetEvent
SetFilePointer
SetInformationJobObject
SetLastError
SetPermLayerState
SetSecurityDescriptorDacl
SetSecurityDescriptorDacl failed [%d]
SetSecurityDescriptorGroup
SetSecurityDescriptorOwner
SetSecurityDescriptorOwner failed [%d]
SetServiceStatus
SetThreadpoolThreadMaximum
SetThreadpoolThreadMinimum
SetThreadpoolTimer
SetThreadpoolWait
SetThreadPriority
SetThreadPriority failed [%d]
settings
Settings
settings/v2.0/%ls/%ls
settings-ppe.data.microsoft.com
settings-win.data.microsoft.com
settings-win-ppe.data.microsoft.com
SetUnhandledExceptionFilter
Setup notifications for EXEs.
setup16.exe
SETUPAPI.dll
SetupIterateCabinetW
SetVersion [%#x]
SetWaitableTimer
SetWaitableTimer failed, %d
s'f;P
sfc.dll
SfcIsFileProtected
Shell
SHGetSignatureInfo failed [%x]
Shim engine
Shim Exception %#x in module "%hs", line %d, at address %Ix. flags:%#x. !exr %#p !cxr %#p
ShimEng
ShimEvent,%S,%d
ShimExceptionHandler
shlwapi.dll
Short run time
Shortcut name,%S
SHTaskPoolQueueTask
Shutting down logger service extension
SIF Study
SigDisplayName
SigFriendlyPublisherName
SigMoreInfoURL
SIGN.IE=%X%X %s
SIGN.MEDIA=
SIGN.MEDIA=%X %s
SigPublisherName
Simple
Siuf_ChainEnd
Siuf_ChainStartAsync
Siuf_EtwFromDM
Siuf_ServiceInitialized
Siufp_ChainDataCleanup
Siufp_ChainTimeout
Siufp_IsCandidate_Sdb
Siufp_IsCandidate_Telecommand
Siufp_Trigger
SiufState
SIZE_T arithmetic failed [%x]
SizeOfImage
SizeofResource
Skipped,AppName mismatch
Skipped,AppPublisher mismatch
Skipped,AppVersion mismatch
Skipped,FileId mismatch
Skipped,FwLink not found
Skipped,ProgramId mismatch
Skipping ARP that has no DisplayName: %S
Skipping non-Driver for Service: '%ls'
Skipping system ARP: %S
Skipping UTC event, no data
Skipping,No shortcut for orphan
Skipping,Shortcut scan in progress for another chain
Sleep
SleepConditionVariableSRW
Software\Microsoft\Siuf
SOFTWARE\Microsoft\SQMClient
SOFTWARE\Microsoft\Windows NT\CurrentVersion
SOFTWARE\Microsoft\Windows NT\CurrentVersion\AppCompatFlags
SOFTWARE\Microsoft\Windows NT\CurrentVersion\AppCompatFlags\{11517B7C-E79D-4e20-961B-75A811715ADD}
SOFTWARE\Microsoft\Windows NT\CurrentVersion\AppCompatFlags\ClientTelemetry
SOFTWARE\Microsoft\Windows NT\CurrentVersion\AppCompatFlags\ClientTelemetry\TpRequests
SOFTWARE\Microsoft\Windows NT\CurrentVersion\AppCompatFlags\Compatibility Assistant
Software\Microsoft\Windows NT\CurrentVersion\AppCompatFlags\Compatibility Assistant
SOFTWARE\Microsoft\Windows NT\CurrentVersion\AppCompatFlags\EncapsulationLogging
Software\Microsoft\Windows NT\CurrentVersion\AppCompatFlags\MigrationShims
SOFTWARE\Microsoft\Windows NT\CurrentVersion\AppCompatFlags\PendingNotifications
SOFTWARE\Microsoft\Windows NT\CurrentVersion\AppCompatFlags\UpgradeCompatibility
SOFTWARE\Microsoft\Windows NT\CurrentVersion\ProfileList\%s
SOFTWARE\Microsoft\Windows\CurrentVersion\OneSettings
Software\Microsoft\Windows\CurrentVersion\Policies\DataCollection
Software\Microsoft\Windows\CurrentVersion\UFH\ARP
Software\Microsoft\Windows\CurrentVersion\UFH\SHC
Software\Microsoft\Windows\CurrentVersion\Uninstall
Software\Microsoft\WindowsSelfhost\Applicability
Software\Policies\Microsoft\Windows\AppCompat
Software\Policies\Microsoft\Windows\DataCollection
Software\WicaFWActivation
Software\Wow6432Node\Microsoft\Windows\CurrentVersion\Uninstall
Special handlers failed [%d]
sprintf_s
sqlite3_bind_int
sqlite3_bind_int64
sqlite3_clear_bindings
sqlite3_close_v2
sqlite3_column_count
sqlite3_column_int
sqlite3_column_int64
sqlite3_column_name
sqlite3_column_text
sqlite3_exec
sqlite3_finalize
sqlite3_last_insert_rowid
sqlite3_open_v2
sqlite3_prepare_v2
sqlite3_reset
sqlite3_step
sRich
sscanf_s
Start
Started/Updated logging for ProcessId: %d, IsInstaller: %d, ProcessName: %S
StartProcess: Unable to track process %d. Error: %d
StartScreenFilter
StartScreenFilter_ArpEntryChanged
StartScreenFilter_InstallerComplete
StartScreenFilter_InstallerStart
StartScreenFilter_NewShortcutCallback
StartScreenFilter_ServiceInitialized
StartScreenFilter_ServiceShutdown
StartScreenFilterp_CompareARPsAndShortcuts
StartScreenFilterp_ComparerCallback
StartScreenFilterp_GetUninstallString
StartScreenFilterp_HandleUpgrade
StartScreenFilterp_IsFirstRun
StartScreenFilterp_SetFirstRun
StartTime
StartTraceW
StartTroubleshoot EventWrite failed [%d]
StaticLibAsyncValidationFailed
StaticLibCoCreateInstanceFailed
Status
std::exception: %hs
steam.exe
StickyLayer
StickyNoLayer
Stopped
Stopped logger for ProcessId: %d
StopTime
Store
StoreId
strchr
strcmp
strcpy_s
Stream read failed [%d]
strerror
string too long
StringCbCopy failed to copy string attribute (index %d) [%x]
StringCbCopyW failed [%x]
StringCchCatW failed [%x]
StringCchCopyW error [%d]
StringCchCopyW failed [%#x]
StringCchCopyW failed [%x]
StringCchCopyW failed to copy full path [%x]
StringCchPrintf [%#x]
StringCchPrintf for StoreDirectory [%#x]
StringCchPrintfW [%#x]
StringCchPrintfW failed [%x]
StringFileInfo
StringFromGUID2
StringToDword
strncmp
strnlen
stroj
strojmi
strojov
strojov,
StudyId
SubmitThreadpoolWork
SuccessfulInstaller
Successfully registered pnp events
Successfully verified in catalog Driver: '%ls' Location: '%ls'
Successfully verified signed Driver: '%ls' Location: '%ls'
SuccessfullySent
Summary,MsiDetected,%d,Files,%d,Keys,%d
Suppressing yes/no dialog,Group policy
Suppressing yes/no dialog,Latest OS
Suppressing yes/no dialog,Silent scenarios
SUVAVH
SUVWATAUAVAWH
SUVWAVAWH
SUVWAVH
SUWATAUAVAWH
SVATAVAWH
SvchostPushServiceGlobals
SVWATAUAVAWH
SVWAVAWH
SVWAVH
swd\msdas
SwitchBackContext
swprintf_s
swscanf_s
syncId
sysmain.sdb
System
System program ID
SYSTEM\CurrentControlSet\Services
System\Setup
System32\Drivers\
SystemComponent
SystemDrive=
systemroot
SystemRoot=
SystemTimeToFileTime
t H;]
t!H9Y
t"D8=b
t$ E3
T$ E3
t$ E3
T$ H;
t$ UAVAWH
t$ UH
t$ UWATAVAWH
t$ UWAVH
t$ UWAWH
t$ WATAUAVAWH
t$ WAUAV
t$ WAVAWH
t$ WH
t$$fD
t$@!t$8H!t$P
T$@E3
T$@f;
t$@L;
t$@L+
T$\fE
t$`E3
t$09s
t$0D9;u&H
T$0E3
t$0E3
T$0E3
t$0E3
T$0fD
t$0H+
t$8E3
T$8I;
T$8L+
T$DH9L$@v"A
t$HE3
t$PE3
t$pfD
t$PH9
T$PL;
T$RE3
t$TE3
t$XE3
T$XE3
T$xE3
t$xu4H
'T%iz
t&D9V0t E
t&fA;
t)fD9}Hv"D
t,fD9*u
t.fD97t(L
t?D9=Q
t?f92t:
t@L;H
t]L;G
t<fA9(t6I
t1H;D$Hw*
t1L;}
t1M;t$Pu*H
t2D;E@wzH
t5@8{)u
t6fD9[
t9H9s
tAf93t<
TagID 0x%08X, Tag %04X not BINARY type
TagID 0x%08X, Tag %04X not STRINGREF type
TagID 0x%X, Tag 0x%X not of the expected type
TargetFileId
td@8=4
tdh.dll
TdhGetProperty
TdhGetProperty String '%s' failed with Status [%#x]
TdhGetProperty ULONG '%ws' failed with Status [%#x]
TdhGetProperty ULONG64 '%s'failed with Status [%#x]
TdhGetPropertySize
TdhGetPropertySize string '%s' failed with Status [%#x]
TelCacheProvider::GetVersion
TelCacheProvider::Initialize
TelCacheProvider::OpenTempProvider
TelCacheProvider::SetVersion
Telecommand,Skipped,FileId mismatch
Telecommand,Skipped,FileName not specified
Telecommand,Skipped,ProgramId mismatch
TelecommandCache::Add
TelecommandCache::Initialize
TelecommandCache::Load
TelecommandEventIndex
TelecommandLastPingTime
TelecommandLastSuccessTime
TelecommandStudyId
Telemetry
Telemetry_ChainStart
Telemetry_InstallerComplete
Telemetry_InstallerStart
Telemetry_ResolversComplete
Telemetry_ServiceInitialized
TelemetryBadProgramId
TelemetryChainExeChanged
TelemetryClient
TelemetryDiscarded
TelemetryDiscarded-ApphelpRun
TelemetryDiscarded-ErrorProcessing
TelemetryDiscarded-FileDataError
TelemetryDiscarded-FileMissing
TelemetryDiscardedInstaller
TelemetryDiscarded-InstallerNoArp
TelemetryDiscarded-MetadataError
TelemetryDiscarded-NoBaseline
TelemetryDiscarded-OrphanChain
TelemetryOverride
Telemetryp_DialogIsNeeded
Telemetryp_DialogResponseCallback
Telemetryp_DialogShow
Telemetryp_EventDataCreate
Telemetryp_EventDataInstallerComplete
Telemetryp_EventDataProcessQueue
Telemetryp_EventDataResolversComplete
Telemetryp_EventDataSaveToFile
Telemetryp_InstallerGetMatchingInfo
Telemetryp_InstallerGetProgramInfo
Telemetryp_InstallerSelectArpKey
Telemetryp_PinnedDllGet
TelemetryPermission-AllowDisable
TelemetryPermission-DefaultLevel
terdistribuerbar
terjeszthet
TerminateProcess
TestFlags
TestMode
t'f9/t"L
tffE9<$u
tgfA;
Thales TSS ESN:DD8C-E337-2FAE1%0#
tHD9E
The apphelp tag doesn't exit or entry is disabled [%d]
The cache %ws does not yet exist. Creating a new one.
The database has more matches than SDB_MAX_EXES
The entry 0x%x contains bad binary value 0x%x
The entry 0x%x contains bad string value 0x%x
The entry 0x%x contains bad valuetype information 0x%x
The entry 0x%x contains no value
The entry 0x%x contains NULL name
The entry 0x%x does not appear to have data
The entry 0x%x does not contain a name tag
The entry 0x%x does not have valuetype information
The file time might not be trustable.
The maximum number of events the app has collects exceeds the allow quota for application '%S'
The maximum number of logging sessions has been reached for this application '%S'
The minimum amount of disk space allowed is '%d'GB, but this system has only '%d'GB. Unable to continue.
The minimum amount of memory allowed is '%lu'GB, but this system has only '%lu' GB. Unable to continue.
The minimum number of cores allowed is '%lu', but this system has only '%lu' cores. Unable to continue.
The number of matching EXEs exceeded the max allowed
The tag 0x%lx is not an index tag
The tag 0x%x was not found under tag 0x%x
Thread termination was signaled while processing events.
threadId
ThrottlingCleanupEvent null value
ThrottlingTimer null value
Timeout
Timeout while waiting for SaveCache completion
Timeout while waiting for thread completion
Timer call back activated.
tjf90tef9
TlP0X
tmfA;
tMH;W
tMI;}
TMSAMVOF
tNH;{
Toast activated by CRE
Too many drives [%u]
Too many indexes in file: recompile and increase SDB_MAX_INDEXES
Too many layers
tool bar
Tool bar
toolbar
TooManyArps
TooManyFiles
TotalTicks
toupper
towlower
tpfD9[
TRACE
TraceFileCreated,%S
TraceFileListCount
TraceLevel
TraceLoggingEnabled=%lu
Tracer,ShimTracer,%d,FileTracer,%d
TracerActive
Tracing disabled for %ls
Translation
Trigger sent,%s,EventId,%d
TryEnterCriticalSection
Trying to operate on non-list, non-root tag
Trying to read mapped data past the end of the database offset 0x%x size 0x%x
Trying to send Invalid Program id
tTH;W
TUUUUUU
tv!\$8H
Types
tZL9 tUA
u H!U
u HcA<H
u!9l$Xv
u%9\$4u
u%fD9?t
u)H9|$0v"L
u*9Q<|%
u,E8y)t
u,E8yIt
u,E8yit
u,E8yIt
u.fD;J
u:9uHu9H
u?9\$0u99
u[I96tVH
u]9L$@t#L
u~9uXty9
u>H!t$@H
U0S0Q
u29uHu'H
u2fD9${t
u3H9A t"H
UATAUAVAWH
UAUAVH
UAVAWH
Udd first RegNotifyChangeKeyValue
UDD not showing a requested dialog, group policy blocks dialogs
Udd process RegNotifyChangeKeyValue
Udd re-arm RegNotifyChangeKeyValue
Udd_LogonEventReceived
Udd_ServiceInitialized
UddInitialize
UddpCreateWork
UddpDisableUnsignedBootDriver
UddpGetDriverBlock
UddpGetFullImagePath
UddpGetFullPathFromImagePath
UddpGetServiceRegDWORDValue
UddpGetServiceRegStringValue
UddpOpenImageFile
UddpPopulateServiceKeyNameList
UddpRetryWork
UddpServicesNotifyTPWaitCallback
UddpShowBlockedDriverDialog
UddpTPWorkCallback
UddpVerifySignedImageFile
UddpVerifySignedImageFile() failed.
UddServiceInstalled,ServiceKeyName,%S,Driver,%d
uDH9=[P
uGfD;l$`t?L
uGfD;l$Pt?I
uhH!h
UiAccess
uk9](tf
Unable to add item [%d]
Unable to add new installer process %d to track. Error: %d
Unable to allocate memory for directory path
Unable to allocate memory for full name
Unable to allocate memory for LoggerCache instance
Unable to allocate process history buffer
Unable to begin transaction [%d]
Unable to bind ItemHashCode parameter [%d]
Unable to bind LoggingType parameter [%d]
Unable to bind OperationFlags parameter [%d]
Unable to close database [%d]
Unable to commit transaction [%d]
Unable to create command to get previous session details [%d]
Unable to create drop table command [%d]
Unable to create initialize insert history command [%d]
Unable to create initialize update history command [%d]
Unable to create insert history detail command [%d]
Unable to create loadcache command [%d]
Unable to create program file cache table [%d]
Unable to create program file history detail table [%d]
Unable to create program file history table [%d]
Unable to create save cache command for registry events [%d]
Unable to create table [%d]
Unable to create table command [%d]
Unable to create update history command [%d]
Unable to create update history count command [%d]
Unable to delete cached tables from DB [%d]
Unable to determine if logging is disabled [%d]
Unable to enumerate cached tables [%d]
Unable to execute drop table command [%d]
Unable to execute initialize insert history command [%d]
Unable to execute initialize update history command [%d]
Unable to execute insert history detail command [%d]
Unable to execute loadcache command [%d]
Unable to execute save cache command for registry events [%d]
Unable to execute update history command [%d]
Unable to ExecuteNonQuery [%d]
Unable to expand EncapsulationPath [%d]
Unable to initialize Cache [%d]
Unable to initialize DatabaseLogCacheEntry [%d]
Unable to initialize history [%d]
Unable to insert new process for logging
Unable to load the cache [%d]
Unable to open database [%d]
Unable to open database to check if logging is disabled [%d]
Unable to open database to check previous session details [%d]
Unable to open database to save cache [%d]
Unable to open encapsulation database [%d]
Unable to open encapsulation DB [%d]
Unable to open main database
Unable to open main database %S
Unable to parse executable path for "%ws"
Unable to prepare cache [%d]
Unable to remove tracked process %d. Error: %d
Unable to retrieve arp attributes [%d]
Unable to retrieve previous session details [%d]
Unable to update history information [%d]
Unable to vacuum existing encapsulation DB [%d]
Unable to verify MS certificate on the cab file %d
Unable to write cache item [%d]
Undefined
Undetected installer
UndetectedInstaller
UndetectedInstaller_Create
UndetectedInstaller_Detect
UndetectedInstaller_Resolve
UndetectedInstallerIsImageInProgramFiles
UndetectedInstallerIsPathInteresting
UndetectedInstallerParseLuafvEvent
UndetectedInstallerProcessLuafvEvent
Unexpected hash length.
Unexpected LoggingType %d
Unexpected sqlite step result [%d]
Unexpected value type 0x%x for key
Unhandled ASL_FILE_KIND: %d
Unhandled ASL_FILE_KIND_DETAIL: %d
UnhandledException
UnhandledException_Create
UnhandledException_Resolve
UnhandledExceptionFilter
UNINITIALIZED
Uninstaller
UninstallFailed
UninstallFailure
UninstallFailure_Create
UninstallFailure_Resolve
UninstallFailureDetection
UninstallString
Unknown
UNKNOWN
Unknown attribute index: %d
Unknown client
Unknown FailureReason from loader event [%d]
Unknown file encoding
Unknown match mode 0x%lx
Unknown registry value data type
Unknown registry value type
UNKNOWN_VALUE_%I64u
UnmapViewOfFile
UnregisterWait
Unsigned driver (x64) installed
Unspecified
Unsupported character in command line
Unsupported character in layer name
UPDATE ProgramFileHistory SET LastProcessId = %lu, LastSeen = datetime('now') WHERE ProgramId = '%S' AND FileId = '%S';
UPDATE ProgramFileHistory SET TotalRegistryEventCount = %llu, TotalFileEventCount = %llu, LastProcessId = %lu WHERE ProgramId = '%S' AND FileId = '%S';
Updated store permissions
Upgrade
UpgradeCompatibility and PendingNotifications registry key not present. Disabling monitor.
UPPeriodMS
UrlGetPartW
UseFileOutputter
UseOneSettings
User ARP changed
User callback exception
User Loader
USER32.dll
User-Agent: CloudSdb
UserArpWithInstaller
UserArpWithoutInstaller
USERENV.dll
USERPROFILE
Using default OneSettings server: %ls
Using override OneSettings server: %ls
USVWATAUAVAWH
USVWAUAVAWH
USVWAVH
UTC provider not registered
UtcEvents
UtcEvents_InstallerComplete
UtcEvents_TelemetryComplete
UtcEventsp_EncodeProgramInfo
UtcThrottle aborted output
UtcThrottle::Initialize
UtcThrottle::Initialize failed: [%d]
UtcThrottle::InitializeSecurityDesc
UtcThrottle::Throttle
UuidCreate
UVATAVAWH
UVATH
UVAVH
UVWATAUAVAWH
UVWATAVH
UVWATAWH
UVWAVAWH
UWATAUAVH
UWATAUAWH
UWATAVAWH
UWAUAVAWH
UWAVH
UWAWH
uzH9A
v%hd.%hd
v19uHu,M
VACUUM;
Value length %d too long for key
VarFileInfo
VATAUAVAWH
VAVAWH
Vdf_Create
Vdf_Detect
Vdf_Resolve
vector<T> too long
VendorName
VerifyVersionInfoW
Verkt
Verktygsf
VerLanguage
VerQueryValueW
VerSetConditionMask
Version
Version block has bad size
Version block invalid
Version block out of range
Version message box
VersionBlock is too long
VersionBlock not long enough
Video
videredistribuerbare
ViewFileOffset: %I64u
ViewFileSize  : %u
Virtual delete file
VirtualizeDeleteFile
VirtualizeDeleteFileLayer
VirtualStore
VistaRTM
VistaSetup
VistaSP1
VistaSP2
Volatile Environment
VS_VERSION_INFO
VtKH;
VWATAUAVH
VWATAUAWH
VWATAVAWH
VWAUAVAWH
VWAVH
VWAWH
w&H9Q
w4H9Q
-wait
Wait failed [%d]
WaitForMultipleObjects
WaitForMultipleObjects failed [%d]
WaitForSingleObject
WaitForSingleObject - some other error
WaitForSingleObject - unexpected wait result [%d]
WaitForSingleObject [%d]
WaitForSingleObject for SaveCache failed [%d]
WaitForSingleObjectEx
WaitForThreadpoolTimerCallbacks
WaitForThreadpoolWaitCallbacks
WaitForThreadpoolWorkCallbacks
Waiting for job thread to end: %d
WakeAllConditionVariable
Warning. Unable to execute session details command [%d]
Washington1
WATAUAVAWH
WATAVH
WATAWH
WAVAWH
wcscat_s
wcschr
wcscmp
wcscpy_s
wcscpy_s failed
wcsncmp
wcsncpy_s
wcsrchr
wcsspn
wcsstr
wcstoul
WicaPostInstall
WicaPostInstall_ArpChanged
WicaPostInstall_ServiceInitialized
WicaPostInstall_SessionLogin
WicaPostInstallInitialized
WicaPostInstallInitialized %d
WicaPostInstallp_CreateSentinelFile
WicaPostInstallp_CreateSentinelFile Failed [%d]
WicaPostInstallp_GetNTFSFileID
WicaPostInstallp_PopulateExeInfo
WicaPostInstallp_PopulateExeInfo Failed [%d]
WicaPostInstallp_RemoveNotificationsForExe
WicaPostInstallp_RemoveNotificationsForExe Failed [%d]
WicaPostInstallp_SessionChangeWorkerThread
WicaPostInstallp_SetInitialized
WicaPostInstallp_SetInitialized Failed [%d]
WicaPostInstallp_SetupNotifications
WicaPostInstallp_SetupNotifications Failed [%d]
WicaPostInstallp_ShowApphelps
WicaPostInstallp_ShowApphelps Failed [%d]
WicaPostInstallp_WorkerThread
WicaPostUpgrade
WilError_03
wilResult
WilStaging_02
WIN16
Win2000
WIN32
Win32 exception
Win7RTM
Win8RTM
Win95
Win98
WinBlueRTM
WinDir=
windows
windows blue
windows eight
windows seven
windows threshold
windows vista
Windows.Internal.Security.WebAuthentication.AuthenticationManager
Windows.Security.Authentication.OnlineId.OnlineIdServiceTicketRequest
Windows::Compat::Database::Internal::CloseDatabase
Windows::Compat::Database::Internal::FinalizeStatement
Windows::Compat::Database::SqliteDatabase::ExecuteNonQuery
Windows::Compat::Database::SqliteDatabase::ExecuteQuery
Windows::Compat::Database::SqliteDatabase::GetDatabaseSize
Windows::Compat::Encapsulation::DatabaseLogCache::CompressCache
Windows::Compat::Encapsulation::DatabaseLogCache::DeleteCacheTables
Windows::Compat::Encapsulation::DatabaseLogCache::GetCacheEntry
Windows::Compat::Encapsulation::DatabaseLogCache::GetPreviousSessionDetails
Windows::Compat::Encapsulation::DatabaseLogCache::Initialize
Windows::Compat::Encapsulation::DatabaseLogCache::IsLoggingDisabled
Windows::Compat::Encapsulation::DatabaseLogCacheEntry::~DatabaseLogCacheEntry
Windows::Compat::Encapsulation::DatabaseLogCacheEntry::CompleteHistory
Windows::Compat::Encapsulation::DatabaseLogCacheEntry::CreateProgramIdFileIdTable
Windows::Compat::Encapsulation::DatabaseLogCacheEntry::Initialize
Windows::Compat::Encapsulation::DatabaseLogCacheEntry::InitializeHistory
Windows::Compat::Encapsulation::DatabaseLogCacheEntry::LoadCache
Windows::Compat::Encapsulation::DatabaseLogCacheEntry::PrepareCache
Windows::Compat::Encapsulation::DatabaseLogCacheEntry::SaveCache
Windows::Compat::Encapsulation::DatabaseLogCacheEntry::WriteCacheItem
Windows::Compat::Encapsulation::FileOutputter::FileOutputter
Windows::Compat::Encapsulation::FileOutputter::Output
Windows::Compat::Encapsulation::LoggedExe::AddFileOperation
Windows::Compat::Encapsulation::LoggedExe::AddRegistryOperation
Windows::Compat::Encapsulation::LoggedExe::CreateLoggedExe
Windows::Compat::Encapsulation::LoggingProcessor::~LoggingProcessor
Windows::Compat::Encapsulation::LoggingProcessor::LoggingProcessor
Windows::Compat::Encapsulation::LoggingProcessor::ProcessItems
Windows::Compat::Encapsulation::LoggingSettings::GetOneSettingsServer
Windows::Compat::Encapsulation::LoggingSettings::QueryOneSettings
Windows::Compat::Encapsulation::PcaLoggerEvents::AddObjectItemByTimestamp
Windows::Compat::Encapsulation::PcaLoggerProcess::Initialize
Windows::Compat::Encapsulation::ProcessingThreadProc
Windows::Compat::Encapsulation::SaveCacheThreadProc
Windows::Compat::Encapsulation::UtcOutputter::Output
Windows::Compat::Encapsulation::UtcOutputter::UtcOutputter
WindowsCreateString
WindowsCreateStringReference
WindowsDeleteString
WindowsFlightingSettings
WindowsGetStringRawBuffer
WINHTTP.dll
WinHttpAddRequestHeaders
WinHttpCloseHandle
WinHttpConnect
WinHttpCrackUrl
WinHttpGetDefaultProxyConfiguration
WinHttpGetIEProxyConfigForCurrentUser
WinHttpGetProxyForUrl
WinHttpOpen
WinHttpOpenRequest
WinHttpQueryAuthSchemes
WinHttpQueryDataAvailable
WinHttpQueryHeaders
WinHttpReadData
WinHttpReceiveResponse
WinHttpSendRequest
WinHttpSetCredentials
WinHttpSetOption
winsqlite3.dll
WinSqmIsOptedInEx
WinSrv03Sp1
WinSrv08SP1
WINTRUST.dll
wintrust.dll
WinVerifyTrust
WinVerifyTrust returned an error verifying for [%ws] %x
WinXP
WinXPSp1
WinXPSp2
WinXPSp3
WMINU
wmvcore2.dll
wn>Jj
Worker thread created. Service initialized.
wow6432
wPtE;
WriteFile
WritePermissionsCheck
WriteProcessMemory
WriteSize and DownloadSize don't match %d %d
Wrong event descriptor Id
Wrong pnp event action: %d
Wrong version
WRP file event
WRP registry event
WrpKeyMitigation
WrpKeyMitigation_Create
WrpKeyMitigation_Resolve
WrpMitigation
WRPMitigation
WrpMitigation_Create
WrpMitigation_Resolve
WTGetSignatureInfo
WTGetSignatureInfo failed [%x]
WTHelperGetProvSignerFromChain
WTHelperGetProvSignerFromChain failed to return provider signer %x
WTHelperProvDataFromStateData
WTHelperProvDataFromStateData failed to return provider data %x
WTSEnumerateSessionsW
WTSFreeMemory
WTSGetActiveConsoleSessionId
WTSQueryUserToken
x ATAVAWH
x AUAVAWH
x AVH
x UATAUAVAWH
x UAUAWH
x UAVAWH
x.D9t$hA
x69t$Ht`H
XA_A^A]A\_^[]
y)!\$ H
Y*30T
ylinje
You must be logged on as Administrator/System [%d]
z.9Wv
zDeprecatedDll_Create
ZERO_BYTE
zf9E8u2
znovu roz
ZwClose
ZwClose failed [%x]
ZwCreateFile
ZwCreateKey
ZwCreateSection
ZwCreateSection failed [%x]
ZwEnumerateKey
ZwMapViewOfSection
ZwMapViewOfSection failed to map the end of the file [%x]
ZwMapViewOfSection failed to map the start of the file [%x]
ZwOpenFile
ZwOpenKey
ZwQueryDirectoryFile
ZwQueryInformationFile
ZwQueryInformationProcess
ZwQuerySystemInformation
ZwQuerySystemInformation failed [%x]
ZwQueryValueKey
ZwSetInformationProcess
ZwUnmapViewOfSection
